<?xml version="1.0" encoding="utf-8"?><testsuites name="pytest tests"><testsuite name="pytest" errors="0" failures="0" skipped="0" tests="2" time="3.247" timestamp="2026-08-21T23:34:43.560086+00:00" hostname="agent-env-fe9c72a9-12c7-48bd-96d7-9b73e074fc25"><testcase classname="tests.test_fork_p5_superviseur_doctors" name="test_superviseur_sees_doctors_of_same_client" time="3.118" /><testcase classname="tests.test_fork_p5_superviseur_doctors" name="test_superviseur_does_not_see_doctors_of_other_client" time="0.060" /></testsuite></testsuites>