<?xml version="1.0" encoding="utf-8"?><testsuites name="pytest tests"><testsuite name="pytest" errors="0" failures="1" skipped="0" tests="7" time="2.056" timestamp="2026-08-10T19:47:24.619672+00:00" hostname="agent-env-fe9c72a9-12c7-48bd-96d7-9b73e074fc25"><testcase classname="backend.tests.test_fork_p2_p3_extra" name="test_walkin_forbidden_for_random_tracked_role" time="0.939" /><testcase classname="backend.tests.test_fork_p2_p3_extra" name="test_can_create_automation_on_user_login" time="0.004"><failure message="AssertionError: Create automation failed: 422 {&quot;detail&quot;:[{&quot;type&quot;:&quot;missing&quot;,&quot;loc&quot;:[&quot;body&quot;,&quot;title&quot;],&quot;msg&quot;:&quot;Field required&quot;,&quot;input&quot;:{&quot;name&quot;:&quot;TEST login auto 35ea3a&quot;,&quot;event&quot;:&quot;user.login&quot;,&quot;action&quot;:&quot;noop&quot;,&quot;enabled&quot;:false,&quot;config&quot;:{}},&quot;url&quot;:&quot;https://errors.pydantic.dev/2.12/v/missing&quot;},{&quot;type&quot;:&quot;missing&quot;,&quot;loc&quot;:[&quot;body&quot;,&quot;template_name&quot;],&quot;msg&quot;:&quot;Field required&quot;,&quot;input&quot;:{&quot;name&quot;:&quot;TEST login auto 35ea3a&quot;,&quot;event&quot;:&quot;user.login&quot;,&quot;action&quot;:&quot;noop&quot;,&quot;enabled&quot;:false,&quot;config&quot;:{}},&quot;url&quot;:&quot;https://errors.pydantic.dev/2.12/v/missing&quot;}]}&#10;assert 422 in (200, 201)&#10; +  where 422 = &lt;Response [422]&gt;.status_code">backend/tests/test_fork_p2_p3_extra.py:97: in test_can_create_automation_on_user_login
    assert r.status_code in (200, 201), f"Create automation failed: {r.status_code} {r.text}"
E   AssertionError: Create automation failed: 422 {"detail":[{"type":"missing","loc":["body","title"],"msg":"Field required","input":{"name":"TEST login auto 35ea3a","event":"user.login","action":"noop","enabled":false,"config":{}},"url":"https://errors.pydantic.dev/2.12/v/missing"},{"type":"missing","loc":["body","template_name"],"msg":"Field required","input":{"name":"TEST login auto 35ea3a","event":"user.login","action":"noop","enabled":false,"config":{}},"url":"https://errors.pydantic.dev/2.12/v/missing"}]}
E   assert 422 in (200, 201)
E    +  where 422 = &lt;Response [422]&gt;.status_code</failure></testcase><testcase classname="backend.tests.test_fork_p2_p3_extra" name="test_events_endpoint_labels_and_descriptions" time="0.004" /><testcase classname="backend.tests.test_fork_p2_p3_extra" name="test_whatsapp_webhook_creates_reply_token_and_emits_event" time="0.050" /><testcase classname="backend.tests.test_fork_p2_p3_extra" name="test_me_features_regression_wa_sound_fields" time="0.003" /><testcase classname="backend.tests.test_fork_p2_p3_extra" name="test_notification_sounds_presets_alive" time="0.003" /><testcase classname="backend.tests.test_fork_p2_p3_extra" name="test_walkin_numero_ordre_increments" time="0.947" /></testsuite></testsuites>