<?xml version="1.0" encoding="utf-8"?><testsuites name="pytest tests"><testsuite name="pytest" errors="0" failures="0" skipped="0" tests="9" time="2.227" timestamp="2026-08-10T19:45:38.603819+00:00" hostname="agent-env-fe9c72a9-12c7-48bd-96d7-9b73e074fc25"><testcase classname="backend.tests.test_fork_p1_own_visibility" name="test_support_can_see_own_created_ticket" time="0.932" /><testcase classname="backend.tests.test_fork_p1_own_visibility" name="test_support_can_see_own_created_intervention" time="0.011" /><testcase classname="backend.tests.test_fork_p1_own_visibility" name="test_super_admin_still_sees_everything" time="0.006" /><testcase classname="backend.tests.test_fork_p2_walkin_secretaire" name="test_secretaire_can_create_walk_in" time="1.157" /><testcase classname="backend.tests.test_fork_p2_walkin_secretaire" name="test_secretaire_can_update_walk_in" time="0.006" /><testcase classname="backend.tests.test_fork_p2_walkin_secretaire" name="test_secretaire_can_delete_walk_in" time="0.010" /><testcase classname="backend.tests.test_fork_p2_walkin_secretaire" name="test_secretaire_refuses_unknown_medecin" time="0.004" /><testcase classname="backend.tests.test_fork_p2_walkin_secretaire" name="test_supported_automation_events_include_new_ones" time="0.003" /><testcase classname="backend.tests.test_fork_p2_walkin_secretaire" name="test_doctors_list_scoped_to_secretaire_client" time="0.004" /></testsuite></testsuites>