<?xml version="1.0" encoding="utf-8"?><testsuites name="pytest tests"><testsuite name="pytest" errors="0" failures="0" skipped="0" tests="2" time="11.666" timestamp="2026-06-03T04:03:07.979980+00:00" hostname="agent-env-fe9c72a9-12c7-48bd-96d7-9b73e074fc25"><testcase classname="tests.test_iter48_chat_with_image_http" name="test_chat_with_image_200" time="11.466" /><testcase classname="tests.test_iter48_chat_with_image_http" name="test_chat_with_image_403_when_not_image" time="0.132" /></testsuite></testsuites>