<?xml version="1.0" encoding="utf-8"?><testsuites name="pytest tests"><testsuite name="pytest" errors="0" failures="3" skipped="0" tests="18" time="5.489" timestamp="2026-07-18T02:42:45.761698+00:00" hostname="agent-env-fe9c72a9-12c7-48bd-96d7-9b73e074fc25"><testcase classname="backend.tests.test_iter43_fix24az_l_validation.TestCrossTenantLeak" name="test_tenant_A_does_not_see_B[/admin/documents-documents]" time="2.536" /><testcase classname="backend.tests.test_iter43_fix24az_l_validation.TestCrossTenantLeak" name="test_tenant_A_does_not_see_B[/admin/appointments-appointments]" time="0.085"><failure message="AssertionError: TENANT-A LEAK on /admin/appointments: sees 1 items tagged 'LEAK-TEST for SAWALI SMART SYSTEMS-Client': [{'id': 'e5e37340-b354-46d1-8dc9-ad9e66009f92', 'client_id': 'a9cbcf2a-5753-41db-8b69-6d35e411ce05', 'user_id': 'a9cbcf2a-5753-41db-8b69-6d35e411ce05', 'scheduled_at': '2026-07-18T02:16:03.332562+00:00', 'customer_name': 'CUSTOMER-SAWALI SMART SYSTEMS-Client', 'notes': 'LEAK-TEST for SAWALI SMART SYSTEMS-Client', 'status': 'scheduled'}]&#10;assert not [{'client_id': 'a9cbcf2a-5753-41db-8b69-6d35e411ce05', 'customer_name': 'CUSTOMER-SAWALI SMART SYSTEMS-Client', 'id': 'e5e37340-b354-46d1-8dc9-ad9e66009f92', 'notes': 'LEAK-TEST for SAWALI SMART SYSTEMS-Client', ...}]">backend/tests/test_iter43_fix24az_l_validation.py:107: in test_tenant_A_does_not_see_B
    assert not hits, f"TENANT-A LEAK on {endpoint}: sees {len(hits)} items tagged '{LEAK_B}': {hits[:2]}"
E   AssertionError: TENANT-A LEAK on /admin/appointments: sees 1 items tagged 'LEAK-TEST for SAWALI SMART SYSTEMS-Client': [{'id': 'e5e37340-b354-46d1-8dc9-ad9e66009f92', 'client_id': 'a9cbcf2a-5753-41db-8b69-6d35e411ce05', 'user_id': 'a9cbcf2a-5753-41db-8b69-6d35e411ce05', 'scheduled_at': '2026-07-18T02:16:03.332562+00:00', 'customer_name': 'CUSTOMER-SAWALI SMART SYSTEMS-Client', 'notes': 'LEAK-TEST for SAWALI SMART SYSTEMS-Client', 'status': 'scheduled'}]
E   assert not [{'client_id': 'a9cbcf2a-5753-41db-8b69-6d35e411ce05', 'customer_name': 'CUSTOMER-SAWALI SMART SYSTEMS-Client', 'id': 'e5e37340-b354-46d1-8dc9-ad9e66009f92', 'notes': 'LEAK-TEST for SAWALI SMART SYSTEMS-Client', ...}]</failure></testcase><testcase classname="backend.tests.test_iter43_fix24az_l_validation.TestCrossTenantLeak" name="test_tenant_A_does_not_see_B[/admin/interventions-interventions]" time="0.094" /><testcase classname="backend.tests.test_iter43_fix24az_l_validation.TestCrossTenantLeak" name="test_tenant_A_does_not_see_B[/me/notes/reports-notes_reports]" time="0.101" /><testcase classname="backend.tests.test_iter43_fix24az_l_validation.TestCrossTenantLeak" name="test_tenant_A_does_not_see_B[/me/notes/suivis-notes_suivis]" time="0.068" /><testcase classname="backend.tests.test_iter43_fix24az_l_validation.TestCrossTenantLeak" name="test_tenant_A_does_not_see_B[/me/notes/notes-notes_notes]" time="0.063" /><testcase classname="backend.tests.test_iter43_fix24az_l_validation.TestCrossTenantLeak" name="test_tenant_B_does_not_see_A[/admin/documents-documents]" time="0.067" /><testcase classname="backend.tests.test_iter43_fix24az_l_validation.TestCrossTenantLeak" name="test_tenant_B_does_not_see_A[/admin/appointments-appointments]" time="0.068"><failure message="AssertionError: TENANT-B LEAK on /admin/appointments: sees 1 items tagged 'LEAK-TEST for ISISPHARMA': [{'id': '24fd9774-39c6-4c0d-bf76-3c96ab9a5c85', 'client_id': '457ab801-b040-4ec6-95e1-2e6f212b1ce9', 'user_id': '457ab801-b040-4ec6-95e1-2e6f212b1ce9', 'scheduled_at': '2026-07-18T02:16:03.332562+00:00', 'customer_name': 'CUSTOMER-ISISPHARMA', 'notes': 'LEAK-TEST for ISISPHARMA', 'status': 'scheduled'}]&#10;assert not [{'client_id': '457ab801-b040-4ec6-95e1-2e6f212b1ce9', 'customer_name': 'CUSTOMER-ISISPHARMA', 'id': '24fd9774-39c6-4c0d-bf76-3c96ab9a5c85', 'notes': 'LEAK-TEST for ISISPHARMA', ...}]">backend/tests/test_iter43_fix24az_l_validation.py:115: in test_tenant_B_does_not_see_A
    assert not hits, f"TENANT-B LEAK on {endpoint}: sees {len(hits)} items tagged '{LEAK_A}': {hits[:2]}"
E   AssertionError: TENANT-B LEAK on /admin/appointments: sees 1 items tagged 'LEAK-TEST for ISISPHARMA': [{'id': '24fd9774-39c6-4c0d-bf76-3c96ab9a5c85', 'client_id': '457ab801-b040-4ec6-95e1-2e6f212b1ce9', 'user_id': '457ab801-b040-4ec6-95e1-2e6f212b1ce9', 'scheduled_at': '2026-07-18T02:16:03.332562+00:00', 'customer_name': 'CUSTOMER-ISISPHARMA', 'notes': 'LEAK-TEST for ISISPHARMA', 'status': 'scheduled'}]
E   assert not [{'client_id': '457ab801-b040-4ec6-95e1-2e6f212b1ce9', 'customer_name': 'CUSTOMER-ISISPHARMA', 'id': '24fd9774-39c6-4c0d-bf76-3c96ab9a5c85', 'notes': 'LEAK-TEST for ISISPHARMA', ...}]</failure></testcase><testcase classname="backend.tests.test_iter43_fix24az_l_validation.TestCrossTenantLeak" name="test_tenant_B_does_not_see_A[/admin/interventions-interventions]" time="0.074" /><testcase classname="backend.tests.test_iter43_fix24az_l_validation.TestCrossTenantLeak" name="test_tenant_B_does_not_see_A[/me/notes/reports-notes_reports]" time="0.110" /><testcase classname="backend.tests.test_iter43_fix24az_l_validation.TestCrossTenantLeak" name="test_tenant_B_does_not_see_A[/me/notes/suivis-notes_suivis]" time="0.101" /><testcase classname="backend.tests.test_iter43_fix24az_l_validation.TestCrossTenantLeak" name="test_tenant_B_does_not_see_A[/me/notes/notes-notes_notes]" time="0.069" /><testcase classname="backend.tests.test_iter43_fix24az_l_validation.TestCrossTenantLeak" name="test_super_admin_sees_both" time="0.538" /><testcase classname="backend.tests.test_iter43_fix24az_l_validation.TestRecipeDuplicate" name="test_duplicate_clears_dosage_and_appends_copie" time="0.219"><failure message="AssertionError: expected '(copie 2)', got Gel Hydro Douceur (copie)&#10;assert False&#10; +  where False = &lt;built-in method endswith of str object at 0xf95f0373dd90&gt;('(copie 2)')&#10; +    where &lt;built-in method endswith of str object at 0xf95f0373dd90&gt; = 'Gel Hydro Douceur (copie)'.endswith">backend/tests/test_iter43_fix24az_l_validation.py:156: in test_duplicate_clears_dosage_and_appends_copie
    assert d2["name"].endswith("(copie 2)"), f"expected '(copie 2)', got {d2['name']}"
E   AssertionError: expected '(copie 2)', got Gel Hydro Douceur (copie)
E   assert False
E    +  where False = &lt;built-in method endswith of str object at 0xf95f0373dd90&gt;('(copie 2)')
E    +    where &lt;built-in method endswith of str object at 0xf95f0373dd90&gt; = 'Gel Hydro Douceur (copie)'.endswith</failure></testcase><testcase classname="backend.tests.test_iter43_fix24az_l_validation.TestRecipeUniqueness" name="test_create_duplicate_returns_409" time="0.140" /><testcase classname="backend.tests.test_iter43_fix24az_l_validation.TestDosageCostModel" name="test_packaging_and_other_are_fixed" time="0.682" /><testcase classname="backend.tests.test_iter43_fix24az_l_validation.TestTikTokPrivacyToggle" name="test_default_self_only" time="0.131" /><testcase classname="backend.tests.test_iter43_fix24az_l_validation.TestTikTokPrivacyToggle" name="test_put_and_get_public" time="0.211" /></testsuite></testsuites>