<?xml version="1.0" encoding="utf-8"?><testsuites name="pytest tests"><testsuite name="pytest" errors="0" failures="0" skipped="0" tests="14" time="0.685" timestamp="2026-05-30T22:46:50.150201+00:00" hostname="agent-env-fe9c72a9-12c7-48bd-96d7-9b73e074fc25"><testcase classname="backend.tests.test_iter38r_fix9o_tickets_bubble" name="test_intervention_reasons_returns_defaults" time="0.236" /><testcase classname="backend.tests.test_iter38r_fix9o_tickets_bubble" name="test_quick_ticket_requires_client_id" time="0.003" /><testcase classname="backend.tests.test_iter38r_fix9o_tickets_bubble" name="test_quick_ticket_requires_reason" time="0.005" /><testcase classname="backend.tests.test_iter38r_fix9o_tickets_bubble" name="test_quick_ticket_creates_contact_and_ticket" time="0.012" /><testcase classname="backend.tests.test_iter38r_fix9o_tickets_bubble" name="test_quick_ticket_reuses_existing_contact" time="0.006" /><testcase classname="backend.tests.test_iter38r_fix9o_tickets_bubble" name="test_client_features_update_accepts_tickets_bubble" time="0.006" /><testcase classname="backend.tests.test_iter38r_fix9o_tickets_bubble" name="test_wa_otp_request_validates_msisdn" time="0.003" /><testcase classname="backend.tests.test_iter38r_fix9o_tickets_bubble" name="test_wa_otp_request_needs_wa_config" time="0.004" /><testcase classname="backend.tests.test_iter38r_fix9o_tickets_bubble" name="test_wa_otp_verify_rejects_bad_code" time="0.005" /><testcase classname="backend.tests.test_iter38r_fix9o_tickets_bubble" name="test_wa_otp_verify_expired" time="0.004" /><testcase classname="backend.tests.test_iter38r_fix9o_tickets_bubble" name="test_wa_otp_verify_success_creates_demo_user" time="0.231" /><testcase classname="backend.tests.test_iter38r_fix9o_tickets_bubble" name="test_admin_wa_demo_recent_endpoint" time="0.006" /><testcase classname="backend.tests.test_iter38r_fix9o_tickets_bubble" name="test_welcome_briefing_includes_wa_demo" time="0.015" /><testcase classname="backend.tests.test_iter38r_fix9o_tickets_bubble" name="test_admin_wa_demo_mark_seen" time="0.005" /></testsuite></testsuites>