<?xml version="1.0" encoding="utf-8"?><testsuites name="pytest tests"><testsuite name="pytest" errors="0" failures="0" skipped="0" tests="9" time="2.580" timestamp="2026-06-12T00:29:49.236712+00:00" hostname="agent-env-fe9c72a9-12c7-48bd-96d7-9b73e074fc25"><testcase classname="backend.tests.test_iter43_bulk_and_migration" name="test_errors_ingest_flat_format" time="1.097" /><testcase classname="backend.tests.test_iter43_bulk_and_migration" name="test_errors_ingest_aizenta_wrapper" time="0.068" /><testcase classname="backend.tests.test_iter43_bulk_and_migration" name="test_errors_ingest_biolog_wrapper" time="0.284" /><testcase classname="backend.tests.test_iter43_bulk_and_migration" name="test_errors_bulk_delete_admin" time="0.290" /><testcase classname="backend.tests.test_iter43_bulk_and_migration" name="test_errors_bulk_delete_client_blocked" time="0.136" /><testcase classname="backend.tests.test_iter43_bulk_and_migration" name="test_errors_reset_all" time="0.184" /><testcase classname="backend.tests.test_iter43_bulk_and_migration" name="test_tickets_bulk_delete_admin" time="0.075" /><testcase classname="backend.tests.test_iter43_bulk_and_migration" name="test_tickets_bulk_delete_client_blocked" time="0.084" /><testcase classname="backend.tests.test_iter43_bulk_and_migration" name="test_migrate_tickets_to_error_registry" time="0.155" /></testsuite></testsuites>