<?xml version="1.0" encoding="utf-8"?><testsuites name="pytest tests"><testsuite name="pytest" errors="0" failures="0" skipped="0" tests="22" time="2.588" timestamp="2026-07-21T21:11:46.585039+00:00" hostname="agent-env-fe9c72a9-12c7-48bd-96d7-9b73e074fc25"><testcase classname="tests.test_iter43_fix24az_r_tracked_user_and_assist_group" name="test_create_tracked_user_with_empty_string_email_fails_gracefully" time="0.745" /><testcase classname="tests.test_iter43_fix24az_r_tracked_user_and_assist_group" name="test_create_tracked_user_with_null_email_succeeds" time="0.295" /><testcase classname="tests.test_iter43_fix24az_r_tracked_user_and_assist_group" name="test_create_tracked_user_medecin_role_accepted" time="0.065" /><testcase classname="tests.test_iter43_fix24az_r_tracked_user_and_assist_group" name="test_list_planning_includes_assist_group_field" time="0.070" /><testcase classname="tests.test_iter43_fix24az_r_tracked_user_and_assist_group" name="test_set_assist_group_persists" time="0.076" /><testcase classname="tests.test_iter43_fix24az_r_tracked_user_and_assist_group" name="test_reject_assist_equals_standard" time="0.068" /><testcase classname="tests.test_iter43_fix24az_r_tracked_user_and_assist_group" name="test_clear_assist_group" time="0.144" /><testcase classname="tests.test_iter43_fix24az_r_tracked_user_and_assist_group" name="test_reject_missing_both_fields" time="0.061" /><testcase classname="tests.test_iter43_fix24az_r_tracked_user_and_assist_group" name="test_public_current_exposes_assist_officines" time="0.057" /><testcase classname="tests.test_iter43_fix24az_r_tracked_user_and_assist_group" name="test_public_current_returns_assist_officines_when_configured" time="0.146" /><testcase classname="tests.test_iter43_fix24az_t_deployment_fingerprint" name="test_version_detail_exposes_new_fields" time="0.069" /><testcase classname="tests.test_iter43_fix24az_t_deployment_fingerprint" name="test_fingerprint_priority_order" time="0.082" /><testcase classname="tests.test_iter43_fix24az_t_deployment_fingerprint" name="test_files_hash_includes_routes_directory" time="0.108" /><testcase classname="tests.test_iter43_fix24az_t_deployment_fingerprint" name="test_deployment_bump_is_idempotent" time="0.131" /><testcase classname="tests.test_iter43_fix24az_t_deployment_fingerprint" name="test_fingerprint_covers_multiple_files" time="0.001" /><testcase classname="tests.test_iter43_fix24az_v_wa_text_truncation" name="test_split_short_text_returns_single_chunk" time="0.000" /><testcase classname="tests.test_iter43_fix24az_v_wa_text_truncation" name="test_split_respects_explicit_hint" time="0.000" /><testcase classname="tests.test_iter43_fix24az_v_wa_text_truncation" name="test_split_at_paragraph_boundaries" time="0.000" /><testcase classname="tests.test_iter43_fix24az_v_wa_text_truncation" name="test_split_hard_cut_when_no_boundary" time="0.000" /><testcase classname="tests.test_iter43_fix24az_v_wa_text_truncation" name="test_split_preserves_content" time="0.000" /><testcase classname="tests.test_iter43_fix24az_v_wa_text_truncation" name="test_build_garde_reply_uses_split_hint_between_main_and_assist" time="0.181" /><testcase classname="tests.test_iter43_fix24az_v_wa_text_truncation" name="test_build_garde_reply_appends_site_link_when_officines_exceed_budget" time="0.028" /></testsuite></testsuites>