<?xml version="1.0" encoding="utf-8"?><testsuites name="pytest tests"><testsuite name="pytest" errors="0" failures="2" skipped="0" tests="12" time="3.711" timestamp="2026-06-12T17:40:03.980501+00:00" hostname="agent-env-fe9c72a9-12c7-48bd-96d7-9b73e074fc25"><testcase classname="backend.tests.test_iter43_fix6_invoice_payment_tracking" name="test_put_404_when_unknown" time="0.610" /><testcase classname="backend.tests.test_iter43_fix6_invoice_payment_tracking" name="test_put_400_when_no_change" time="0.404" /><testcase classname="backend.tests.test_iter43_fix6_invoice_payment_tracking" name="test_put_400_invalid_deposited_at" time="0.175" /><testcase classname="backend.tests.test_iter43_fix6_invoice_payment_tracking" name="test_put_400_due_days_out_of_range" time="0.281" /><testcase classname="backend.tests.test_iter43_fix6_invoice_payment_tracking" name="test_put_accepts_deposited_and_due_days_and_persists" time="0.185" /><testcase classname="backend.tests.test_iter43_fix6_invoice_payment_tracking" name="test_put_clear_deposited" time="0.279"><failure message="AssertionError: Internal Server Error&#10;assert 500 == 200&#10; +  where 500 = &lt;Response [500]&gt;.status_code">backend/tests/test_iter43_fix6_invoice_payment_tracking.py:197: in test_put_clear_deposited
    assert r.status_code == 200, r.text
E   AssertionError: Internal Server Error
E   assert 500 == 200
E    +  where 500 = &lt;Response [500]&gt;.status_code</failure></testcase><testcase classname="backend.tests.test_iter43_fix6_invoice_payment_tracking" name="test_put_clear_paid" time="0.333"><failure message="AssertionError: Internal Server Error&#10;assert 500 == 200&#10; +  where 500 = &lt;Response [500]&gt;.status_code">backend/tests/test_iter43_fix6_invoice_payment_tracking.py:220: in test_put_clear_paid
    assert r.status_code == 200, r.text
E   AssertionError: Internal Server Error
E   assert 500 == 200
E    +  where 500 = &lt;Response [500]&gt;.status_code</failure></testcase><testcase classname="backend.tests.test_iter43_fix6_invoice_payment_tracking" name="test_put_paid_sets_payment_status_paid" time="0.187" /><testcase classname="backend.tests.test_iter43_fix6_invoice_payment_tracking" name="test_get_list_includes_payment_fields_fresh_invoice" time="0.161" /><testcase classname="backend.tests.test_iter43_fix6_invoice_payment_tracking" name="test_get_list_overdue_calculated" time="0.241" /><testcase classname="backend.tests.test_iter43_fix6_invoice_payment_tracking" name="test_pdf_renders_with_deposited_and_paid" time="0.335" /><testcase classname="backend.tests.test_iter43_fix6_invoice_payment_tracking" name="test_pdf_renders_overdue_state" time="0.267" /></testsuite></testsuites>