<?xml version="1.0" encoding="utf-8"?><testsuites name="pytest tests"><testsuite name="pytest" errors="0" failures="0" skipped="0" tests="10" time="1.513" timestamp="2026-06-12T17:40:35.807219+00:00" hostname="agent-env-fe9c72a9-12c7-48bd-96d7-9b73e074fc25"><testcase classname="backend.tests.test_iter56_intervention_invoicing" name="test_post_invoice_client_role_forbidden" time="0.182" /><testcase classname="backend.tests.test_iter56_intervention_invoicing" name="test_post_invoice_empty_list_400" time="0.074" /><testcase classname="backend.tests.test_iter56_intervention_invoicing" name="test_post_invoice_all_already_invoiced_409" time="0.079" /><testcase classname="backend.tests.test_iter56_intervention_invoicing" name="test_post_invoice_groups_by_tenant_and_marks" time="0.084" /><testcase classname="backend.tests.test_iter56_intervention_invoicing" name="test_get_list_admin_sees_all_and_client_only_own" time="0.240" /><testcase classname="backend.tests.test_iter56_intervention_invoicing" name="test_get_pdf_admin_and_404_and_403" time="0.317" /><testcase classname="backend.tests.test_iter56_intervention_invoicing" name="test_admin_update_intervention_ok" time="0.081" /><testcase classname="backend.tests.test_iter56_intervention_invoicing" name="test_admin_update_intervention_invoiced_returns_409" time="0.076" /><testcase classname="backend.tests.test_iter56_intervention_invoicing" name="test_admin_unlock_intervention" time="0.100" /><testcase classname="backend.tests.test_iter56_intervention_invoicing" name="test_admin_unlock_intervention_404" time="0.077" /></testsuite></testsuites>