<?xml version="1.0" encoding="utf-8"?><testsuites name="pytest tests"><testsuite name="pytest" errors="0" failures="0" skipped="1" tests="33" time="6.443" timestamp="2026-06-26T22:27:19.452957+00:00" hostname="agent-env-fe9c72a9-12c7-48bd-96d7-9b73e074fc25"><testcase classname="tests.test_iter43_fix24at_vidal_favorites" name="test_favorites_full_lifecycle" time="0.307" /><testcase classname="tests.test_iter43_fix24at_vidal_favorites" name="test_favorites_requires_auth" time="0.007" /><testcase classname="tests.test_iter43_fix24at_vidal_favorites" name="test_favorites_validates_vidal_id" time="0.234" /><testcase classname="tests.test_iter43_fix24au_linkedin" name="test_linkedin_config_get_and_put_masks_secret" time="0.288" /><testcase classname="tests.test_iter43_fix24au_linkedin" name="test_linkedin_authorize_requires_credentials" time="0.238" /><testcase classname="tests.test_iter43_fix24au_linkedin" name="test_linkedin_authorize_returns_url_with_credentials" time="0.238" /><testcase classname="tests.test_iter43_fix24au_linkedin" name="test_linkedin_status_returns_disconnected_when_no_token" time="0.237" /><testcase classname="tests.test_iter43_fix24au_linkedin" name="test_linkedin_posts_requires_token" time="0.237" /><testcase classname="tests.test_iter43_fix24au_linkedin" name="test_linkedin_oauth_callback_rejects_missing_params" time="0.002" /><testcase classname="tests.test_iter43_fix24au_linkedin" name="test_linkedin_oauth_callback_rejects_invalid_state" time="0.003" /><testcase classname="tests.test_iter43_fix24au_linkedin" name="test_linkedin_endpoints_require_auth" time="0.013" /><testcase classname="tests.test_iter43_fix24av_linkedin_autopost" name="test_autopost_config_get_defaults" time="0.234" /><testcase classname="tests.test_iter43_fix24av_linkedin_autopost" name="test_autopost_config_put_validation" time="0.246" /><testcase classname="tests.test_iter43_fix24av_linkedin_autopost" name="test_autopost_config_persists" time="0.237" /><testcase classname="tests.test_iter43_fix24av_linkedin_autopost" name="test_autopost_publish_pending_requires_pending" time="0.236" /><testcase classname="tests.test_iter43_fix24av_linkedin_autopost" name="test_autopost_delete_pending" time="0.236" /><testcase classname="tests.test_iter43_fix24av_linkedin_autopost" name="test_autopost_tick_now_requires_enabled_and_connected" time="0.237" /><testcase classname="tests.test_iter43_fix24av_linkedin_autopost" name="test_autopost_endpoints_require_auth" time="0.013" /><testcase classname="tests.test_iter43_fix24av_linkedin_autopost" name="test_autopost_generate_draft_with_llm" time="0.000"><skipped type="pytest.skip" message="Set RUN_LLM_TESTS=1 to enable">/app/backend/tests/test_iter43_fix24av_linkedin_autopost.py:241: Set RUN_LLM_TESTS=1 to enable</skipped></testcase><testcase classname="tests.test_iter43_fix24aw_geocode" name="test_geocode_config_endpoint" time="0.235" /><testcase classname="tests.test_iter43_fix24aw_geocode" name="test_geocode_endpoints_require_auth" time="0.007" /><testcase classname="tests.test_iter43_fix24aw_geocode" name="test_geocode_batch_validation" time="0.234" /><testcase classname="tests.test_iter43_fix24aw_geocode" name="test_geocode_batch_with_unknown_id" time="0.234" /><testcase classname="tests.test_iter43_fix24aw_geocode" name="test_geocode_batch_real_pharmacy_via_nominatim" time="0.927" /><testcase classname="tests.test_iter43_fix24aw_geocode" name="test_geocode_batch_skips_when_gps_already_present" time="0.247" /><testcase classname="tests.test_iter43_fix24aw_geocode" name="test_geocode_unit_query_builder" time="0.206" /><testcase classname="tests.test_iter43_fix24ay_gcal_watch" name="test_watch_status_initial_inactive" time="0.237" /><testcase classname="tests.test_iter43_fix24ay_gcal_watch" name="test_watch_endpoints_require_admin" time="0.009" /><testcase classname="tests.test_iter43_fix24ay_gcal_watch" name="test_webhook_rejects_no_headers" time="0.003" /><testcase classname="tests.test_iter43_fix24ay_gcal_watch" name="test_webhook_rejects_invalid_channel" time="0.003" /><testcase classname="tests.test_iter43_fix24ay_gcal_watch" name="test_start_watch_fails_when_not_connected" time="0.236" /><testcase classname="tests.test_iter43_fix24ay_gcal_watch" name="test_sync_now_fails_when_not_connected" time="0.235" /><testcase classname="tests.test_iter43_fix24ay_gcal_watch" name="test_stop_watch_when_inactive" time="0.234" /></testsuite></testsuites>