<?xml version="1.0" encoding="utf-8"?><testsuites name="pytest tests"><testsuite name="pytest" errors="0" failures="3" skipped="1" tests="8" time="4.176" timestamp="2026-06-28T20:23:21.844728+00:00" hostname="agent-env-fe9c72a9-12c7-48bd-96d7-9b73e074fc25"><testcase classname="tests.test_iter73_garde_period_http" name="test_garde_current_default_includes_period_dates" time="0.527"><failure message="AssertionError: assert ('year' in {'cms_footer': '', 'cms_header': '', 'cms_image_caption': '', 'cms_image_url': '', ...} and 'week' in {'cms_footer': '', 'cms_header': '', 'cms_image_caption': '', 'cms_image_url': '', ...})">tests/test_iter73_garde_period_http.py:55: in test_garde_current_default_includes_period_dates
    assert "year" in data and "week" in data
E   AssertionError: assert ('year' in {'cms_footer': '', 'cms_header': '', 'cms_image_caption': '', 'cms_image_url': '', ...} and 'week' in {'cms_footer': '', 'cms_header': '', 'cms_image_caption': '', 'cms_image_url': '', ...})</failure></testcase><testcase classname="tests.test_iter73_garde_period_http" name="test_garde_current_legacy_mode_then_restore" time="1.449" /><testcase classname="tests.test_iter73_garde_period_http" name="test_reset_year_endpoint" time="0.470"><failure message="AssertionError: 422 {&quot;detail&quot;:[{&quot;type&quot;:&quot;int_parsing&quot;,&quot;loc&quot;:[&quot;path&quot;,&quot;year&quot;],&quot;msg&quot;:&quot;Input should be a valid integer, unable to parse string as an integer&quot;,&quot;input&quot;:&quot;year&quot;,&quot;url&quot;:&quot;https://errors.pydantic.dev/2.12/v/int_parsing&quot;}]}&#10;assert 422 == 200&#10; +  where 422 = &lt;Response [422]&gt;.status_code">tests/test_iter73_garde_period_http.py:116: in test_reset_year_endpoint
    assert r.status_code == 200, f"{r.status_code} {r.text}"
E   AssertionError: 422 {"detail":[{"type":"int_parsing","loc":["path","year"],"msg":"Input should be a valid integer, unable to parse string as an integer","input":"year","url":"https://errors.pydantic.dev/2.12/v/int_parsing"}]}
E   assert 422 == 200
E    +  where 422 = &lt;Response [422]&gt;.status_code</failure></testcase><testcase classname="tests.test_iter73_garde_period_http" name="test_reset_year_endpoint_requires_admin" time="0.168" /><testcase classname="tests.test_iter73_garde_period_http" name="test_delete_single_week_still_works" time="0.443" /><testcase classname="tests.test_iter73_garde_period_http" name="test_delete_empty_garde_group" time="0.412"><failure message="AssertionError: 400 {&quot;detail&quot;:&quot;group_number doit être entre 1 et 100&quot;}&#10;assert 400 in (200, 404)&#10; +  where 400 = &lt;Response [400]&gt;.status_code">tests/test_iter73_garde_period_http.py:155: in test_delete_empty_garde_group
    assert r.status_code in (200, 404), f"{r.status_code} {r.text}"
E   AssertionError: 400 {"detail":"group_number doit être entre 1 et 100"}
E   assert 400 in (200, 404)
E    +  where 400 = &lt;Response [400]&gt;.status_code</failure></testcase><testcase classname="tests.test_iter73_garde_period_http" name="test_delete_nonempty_garde_group_returns_409" time="0.446"><skipped type="pytest.skip" message="no officine has garde_group set">/app/backend/tests/test_iter73_garde_period_http.py:188: no officine has garde_group set</skipped></testcase><testcase classname="tests.test_iter73_garde_period_http" name="test_delete_nonempty_group_requires_admin" time="0.158" /></testsuite></testsuites>