<?xml version="1.0" encoding="utf-8"?><testsuites name="pytest tests"><testsuite name="pytest" errors="0" failures="0" skipped="0" tests="11" time="3.468" timestamp="2026-05-26T23:28:14.837821+00:00" hostname="agent-env-fe9c72a9-12c7-48bd-96d7-9b73e074fc25"><testcase classname="backend.tests.test_iter38c_expenses_matricule" name="test_employee_gets_auto_matricule" time="0.518" /><testcase classname="backend.tests.test_iter38c_expenses_matricule" name="test_matricule_increments_per_tenant" time="0.392" /><testcase classname="backend.tests.test_iter38c_expenses_matricule" name="test_backfill_matricules" time="0.085" /><testcase classname="backend.tests.test_iter38c_expenses_matricule" name="test_can_cash_can_create_expense" time="0.113" /><testcase classname="backend.tests.test_iter38c_expenses_matricule" name="test_admin_can_edit_and_delete_only" time="0.521" /><testcase classname="backend.tests.test_iter38c_expenses_matricule" name="test_justify_within_deadline_accepted" time="0.258" /><testcase classname="backend.tests.test_iter38c_expenses_matricule" name="test_justify_after_deadline_rejected" time="0.237" /><testcase classname="backend.tests.test_iter38c_expenses_matricule" name="test_deadline_zero_means_unlimited" time="0.198" /><testcase classname="backend.tests.test_iter38c_expenses_matricule" name="test_monthly_summary_and_tenant_isolation" time="0.296" /><testcase classname="backend.tests.test_iter38c_expenses_matricule" name="test_my_dashboard_card_counts_unjustified_and_late" time="0.243" /><testcase classname="backend.tests.test_iter38c_expenses_matricule" name="test_payslip_includes_late_expense_deduction" time="0.450" /></testsuite></testsuites>