<?xml version="1.0" encoding="utf-8"?><testsuites name="pytest tests"><testsuite name="pytest" errors="0" failures="0" skipped="0" tests="5" time="2.232" timestamp="2026-06-28T15:49:03.613656+00:00" hostname="agent-env-fe9c72a9-12c7-48bd-96d7-9b73e074fc25"><testcase classname="tests.test_iter72_garde_rotation_http" name="test_1a_garde_current_default_saturday_noon" time="1.215" /><testcase classname="tests.test_iter72_garde_rotation_http" name="test_1b_toggle_legacy_monday_midnight" time="0.173" /><testcase classname="tests.test_iter72_garde_rotation_http" name="test_1c_invalid_mode_rejected" time="0.163" /><testcase classname="tests.test_iter72_garde_rotation_http" name="test_1d_restore_default_changes_next_rotation" time="0.493" /><testcase classname="tests.test_iter72_garde_rotation_http" name="test_2a_contact_groups_list" time="0.102" /></testsuite></testsuites>