<?xml version="1.0" encoding="utf-8"?><testsuites name="pytest tests"><testsuite name="pytest" errors="0" failures="0" skipped="0" tests="17" time="2.439" timestamp="2026-06-13T13:38:28.891472+00:00" hostname="agent-env-fe9c72a9-12c7-48bd-96d7-9b73e074fc25"><testcase classname="backend.tests.test_iter43_fix9_officines_registry.TestCsvImport" name="test_400_missing_file" time="0.336" /><testcase classname="backend.tests.test_iter43_fix9_officines_registry.TestCsvImport" name="test_400_invalid_headers" time="0.111" /><testcase classname="backend.tests.test_iter43_fix9_officines_registry.TestCsvImport" name="test_400_invalid_encoding" time="0.102" /><testcase classname="backend.tests.test_iter43_fix9_officines_registry.TestCsvImport" name="test_import_valid_rows_and_skip_dup_and_empty" time="0.105" /><testcase classname="backend.tests.test_iter43_fix9_officines_registry.TestUpdateOfficine" name="test_404_unknown" time="0.120" /><testcase classname="backend.tests.test_iter43_fix9_officines_registry.TestUpdateOfficine" name="test_400_bad_lat" time="0.083" /><testcase classname="backend.tests.test_iter43_fix9_officines_registry.TestUpdateOfficine" name="test_400_no_valid_field" time="0.127" /><testcase classname="backend.tests.test_iter43_fix9_officines_registry.TestUpdateOfficine" name="test_full_update_persists" time="0.110" /><testcase classname="backend.tests.test_iter43_fix9_officines_registry.TestUploadLogo" name="test_404_unknown" time="0.077" /><testcase classname="backend.tests.test_iter43_fix9_officines_registry.TestUploadLogo" name="test_400_missing_file" time="0.099" /><testcase classname="backend.tests.test_iter43_fix9_officines_registry.TestUploadLogo" name="test_413_too_large" time="0.201" /><testcase classname="backend.tests.test_iter43_fix9_officines_registry.TestUploadLogo" name="test_400_bad_ext" time="0.096" /><testcase classname="backend.tests.test_iter43_fix9_officines_registry.TestUploadLogo" name="test_upload_ok_updates_logo_url_and_audit" time="0.107" /><testcase classname="backend.tests.test_iter43_fix9_officines_registry.TestImportToContacts" name="test_400_empty_list" time="0.086" /><testcase classname="backend.tests.test_iter43_fix9_officines_registry.TestImportToContacts" name="test_404_no_officines_found" time="0.114" /><testcase classname="backend.tests.test_iter43_fix9_officines_registry.TestImportToContacts" name="test_create_group_and_contacts" time="0.230" /><testcase classname="backend.tests.test_iter43_fix9_officines_registry.TestApproveActivatedAt" name="test_approve_sets_activated_fields" time="0.096" /></testsuite></testsuites>