<?xml version="1.0" encoding="utf-8"?><testsuites name="pytest tests"><testsuite name="pytest" errors="0" failures="0" skipped="0" tests="2" time="0.534" timestamp="2026-06-07T03:00:12.523772+00:00" hostname="agent-env-fe9c72a9-12c7-48bd-96d7-9b73e074fc25"><testcase classname="backend.tests.test_iter42d_extra" name="test_update_amm_normalizes_country_code" time="0.247" /><testcase classname="backend.tests.test_iter42d_extra" name="test_admin_clients_includes_business_roles" time="0.085" /></testsuite></testsuites>