<?xml version="1.0" encoding="utf-8"?><testsuites name="pytest tests"><testsuite name="pytest" errors="0" failures="1" skipped="0" tests="25" time="4.498" timestamp="2026-09-01T18:52:50.736988+00:00" hostname="agent-env-fe9c72a9-12c7-48bd-96d7-9b73e074fc25"><testcase classname="tests.test_iter108_s164_s158_s159.TestS164UiFlags" name="test_ui_flags_exposes_browser_notifications_enabled" time="0.508" /><testcase classname="tests.test_iter108_s164_s158_s159.TestS164UiFlags" name="test_toggle_flag_off_then_restore" time="0.795" /><testcase classname="tests.test_iter108_s164_s158_s159.TestS158BillingReminders" name="test_01_create_client_monthly_billing" time="0.374" /><testcase classname="tests.test_iter108_s164_s158_s159.TestS158BillingReminders" name="test_02_run_billing_reminders" time="0.030" /><testcase classname="tests.test_iter108_s164_s158_s159.TestS158BillingReminders" name="test_03_idempotent_second_run" time="0.066" /><testcase classname="tests.test_iter108_s164_s158_s159.TestS158BillingReminders" name="test_04_update_billing_period_persists" time="0.070" /><testcase classname="tests.test_iter108_s164_s158_s159.TestS158BillingReminders" name="test_99_cleanup" time="0.027" /><testcase classname="tests.test_iter108_s164_s158_s159.TestS159AutoSuspend" name="test_01_create_client_with_auto_suspend" time="0.333" /><testcase classname="tests.test_iter108_s164_s158_s159.TestS159AutoSuspend" name="test_02_login_works_before_suspension" time="0.326" /><testcase classname="tests.test_iter108_s164_s158_s159.TestS159AutoSuspend" name="test_03_run_overdue_suspends" time="0.070" /><testcase classname="tests.test_iter108_s164_s158_s159.TestS159AutoSuspend" name="test_04_login_blocked_403" time="0.323" /><testcase classname="tests.test_iter108_s164_s158_s159.TestS159AutoSuspend" name="test_05_payment_reactivates" time="0.070" /><testcase classname="tests.test_iter108_s164_s158_s159.TestS159AutoSuspend" name="test_06_login_works_after_reactivation" time="0.343" /><testcase classname="tests.test_iter108_s164_s158_s159.TestS159AutoSuspend" name="test_99_cleanup" time="0.065" /><testcase classname="tests.test_iter108_s164_s158_s159.TestS159SuspendGateIndependence" name="test_01_create_client_high_alert_low_suspend" time="0.336" /><testcase classname="tests.test_iter108_s164_s158_s159.TestS159SuspendGateIndependence" name="test_02_run_overdue_suspends_despite_high_alert_threshold" time="0.112" /><testcase classname="tests.test_iter108_s164_s158_s159.TestS159SuspendGateIndependence" name="test_99_cleanup" time="0.064" /><testcase classname="tests.test_iter108_s164_s158_s159.TestIter107Appointments" name="test_01_create_appointment_with_participants" time="0.076" /><testcase classname="tests.test_iter108_s164_s158_s159.TestIter107Appointments" name="test_02_appointment_fields_persist" time="0.030" /><testcase classname="tests.test_iter108_s164_s158_s159.TestIter107Appointments" name="test_03_gcal_sync_endpoint_requires_auth" time="0.074" /><testcase classname="tests.test_iter108_s164_s158_s159.TestIter107Appointments" name="test_04_gcal_sync_authenticated" time="0.027" /><testcase classname="tests.test_iter108_s164_s158_s159.TestIter107Appointments" name="test_05_participants_as_plain_strings_frontend_contract" time="0.024"><failure message="AssertionError: FRONTEND CONTRACT MISMATCH: participants as strings rejected -&gt; 422 {&quot;detail&quot;:[{&quot;type&quot;:&quot;dict_type&quot;,&quot;loc&quot;:[&quot;body&quot;,&quot;participants&quot;,0],&quot;msg&quot;:&quot;Input should be a valid dictionary&quot;,&quot;input&quot;:&quot;+22670000001&quot;,&quot;url&quot;:&quot;https://errors.pydantic.dev/2.12/v/dict_type&quot;},{&quot;type&quot;:&quot;dict_type&quot;,&quot;loc&quot;:[&quot;body&quot;,&quot;participants&quot;,1],&quot;msg&quot;:&quot;Input should be a valid dictionary&quot;,&quot;input&quot;:&quot;+22670000002&quot;,&quot;url&quot;:&quot;https://errors.pydantic.dev/2.12/v/dict_type&quot;}]}&#10;assert 422 in (200, 201)&#10; +  where 422 = &lt;Response [422]&gt;.status_code">tests/test_iter108_s164_s158_s159.py:366: in test_05_participants_as_plain_strings_frontend_contract
    assert r.status_code in (200, 201), (
E   AssertionError: FRONTEND CONTRACT MISMATCH: participants as strings rejected -&gt; 422 {"detail":[{"type":"dict_type","loc":["body","participants",0],"msg":"Input should be a valid dictionary","input":"+22670000001","url":"https://errors.pydantic.dev/2.12/v/dict_type"},{"type":"dict_type","loc":["body","participants",1],"msg":"Input should be a valid dictionary","input":"+22670000002","url":"https://errors.pydantic.dev/2.12/v/dict_type"}]}
E   assert 422 in (200, 201)
E    +  where 422 = &lt;Response [422]&gt;.status_code</failure></testcase><testcase classname="tests.test_iter108_s164_s158_s159.TestRegression" name="test_admin_me" time="0.031" /><testcase classname="tests.test_iter108_s164_s158_s159.TestRegression" name="test_admin_clients_list" time="0.042" /><testcase classname="tests.test_iter108_s164_s158_s159.TestRegression" name="test_endpoints_require_auth" time="0.142" /></testsuite></testsuites>