<?xml version="1.0" encoding="utf-8"?><testsuites name="pytest tests"><testsuite name="pytest" errors="0" failures="0" skipped="0" tests="22" time="4.636" timestamp="2026-06-12T17:41:09.558174+00:00" hostname="agent-env-fe9c72a9-12c7-48bd-96d7-9b73e074fc25"><testcase classname="backend.tests.test_iter43_fix6_invoice_payment_tracking" name="test_put_404_when_unknown" time="0.565" /><testcase classname="backend.tests.test_iter43_fix6_invoice_payment_tracking" name="test_put_400_when_no_change" time="0.365" /><testcase classname="backend.tests.test_iter43_fix6_invoice_payment_tracking" name="test_put_400_invalid_deposited_at" time="0.154" /><testcase classname="backend.tests.test_iter43_fix6_invoice_payment_tracking" name="test_put_400_due_days_out_of_range" time="0.249" /><testcase classname="backend.tests.test_iter43_fix6_invoice_payment_tracking" name="test_put_accepts_deposited_and_due_days_and_persists" time="0.151" /><testcase classname="backend.tests.test_iter43_fix6_invoice_payment_tracking" name="test_put_clear_deposited" time="0.257" /><testcase classname="backend.tests.test_iter43_fix6_invoice_payment_tracking" name="test_put_clear_paid" time="0.268" /><testcase classname="backend.tests.test_iter43_fix6_invoice_payment_tracking" name="test_put_paid_sets_payment_status_paid" time="0.158" /><testcase classname="backend.tests.test_iter43_fix6_invoice_payment_tracking" name="test_get_list_includes_payment_fields_fresh_invoice" time="0.169" /><testcase classname="backend.tests.test_iter43_fix6_invoice_payment_tracking" name="test_get_list_overdue_calculated" time="0.224" /><testcase classname="backend.tests.test_iter43_fix6_invoice_payment_tracking" name="test_pdf_renders_with_deposited_and_paid" time="0.324" /><testcase classname="backend.tests.test_iter43_fix6_invoice_payment_tracking" name="test_pdf_renders_overdue_state" time="0.254" /><testcase classname="backend.tests.test_iter56_intervention_invoicing" name="test_post_invoice_client_role_forbidden" time="0.083" /><testcase classname="backend.tests.test_iter56_intervention_invoicing" name="test_post_invoice_empty_list_400" time="0.082" /><testcase classname="backend.tests.test_iter56_intervention_invoicing" name="test_post_invoice_all_already_invoiced_409" time="0.077" /><testcase classname="backend.tests.test_iter56_intervention_invoicing" name="test_post_invoice_groups_by_tenant_and_marks" time="0.087" /><testcase classname="backend.tests.test_iter56_intervention_invoicing" name="test_get_list_admin_sees_all_and_client_only_own" time="0.291" /><testcase classname="backend.tests.test_iter56_intervention_invoicing" name="test_get_pdf_admin_and_404_and_403" time="0.356" /><testcase classname="backend.tests.test_iter56_intervention_invoicing" name="test_admin_update_intervention_ok" time="0.077" /><testcase classname="backend.tests.test_iter56_intervention_invoicing" name="test_admin_update_intervention_invoiced_returns_409" time="0.067" /><testcase classname="backend.tests.test_iter56_intervention_invoicing" name="test_admin_unlock_intervention" time="0.074" /><testcase classname="backend.tests.test_iter56_intervention_invoicing" name="test_admin_unlock_intervention_404" time="0.072" /></testsuite></testsuites>