<?xml version="1.0" encoding="utf-8"?><testsuites name="pytest tests"><testsuite name="pytest" errors="0" failures="0" skipped="0" tests="7" time="1.704" timestamp="2026-05-31T20:24:24.447089+00:00" hostname="agent-env-fe9c72a9-12c7-48bd-96d7-9b73e074fc25"><testcase classname="tests.test_iter38r_fix9z5_e2e_retest" name="test_create_banner_with_ratio_sizing" time="1.201" /><testcase classname="tests.test_iter38r_fix9z5_e2e_retest" name="test_ai_costs_monthly_endpoint" time="0.068" /><testcase classname="tests.test_iter38r_fix9z5_e2e_retest" name="test_ai_costs_monthly_range_validation" time="0.067" /><testcase classname="tests.test_iter38r_fix9z5_e2e_retest" name="test_ai_costs_monthly_requires_admin" time="0.082" /><testcase classname="tests.test_iter38r_fix9z5_e2e_retest" name="test_renewal_request_bad_token" time="0.072" /><testcase classname="tests.test_iter38r_fix9z5_e2e_retest" name="test_admin_renewal_inbox_lists" time="0.068" /><testcase classname="tests.test_iter38r_fix9z5_e2e_retest" name="test_byte_range_regression_on_files" time="0.068" /></testsuite></testsuites>