<?xml version="1.0" encoding="utf-8"?><testsuites name="pytest tests"><testsuite name="pytest" errors="0" failures="0" skipped="0" tests="11" time="1.810" timestamp="2026-06-26T17:40:50.472325+00:00" hostname="agent-env-fe9c72a9-12c7-48bd-96d7-9b73e074fc25"><testcase classname="tests.test_iter43_fix24at_vidal_favorites" name="test_favorites_full_lifecycle" time="0.263" /><testcase classname="tests.test_iter43_fix24at_vidal_favorites" name="test_favorites_requires_auth" time="0.007" /><testcase classname="tests.test_iter43_fix24at_vidal_favorites" name="test_favorites_validates_vidal_id" time="0.234" /><testcase classname="tests.test_iter43_fix24au_linkedin" name="test_linkedin_config_get_and_put_masks_secret" time="0.242" /><testcase classname="tests.test_iter43_fix24au_linkedin" name="test_linkedin_authorize_requires_credentials" time="0.239" /><testcase classname="tests.test_iter43_fix24au_linkedin" name="test_linkedin_authorize_returns_url_with_credentials" time="0.240" /><testcase classname="tests.test_iter43_fix24au_linkedin" name="test_linkedin_status_returns_disconnected_when_no_token" time="0.240" /><testcase classname="tests.test_iter43_fix24au_linkedin" name="test_linkedin_posts_requires_token" time="0.240" /><testcase classname="tests.test_iter43_fix24au_linkedin" name="test_linkedin_oauth_callback_rejects_missing_params" time="0.003" /><testcase classname="tests.test_iter43_fix24au_linkedin" name="test_linkedin_oauth_callback_rejects_invalid_state" time="0.003" /><testcase classname="tests.test_iter43_fix24au_linkedin" name="test_linkedin_endpoints_require_auth" time="0.014" /></testsuite></testsuites>