<?xml version="1.0" encoding="utf-8"?><testsuites name="pytest tests"><testsuite name="pytest" errors="0" failures="0" skipped="0" tests="45" time="10.208" timestamp="2026-05-26T23:28:27.039489+00:00" hostname="agent-env-fe9c72a9-12c7-48bd-96d7-9b73e074fc25"><testcase classname="backend.tests.test_iter38_comptable_caisse_write_block" name="test_comptable_can_read_business_clients" time="0.100" /><testcase classname="backend.tests.test_iter38_comptable_caisse_write_block" name="test_comptable_can_read_products" time="0.085" /><testcase classname="backend.tests.test_iter38_comptable_caisse_write_block" name="test_comptable_can_read_receipts" time="0.070" /><testcase classname="backend.tests.test_iter38_comptable_caisse_write_block" name="test_comptable_can_read_invoices" time="0.074" /><testcase classname="backend.tests.test_iter38_comptable_caisse_write_block" name="test_comptable_cannot_create_business_client" time="0.083" /><testcase classname="backend.tests.test_iter38_comptable_caisse_write_block" name="test_comptable_cannot_create_product" time="0.088" /><testcase classname="backend.tests.test_iter38_comptable_caisse_write_block" name="test_regular_client_cannot_read_business_clients" time="0.082" /><testcase classname="backend.tests.test_iter38_comptable_caisse_write_block" name="test_admin_sup_can_still_read_caisse" time="0.080" /><testcase classname="backend.tests.test_iter38_comptable_caisse_write_block" name="test_admin_sup_can_still_write_caisse" time="0.089" /><testcase classname="backend.tests.test_iter38_grh" name="test_eligible_users_lists_tenant_members_only" time="0.091" /><testcase classname="backend.tests.test_iter38_grh" name="test_comptable_can_access_hr" time="0.083" /><testcase classname="backend.tests.test_iter38_grh" name="test_regular_client_cannot_access_hr" time="0.077" /><testcase classname="backend.tests.test_iter38_grh" name="test_create_employee_and_idempotence" time="0.147" /><testcase classname="backend.tests.test_iter38_grh" name="test_create_employee_cross_tenant_blocked" time="0.067" /><testcase classname="backend.tests.test_iter38_grh" name="test_list_employees_tenant_scoped" time="0.213" /><testcase classname="backend.tests.test_iter38_grh" name="test_update_and_soft_delete_employee" time="0.507" /><testcase classname="backend.tests.test_iter38_grh" name="test_timesheet_from_access_logs" time="0.132" /><testcase classname="backend.tests.test_iter38_grh" name="test_timesheet_hourly_pay" time="0.359" /><testcase classname="backend.tests.test_iter38_grh" name="test_comptable_read_cashier_lists" time="0.142" /><testcase classname="backend.tests.test_iter38_grh" name="test_comptable_cannot_write_cashier" time="0.076" /><testcase classname="backend.tests.test_iter38b_grh_advanced" name="test_default_tenant_meta_is_burkina" time="0.162" /><testcase classname="backend.tests.test_iter38b_grh_advanced" name="test_country_catalog_seeded_and_listable" time="0.161" /><testcase classname="backend.tests.test_iter38b_grh_advanced" name="test_admin_can_change_tenant_country_to_senegal" time="0.234" /><testcase classname="backend.tests.test_iter38b_grh_advanced" name="test_admin_can_add_and_delete_country" time="0.390" /><testcase classname="backend.tests.test_iter38b_grh_advanced" name="test_default_country_BF_cannot_be_deleted" time="0.181" /><testcase classname="backend.tests.test_iter38b_grh_advanced" name="test_create_list_update_delete_absence" time="0.497" /><testcase classname="backend.tests.test_iter38b_grh_advanced" name="test_absence_bad_dates_rejected" time="0.145" /><testcase classname="backend.tests.test_iter38b_grh_advanced" name="test_absence_scan_proposes_business_days_missing_logs" time="0.250" /><testcase classname="backend.tests.test_iter38b_grh_advanced" name="test_replace_taxes_and_list" time="0.323" /><testcase classname="backend.tests.test_iter38b_grh_advanced" name="test_more_than_5_taxes_rejected" time="0.167" /><testcase classname="backend.tests.test_iter38b_grh_advanced" name="test_create_list_repay_advance" time="0.448" /><testcase classname="backend.tests.test_iter38b_grh_advanced" name="test_payslip_with_full_pipeline" time="1.550" /><testcase classname="backend.tests.test_iter38b_grh_advanced" name="test_weekly_presence_top" time="0.175" /><testcase classname="backend.tests.test_iter38b_grh_advanced" name="test_hr_settings_round_trip" time="0.214" /><testcase classname="backend.tests.test_iter38c_expenses_matricule" name="test_employee_gets_auto_matricule" time="0.076" /><testcase classname="backend.tests.test_iter38c_expenses_matricule" name="test_matricule_increments_per_tenant" time="0.158" /><testcase classname="backend.tests.test_iter38c_expenses_matricule" name="test_backfill_matricules" time="0.083" /><testcase classname="backend.tests.test_iter38c_expenses_matricule" name="test_can_cash_can_create_expense" time="0.093" /><testcase classname="backend.tests.test_iter38c_expenses_matricule" name="test_admin_can_edit_and_delete_only" time="0.479" /><testcase classname="backend.tests.test_iter38c_expenses_matricule" name="test_justify_within_deadline_accepted" time="0.222" /><testcase classname="backend.tests.test_iter38c_expenses_matricule" name="test_justify_after_deadline_rejected" time="0.250" /><testcase classname="backend.tests.test_iter38c_expenses_matricule" name="test_deadline_zero_means_unlimited" time="0.185" /><testcase classname="backend.tests.test_iter38c_expenses_matricule" name="test_monthly_summary_and_tenant_isolation" time="0.281" /><testcase classname="backend.tests.test_iter38c_expenses_matricule" name="test_my_dashboard_card_counts_unjustified_and_late" time="0.234" /><testcase classname="backend.tests.test_iter38c_expenses_matricule" name="test_payslip_includes_late_expense_deduction" time="0.409" /></testsuite></testsuites>