<?xml version="1.0" encoding="utf-8"?><testsuites name="pytest tests"><testsuite name="pytest" errors="0" failures="0" skipped="0" tests="48" time="17.438" timestamp="2026-06-03T03:32:17.095778+00:00" hostname="agent-env-fe9c72a9-12c7-48bd-96d7-9b73e074fc25"><testcase classname="tests.test_iter38_grh" name="test_eligible_users_lists_tenant_members_only" time="0.582" /><testcase classname="tests.test_iter38_grh" name="test_comptable_can_access_hr" time="0.535" /><testcase classname="tests.test_iter38_grh" name="test_regular_client_cannot_access_hr" time="0.086" /><testcase classname="tests.test_iter38_grh" name="test_create_employee_and_idempotence" time="0.184" /><testcase classname="tests.test_iter38_grh" name="test_create_employee_cross_tenant_blocked" time="0.133" /><testcase classname="tests.test_iter38_grh" name="test_list_employees_tenant_scoped" time="0.344" /><testcase classname="tests.test_iter38_grh" name="test_update_and_soft_delete_employee" time="0.570" /><testcase classname="tests.test_iter38_grh" name="test_timesheet_from_access_logs" time="0.174" /><testcase classname="tests.test_iter38_grh" name="test_timesheet_hourly_pay" time="0.225" /><testcase classname="tests.test_iter38_grh" name="test_comptable_read_cashier_lists" time="0.167" /><testcase classname="tests.test_iter38_grh" name="test_comptable_cannot_write_cashier" time="0.087" /><testcase classname="tests.test_iter38b_grh_advanced" name="test_default_tenant_meta_is_burkina" time="0.253" /><testcase classname="tests.test_iter38b_grh_advanced" name="test_country_catalog_seeded_and_listable" time="0.189" /><testcase classname="tests.test_iter38b_grh_advanced" name="test_admin_can_change_tenant_country_to_senegal" time="0.277" /><testcase classname="tests.test_iter38b_grh_advanced" name="test_admin_can_add_and_delete_country" time="0.409" /><testcase classname="tests.test_iter38b_grh_advanced" name="test_default_country_BF_cannot_be_deleted" time="0.189" /><testcase classname="tests.test_iter38b_grh_advanced" name="test_create_list_update_delete_absence" time="0.553" /><testcase classname="tests.test_iter38b_grh_advanced" name="test_absence_bad_dates_rejected" time="0.253" /><testcase classname="tests.test_iter38b_grh_advanced" name="test_absence_scan_proposes_business_days_missing_logs" time="0.193" /><testcase classname="tests.test_iter38b_grh_advanced" name="test_replace_taxes_and_list" time="0.375" /><testcase classname="tests.test_iter38b_grh_advanced" name="test_more_than_5_taxes_rejected" time="0.180" /><testcase classname="tests.test_iter38b_grh_advanced" name="test_create_list_repay_advance" time="0.529" /><testcase classname="tests.test_iter38b_grh_advanced" name="test_payslip_with_full_pipeline" time="0.684" /><testcase classname="tests.test_iter38b_grh_advanced" name="test_weekly_presence_top" time="0.199" /><testcase classname="tests.test_iter38b_grh_advanced" name="test_hr_settings_round_trip" time="0.265" /><testcase classname="tests.test_iter38d_payroll_webhooks" name="test_get_config_defaults_empty" time="0.182" /><testcase classname="tests.test_iter38d_payroll_webhooks" name="test_set_config_generates_secrets" time="0.326" /><testcase classname="tests.test_iter38d_payroll_webhooks" name="test_rotate_secret" time="0.255" /><testcase classname="tests.test_iter38d_payroll_webhooks" name="test_outbound_preview_returns_payslip_lines" time="0.204" /><testcase classname="tests.test_iter38d_payroll_webhooks" name="test_outbound_test_dispatch_signs_correctly" time="1.326" /><testcase classname="tests.test_iter38d_payroll_webhooks" name="test_outbound_dispatch_blocked_if_disabled" time="0.372" /><testcase classname="tests.test_iter38d_payroll_webhooks" name="test_inbound_valid_signature_patches_payroll" time="0.268" /><testcase classname="tests.test_iter38d_payroll_webhooks" name="test_inbound_bad_signature_rejected" time="0.249" /><testcase classname="tests.test_iter38d_payroll_webhooks" name="test_inbound_replay_protection" time="0.362" /><testcase classname="tests.test_iter38d_payroll_webhooks" name="test_inbound_old_timestamp_rejected" time="0.277" /><testcase classname="tests.test_iter38d_payroll_webhooks" name="test_inbound_disabled_returns_403" time="0.296" /><testcase classname="tests.test_iter38d_payroll_webhooks" name="test_inbound_unknown_matricule_listed_not_found" time="0.245" /><testcase classname="tests.test_iter38d_payroll_webhooks" name="test_audit_log_lists_events" time="0.177" /><testcase classname="tests.test_siter39s_primes_indemnites" name="test_allowance_full_crud" time="0.718" /><testcase classname="tests.test_siter39s_primes_indemnites" name="test_allowance_404_on_unknown_employee" time="2.225" /><testcase classname="tests.test_siter39s_primes_indemnites" name="test_bonus_full_crud" time="0.833" /><testcase classname="tests.test_siter39s_primes_indemnites" name="test_payslip_includes_allowances_and_bonuses" time="0.796" /><testcase classname="tests.test_siter39s_primes_indemnites" name="test_payslip_no_allowances_no_bonuses_returns_zero_sums" time="0.217" /><testcase classname="tests.test_siter39r_p1_vision_enrich" name="test_parse_vision_reply_both_sections" time="0.000" /><testcase classname="tests.test_siter39r_p1_vision_enrich" name="test_parse_vision_reply_no_text_marker" time="0.000" /><testcase classname="tests.test_siter39r_p1_vision_enrich" name="test_describe_image_with_vision_parses_mocked_reply" time="0.001" /><testcase classname="tests.test_siter39r_p1_vision_enrich" name="test_describe_image_with_vision_no_key_returns_empty" time="0.000" /><testcase classname="tests.test_siter39r_p1_vision_enrich" name="test_describe_image_with_vision_empty_bytes_returns_empty" time="0.000" /></testsuite></testsuites>