<?xml version="1.0" encoding="utf-8"?><testsuites name="pytest tests"><testsuite name="pytest" errors="0" failures="0" skipped="0" tests="8" time="2.565" timestamp="2026-05-30T18:53:41.016799+00:00" hostname="agent-env-fe9c72a9-12c7-48bd-96d7-9b73e074fc25"><testcase classname="backend.tests.test_iter38r_fix9k_ocr_pdf_notes_tasks" name="test_kb_ocr_usage_endpoint_returns_zero_initially" time="0.241" /><testcase classname="backend.tests.test_iter38r_fix9k_ocr_pdf_notes_tasks" name="test_kb_ocr_pdf_in_classic_mode_still_works" time="0.056" /><testcase classname="backend.tests.test_iter38r_fix9k_ocr_pdf_notes_tasks" name="test_kb_ocr_pdf_in_ocr_mode_now_supported" time="2.105" /><testcase classname="backend.tests.test_iter38r_fix9k_ocr_pdf_notes_tasks" name="test_kb_ocr_monthly_cap_blocks_at_429" time="0.007" /><testcase classname="backend.tests.test_iter38r_fix9k_ocr_pdf_notes_tasks" name="test_create_task_with_checklist_items" time="0.005" /><testcase classname="backend.tests.test_iter38r_fix9k_ocr_pdf_notes_tasks" name="test_update_task_toggles_done" time="0.008" /><testcase classname="backend.tests.test_iter38r_fix9k_ocr_pdf_notes_tasks" name="test_features_exposes_notes_strict_tasks_only" time="0.003" /><testcase classname="backend.tests.test_iter38r_fix9k_ocr_pdf_notes_tasks" name="test_settings_persists_notes_strict_tasks_only" time="0.005" /></testsuite></testsuites>