<?xml version="1.0" encoding="utf-8"?><testsuites name="pytest tests"><testsuite name="pytest" errors="0" failures="0" skipped="0" tests="20" time="6.100" timestamp="2026-07-21T09:10:58.835035+00:00" hostname="agent-env-fe9c72a9-12c7-48bd-96d7-9b73e074fc25"><testcase classname="backend.tests.test_iter43_fix24az_m_planning" name="test_admin_config_returns_webhook_url" time="0.530" /><testcase classname="backend.tests.test_iter43_fix24az_m_planning" name="test_admin_config_regenerate" time="0.196" /><testcase classname="backend.tests.test_iter43_fix24az_m_planning" name="test_admin_config_requires_auth" time="0.336" /><testcase classname="backend.tests.test_iter43_fix24az_m_planning" name="test_webhook_wrong_secret_returns_404" time="0.093" /><testcase classname="backend.tests.test_iter43_fix24az_m_planning" name="test_webhook_missing_required_fields_400" time="0.194" /><testcase classname="backend.tests.test_iter43_fix24az_m_planning" name="test_webhook_valid_payload_creates_appointment" time="0.077" /><testcase classname="backend.tests.test_iter43_fix24az_m_planning" name="test_webhook_idempotent_upsert" time="0.189" /><testcase classname="backend.tests.test_iter43_fix24az_m_planning" name="test_list_doctors_returns_medecin" time="0.129" /><testcase classname="backend.tests.test_iter43_fix24az_m_planning" name="test_medecin_view_locks_to_self" time="0.230" /><testcase classname="backend.tests.test_iter43_fix24az_m_planning" name="test_admin_can_filter_by_medecin" time="0.120" /><testcase classname="backend.tests.test_iter43_fix24az_m_planning" name="test_invalid_date_format_400" time="0.097" /><testcase classname="backend.tests.test_iter43_fix24az_n_planning_sse_reminders" name="test_sse_stream_hello_event" time="0.070" /><testcase classname="backend.tests.test_iter43_fix24az_n_planning_sse_reminders" name="test_sse_stream_broadcasts_new_appointment" time="1.660" /><testcase classname="backend.tests.test_iter43_fix24az_n_planning_sse_reminders" name="test_sse_requires_valid_token" time="0.101" /><testcase classname="backend.tests.test_iter43_fix24az_n_planning_sse_reminders" name="test_webhook_persists_patient_phone" time="0.081" /><testcase classname="backend.tests.test_iter43_fix24az_n_planning_sse_reminders" name="test_reminders_manual_trigger_finds_eligible" time="1.056" /><testcase classname="backend.tests.test_iter43_fix24az_n_planning_sse_reminders" name="test_reminders_config_reminder_template" time="0.249" /><testcase classname="backend.tests.test_iter43_fix24az_l_wa_dedup" name="test_wa_inbound_dedup_single_write" time="0.254" /><testcase classname="backend.tests.test_iter43_fix24az_l_wa_dedup" name="test_wa_inbound_different_ids_both_written" time="0.178" /><testcase classname="backend.tests.test_iter43_fix24az_l_wa_dedup" name="test_wa_dedup_index_created" time="0.001" /></testsuite></testsuites>