<?xml version="1.0" encoding="utf-8"?><testsuites name="pytest tests"><testsuite name="pytest" errors="0" failures="0" skipped="0" tests="10" time="11.921" timestamp="2026-06-26T23:16:26.479007+00:00" hostname="agent-env-fe9c72a9-12c7-48bd-96d7-9b73e074fc25"><testcase classname="backend.tests.test_iter71_bugfixes.TestSyntheseKpis" name="test_synthese_test_returns_kpis_with_real_counts" time="10.907" /><testcase classname="backend.tests.test_iter71_bugfixes.TestLinkedinCallback" name="test_callback_no_params_returns_400_html" time="0.091" /><testcase classname="backend.tests.test_iter71_bugfixes.TestLinkedinCallback" name="test_callback_bogus_state_returns_400_html" time="0.065" /><testcase classname="backend.tests.test_iter71_bugfixes.TestLinkedinCallback" name="test_callback_with_error_param_returns_400" time="0.058" /><testcase classname="backend.tests.test_iter71_bugfixes.TestFacebookRedirectUri" name="test_put_custom_redirect_uri_then_preview_returns_override" time="0.203" /><testcase classname="backend.tests.test_iter71_bugfixes.TestFacebookRedirectUri" name="test_put_empty_redirect_uri_clears_override" time="0.196" /><testcase classname="backend.tests.test_iter71_bugfixes.TestFacebookCallbackDefensive" name="test_callback_no_params_returns_400_html" time="0.079" /><testcase classname="backend.tests.test_iter71_bugfixes.TestAdminEndpointsIntact" name="test_admin_linkedin_config" time="0.062" /><testcase classname="backend.tests.test_iter71_bugfixes.TestAdminEndpointsIntact" name="test_admin_facebook_config" time="0.091" /><testcase classname="backend.tests.test_iter71_bugfixes.TestAdminEndpointsIntact" name="test_linkedin_status" time="0.097" /></testsuite></testsuites>