<?xml version="1.0" encoding="utf-8"?><testsuites name="pytest tests"><testsuite name="pytest" errors="0" failures="0" skipped="0" tests="11" time="20.435" timestamp="2026-06-03T02:43:44.155095+00:00" hostname="agent-env-fe9c72a9-12c7-48bd-96d7-9b73e074fc25"><testcase classname="tests.test_siter39o_qdrant_rag" name="test_qdrant_test_connection_ok" time="2.606" /><testcase classname="tests.test_siter39o_qdrant_rag" name="test_qdrant_collection_full_lifecycle" time="9.804" /><testcase classname="tests.test_siter39o_qdrant_rag" name="test_qdrant_create_rejects_invalid_name" time="0.104" /><testcase classname="tests.test_siter39o_qdrant_rag" name="test_qdrant_search_empty_query_400" time="1.860" /><testcase classname="tests.test_siter39o_qdrant_rag" name="test_qdrant_403_for_non_admin" time="0.973" /><testcase classname="tests.test_siter39o_qdrant_rag" name="test_build_rag_context_returns_relevant_chunk" time="4.814" /><testcase classname="tests.test_siter39r_p1_vision_enrich" name="test_parse_vision_reply_both_sections" time="0.001" /><testcase classname="tests.test_siter39r_p1_vision_enrich" name="test_parse_vision_reply_no_text_marker" time="0.001" /><testcase classname="tests.test_siter39r_p1_vision_enrich" name="test_describe_image_with_vision_parses_mocked_reply" time="0.000" /><testcase classname="tests.test_siter39r_p1_vision_enrich" name="test_describe_image_with_vision_no_key_returns_empty" time="0.000" /><testcase classname="tests.test_siter39r_p1_vision_enrich" name="test_describe_image_with_vision_empty_bytes_returns_empty" time="0.000" /></testsuite></testsuites>