<?xml version="1.0" encoding="utf-8"?><testsuites name="pytest tests"><testsuite name="pytest" errors="0" failures="0" skipped="0" tests="11" time="3.037" timestamp="2026-06-15T22:42:14.640540+00:00" hostname="agent-env-fe9c72a9-12c7-48bd-96d7-9b73e074fc25"><testcase classname="tests.test_iter43_fix24g_bird_provider.TestBirdProvider" name="test_bird_not_active_when_incomplete" time="0.395" /><testcase classname="tests.test_iter43_fix24g_bird_provider.TestBirdProvider" name="test_bird_active_when_complete" time="0.026" /><testcase classname="tests.test_iter43_fix24g_bird_provider.TestBirdProvider" name="test_bird_provider_cfg_helper" time="1.063" /><testcase classname="tests.test_iter43_fix24g_dry_run.TestHandlerDryRun" name="test_happy_path_returns_reply" time="0.688" /><testcase classname="tests.test_iter43_fix24g_dry_run.TestHandlerDryRun" name="test_happy_path_no_args" time="0.027" /><testcase classname="tests.test_iter43_fix24g_dry_run.TestHandlerDryRun" name="test_syntax_error_returns_ok_false" time="0.028" /><testcase classname="tests.test_iter43_fix24g_dry_run.TestHandlerDryRun" name="test_timeout_returns_ok_false" time="0.527" /><testcase classname="tests.test_iter43_fix24g_dry_run.TestHandlerDryRun" name="test_forbidden_import_blocked" time="0.027" /><testcase classname="tests.test_iter43_fix24g_dry_run.TestHandlerDryRun" name="test_unknown_function_returns_422" time="0.026" /><testcase classname="tests.test_iter43_fix24g_dry_run.TestHandlerDryRun" name="test_missing_suggestion_404" time="0.025" /><testcase classname="tests.test_iter43_fix24g_dry_run.TestHandlerDryRun" name="test_dry_run_logged_in_audit_collection" time="0.027" /></testsuite></testsuites>