<?xml version="1.0" encoding="utf-8"?><testsuites name="pytest tests"><testsuite name="pytest" errors="0" failures="0" skipped="0" tests="6" time="0.410" timestamp="2026-05-30T17:07:36.346128+00:00" hostname="agent-env-fe9c72a9-12c7-48bd-96d7-9b73e074fc25"><testcase classname="backend.tests.test_iter38r_fix9i_takeover_and_kb_split" name="test_takeover_marks_session_and_returns_phone" time="0.245" /><testcase classname="backend.tests.test_iter38r_fix9i_takeover_and_kb_split" name="test_release_flips_back" time="0.011" /><testcase classname="backend.tests.test_iter38r_fix9i_takeover_and_kb_split" name="test_sessions_history_enriches_channel_and_preview" time="0.007" /><testcase classname="backend.tests.test_iter38r_fix9i_takeover_and_kb_split" name="test_kb_upload_rejects_image_in_classic_mode" time="0.005" /><testcase classname="backend.tests.test_iter38r_fix9i_takeover_and_kb_split" name="test_kb_upload_rejects_pdf_in_ocr_mode" time="0.004" /><testcase classname="backend.tests.test_iter38r_fix9i_takeover_and_kb_split" name="test_history_endpoint_search_filter_works" time="0.006" /></testsuite></testsuites>