<?xml version="1.0" encoding="utf-8"?><testsuites name="pytest tests"><testsuite name="pytest" errors="0" failures="3" skipped="0" tests="21" time="6.566" timestamp="2026-08-22T02:43:56.054626+00:00" hostname="agent-env-fe9c72a9-12c7-48bd-96d7-9b73e074fc25"><testcase classname="tests.test_fork_p0_tenant_kyc" name="test_kyc_default_empty" time="1.077" /><testcase classname="tests.test_fork_p0_tenant_kyc" name="test_kyc_put_and_read" time="0.225" /><testcase classname="tests.test_fork_p0_tenant_kyc" name="test_kyc_upload_id_photo" time="0.571" /><testcase classname="tests.test_fork_p0_tenant_kyc" name="test_kyc_upload_invalid_doc_type" time="0.071" /><testcase classname="tests.test_fork_p0_tenant_kyc" name="test_kyc_upload_oversized" time="0.305" /><testcase classname="tests.test_fork_p0_tenant_kyc" name="test_admin_read_kyc_of_other_tenant" time="0.058" /><testcase classname="tests.test_fork_p0_tenant_kyc" name="test_smart_comm_put_and_masked_read" time="0.115" /><testcase classname="tests.test_fork_p0_tenant_kyc" name="test_smart_comm_empty_put_is_noop" time="0.067" /><testcase classname="tests.test_fork_p0_extra_kyc" name="test_upload_pdf_letterhead_and_serve" time="1.715" /><testcase classname="tests.test_fork_p0_extra_kyc" name="test_upload_id_card_png" time="0.511" /><testcase classname="tests.test_fork_p0_extra_kyc" name="test_upload_bad_extension_rejected" time="0.060" /><testcase classname="tests.test_fork_p0_extra_kyc" name="test_upload_bad_mime_rejected" time="0.065" /><testcase classname="tests.test_fork_p0_extra_kyc" name="test_upload_requires_auth" time="0.064" /><testcase classname="tests.test_fork_p0_extra_kyc" name="test_admin_kyc_unknown_tenant_404" time="0.062" /><testcase classname="tests.test_fork_p0_extra_kyc" name="test_tenant_admin_cannot_read_other_tenant_kyc" time="0.206"><failure message="AssertionError: CROSS-TENANT LEAK: tenant admin read another tenant's KYC (200) {&quot;tenant_id&quot;:&quot;26d694bd-c61c-41b1-990a-7c0b56babd2b&quot;,&quot;created_at&quot;:&quot;2026-08-22T02:43:08.098821+00:00&quot;,&quot;ifu&quot;:&quot;SUPER-ADMIN-IFU-DONOTLEAK&quot;,&quot;updated_at&quot;:&quot;2026-08-22T02:44:01.275098+00:00&quot;,&quot;updated_by_id&quot;:&quot;2&#10;assert 200 in (401, 403)&#10; +  where 200 = &lt;Response [200]&gt;.status_code">E   AssertionError: CROSS-TENANT LEAK: tenant admin read another tenant's KYC (200) {"tenant_id":"26d694bd-c61c-41b1-990a-7c0b56babd2b","created_at":"2026-08-22T02:43:08.098821+00:00","ifu":"SUPER-ADMIN-IFU-DONOTLEAK","updated_at":"2026-08-22T02:44:01.275098+00:00","updated_by_id":"2
    assert 200 in (401, 403)
     +  where 200 = &lt;Response [200]&gt;.status_code</failure></testcase><testcase classname="tests.test_fork_p0_extra_kyc" name="test_admin_kyc_requires_auth" time="0.059" /><testcase classname="tests.test_fork_p0_extra_kyc" name="test_smart_comm_all_secrets_masked" time="0.128" /><testcase classname="tests.test_fork_p0_extra_kyc" name="test_smart_comm_partial_update_preserves_others" time="0.119" /><testcase classname="tests.test_fork_p0_extra_kyc" name="test_smart_comm_requires_auth" time="0.055" /><testcase classname="tests.test_fork_p0_extra_kyc" name="test_tracked_user_cannot_write_smart_comm" time="0.784"><failure message="AssertionError: Tracked (regular) user overwrote the tenant WA credentials: 200 {&quot;ok&quot;:true,&quot;updated&quot;:[&quot;wa_access_token&quot;,&quot;updated_at&quot;,&quot;updated_by_id&quot;]}&#10;assert 200 == 403&#10; +  where 200 = &lt;Response [200]&gt;.status_code">E   AssertionError: Tracked (regular) user overwrote the tenant WA credentials: 200 {"ok":true,"updated":["wa_access_token","updated_at","updated_by_id"]}
    assert 200 == 403
     +  where 200 = &lt;Response [200]&gt;.status_code</failure></testcase><testcase classname="tests.test_fork_p0_extra_kyc" name="test_tracked_user_kyc_access_surface" time="0.129"><failure message="AssertionError: Tracked (regular) user was able to WRITE the tenant KYC: 200 {&quot;ok&quot;:true,&quot;updated&quot;:[&quot;ifu&quot;,&quot;updated_at&quot;,&quot;updated_by_id&quot;]}&#10;assert 200 == 403&#10; +  where 200 = &lt;Response [200]&gt;.status_code">E   AssertionError: Tracked (regular) user was able to WRITE the tenant KYC: 200 {"ok":true,"updated":["ifu","updated_at","updated_by_id"]}
    assert 200 == 403
     +  where 200 = &lt;Response [200]&gt;.status_code</failure></testcase></testsuite></testsuites>