<?xml version="1.0" encoding="utf-8"?><testsuites name="pytest tests"><testsuite name="pytest" errors="0" failures="3" skipped="0" tests="11" time="1.569" timestamp="2026-07-21T21:31:10.126856+00:00" hostname="agent-env-fe9c72a9-12c7-48bd-96d7-9b73e074fc25"><testcase classname="backend.tests.test_iter43_fix24az_w_wa_silent_drops" name="test_stats_default_shape" time="0.516" /><testcase classname="backend.tests.test_iter43_fix24az_w_wa_silent_drops" name="test_update_config_persists_and_sanitises" time="0.065" /><testcase classname="backend.tests.test_iter43_fix24az_w_wa_silent_drops" name="test_update_config_rejects_empty_payload" time="0.280" /><testcase classname="backend.tests.test_iter43_fix24az_w_wa_silent_drops" name="test_update_config_validates_ranges" time="0.071" /><testcase classname="backend.tests.test_iter43_fix24az_w_wa_silent_drops" name="test_list_drops_returns_records" time="0.057" /><testcase classname="backend.tests.test_iter43_fix24az_w_wa_silent_drops" name="test_test_alert_with_no_recipients" time="0.062" /><testcase classname="backend.tests.test_iter43_fix24az_w_wa_silent_drops" name="test_test_alert_returns_recipient_results" time="0.134" /><testcase classname="backend.tests.test_iter43_fix24az_w_wa_silent_drops" name="test_delete_purges_all_drops" time="0.122" /><testcase classname="backend.tests.test_iter43_fix24az_w_wa_silent_drops" name="test_observer_inserts_drop_and_fires_alert_when_threshold_met" time="0.002"><failure message="ModuleNotFoundError: No module named 'routes'">backend/tests/test_iter43_fix24az_w_wa_silent_drops.py:258: in test_observer_inserts_drop_and_fires_alert_when_threshold_met
    from routes.wa_silent_drops import setup_wa_silent_drops_routes
E   ModuleNotFoundError: No module named 'routes'</failure></testcase><testcase classname="backend.tests.test_iter43_fix24az_w_wa_silent_drops" name="test_observer_respects_cooldown" time="0.001"><failure message="ModuleNotFoundError: No module named 'routes'">backend/tests/test_iter43_fix24az_w_wa_silent_drops.py:337: in test_observer_respects_cooldown
    from routes.wa_silent_drops import setup_wa_silent_drops_routes
E   ModuleNotFoundError: No module named 'routes'</failure></testcase><testcase classname="backend.tests.test_iter43_fix24az_w_wa_silent_drops" name="test_observer_noop_when_alerts_disabled" time="0.001"><failure message="ModuleNotFoundError: No module named 'routes'">backend/tests/test_iter43_fix24az_w_wa_silent_drops.py:390: in test_observer_noop_when_alerts_disabled
    from routes.wa_silent_drops import setup_wa_silent_drops_routes
E   ModuleNotFoundError: No module named 'routes'</failure></testcase></testsuite></testsuites>