<?xml version="1.0" encoding="utf-8"?><testsuites name="pytest tests"><testsuite name="pytest" errors="0" failures="0" skipped="0" tests="59" time="23.045" timestamp="2026-06-10T22:43:59.096228+00:00" hostname="agent-env-fe9c72a9-12c7-48bd-96d7-9b73e074fc25"><testcase classname="tests.test_iter42d_incidents_and_lookup" name="test_incidents_webhook_unconfigured_returns_503" time="0.103" /><testcase classname="tests.test_iter42d_incidents_and_lookup" name="test_incidents_webhook_regenerate_and_post" time="0.420" /><testcase classname="tests.test_iter42d_incidents_and_lookup" name="test_incidents_webhook_disable" time="0.231" /><testcase classname="tests.test_iter42d_incidents_and_lookup" name="test_lookup_amm_found_with_country" time="0.076" /><testcase classname="tests.test_iter42d_incidents_and_lookup" name="test_lookup_amm_not_found_returns_friendly_message" time="0.081" /><testcase classname="tests.test_iter42d_incidents_and_lookup" name="test_lookup_amm_detects_expired" time="0.069" /><testcase classname="tests.test_iter42d_incidents_and_lookup" name="test_create_amm_uses_default_country" time="0.090" /><testcase classname="tests.test_iter42d_incidents_and_lookup" name="test_create_amm_explicit_country_overrides_default" time="0.064" /><testcase classname="tests.test_iter42_officines_selfservice" name="test_register_creates_pending_officine" time="0.091" /><testcase classname="tests.test_iter42_officines_selfservice" name="test_register_rejects_duplicates" time="0.173" /><testcase classname="tests.test_iter42_officines_selfservice" name="test_admin_can_approve_suspend_reactivate" time="0.415" /><testcase classname="tests.test_iter42_officines_selfservice" name="test_admin_link_unlink_client" time="0.286" /><testcase classname="tests.test_iter42_officines_selfservice" name="test_otp_verify_returns_jwt" time="0.236" /><testcase classname="tests.test_iter42_officines_selfservice" name="test_otp_invalid_code_increments_attempts" time="0.223" /><testcase classname="tests.test_iter42_officines_selfservice" name="test_magic_link_callback_returns_jwt" time="0.220" /><testcase classname="tests.test_iter42_officines_selfservice" name="test_magic_link_consumed_only_once" time="0.291" /><testcase classname="tests.test_iter42_officines_selfservice" name="test_inventory_crud_and_isolation" time="0.795" /><testcase classname="tests.test_iter42_officines_selfservice" name="test_regenerate_secret_returns_once" time="0.330" /><testcase classname="tests.test_iter42_officines_selfservice" name="test_inventory_csv_export" time="0.298" /><testcase classname="tests.test_iter42_officines_selfservice" name="test_unauth_endpoints_reject" time="0.241" /><testcase classname="tests.test_iter42b_csv_and_roles" name="test_csv_import_success" time="0.084" /><testcase classname="tests.test_iter42b_csv_and_roles" name="test_csv_import_rejects_on_db_conflict" time="0.067" /><testcase classname="tests.test_iter42b_csv_and_roles" name="test_csv_import_rejects_intra_file_duplicates" time="0.112" /><testcase classname="tests.test_iter42b_csv_and_roles" name="test_editeur_vidal_cannot_write" time="0.206" /><testcase classname="tests.test_iter42b_csv_and_roles" name="test_post_amm_without_amm_number" time="0.083" /><testcase classname="tests.test_iter42b_csv_and_roles" name="test_admin_synthese_test_endpoint" time="8.838" /><testcase classname="tests.test_iter42b_csv_and_roles" name="test_admin_officine_otp_test_requires_wa_config" time="0.120" /><testcase classname="tests.test_iter38r_fix9f_shared_notes" name="test_tracked_user_can_create_notes_and_tasks" time="1.280" /><testcase classname="tests.test_iter38r_fix9f_shared_notes" name="test_tracked_user_cannot_create_reports_or_suivis" time="0.145" /><testcase classname="tests.test_iter38r_fix9f_shared_notes" name="test_public_note_visible_to_tracked_user" time="0.220" /><testcase classname="tests.test_iter38r_fix9f_shared_notes" name="test_private_note_hidden_unless_targeted" time="0.359" /><testcase classname="tests.test_iter38r_fix9f_shared_notes" name="test_scope_mine_and_scope_shared" time="0.428" /><testcase classname="tests.test_iter38r_fix9f_shared_notes" name="test_tenant_id_stamped_on_create" time="0.153" /><testcase classname="tests.test_siter39b_meetings" name="test_meeting_crud_and_pdf" time="1.194" /><testcase classname="tests.test_siter39b_meetings" name="test_meeting_unauthenticated_blocked" time="0.067" /><testcase classname="tests.test_siter39c_sign_meeting" name="test_sign_lock_unsign_cycle" time="0.925" /><testcase classname="tests.test_siter39c_sign_meeting" name="test_moderator_cannot_sign" time="0.872" /><testcase classname="tests.test_iter41_contact_groups_bugfix" name="test_user_b_can_add_user_a_contact_to_group" time="0.213" /><testcase classname="tests.test_iter41_contact_groups_bugfix" name="test_group_creation_with_peer_contact" time="0.070" /><testcase classname="tests.test_iter41_contact_groups_bugfix" name="test_resolve_includes_peer_contacts" time="0.083" /><testcase classname="tests.test_iter38r_fix9o_tickets_bubble" name="test_intervention_reasons_returns_defaults" time="0.441" /><testcase classname="tests.test_iter38r_fix9o_tickets_bubble" name="test_quick_ticket_requires_client_id" time="0.058" /><testcase classname="tests.test_iter38r_fix9o_tickets_bubble" name="test_quick_ticket_requires_reason" time="0.136" /><testcase classname="tests.test_iter38r_fix9o_tickets_bubble" name="test_quick_ticket_creates_contact_and_ticket" time="0.084" /><testcase classname="tests.test_iter38r_fix9o_tickets_bubble" name="test_quick_ticket_accepts_whatsapp_only" time="0.088" /><testcase classname="tests.test_iter38r_fix9o_tickets_bubble" name="test_quick_ticket_reuses_existing_contact" time="0.081" /><testcase classname="tests.test_iter38r_fix9o_tickets_bubble" name="test_client_features_update_accepts_tickets_bubble" time="0.141" /><testcase classname="tests.test_iter38r_fix9o_tickets_bubble" name="test_wa_otp_request_validates_msisdn" time="0.067" /><testcase classname="tests.test_iter38r_fix9o_tickets_bubble" name="test_wa_otp_request_needs_wa_config" time="0.070" /><testcase classname="tests.test_iter38r_fix9o_tickets_bubble" name="test_wa_otp_verify_rejects_bad_code" time="0.085" /><testcase classname="tests.test_iter38r_fix9o_tickets_bubble" name="test_wa_otp_verify_expired" time="0.076" /><testcase classname="tests.test_iter38r_fix9o_tickets_bubble" name="test_wa_otp_verify_success_creates_demo_user" time="0.304" /><testcase classname="tests.test_iter38r_fix9o_tickets_bubble" name="test_admin_wa_demo_recent_endpoint" time="0.071" /><testcase classname="tests.test_iter38r_fix9o_tickets_bubble" name="test_welcome_briefing_includes_wa_demo" time="0.073" /><testcase classname="tests.test_iter38r_fix9o_tickets_bubble" name="test_admin_wa_demo_mark_seen" time="0.065" /><testcase classname="tests.test_iter0_4_ticket_reassign" name="test_reassign_ticket_to_other_tenant" time="0.148" /><testcase classname="tests.test_iter0_4_ticket_reassign" name="test_reassign_same_client_id_is_noop" time="0.161" /><testcase classname="tests.test_iter0_4_ticket_reassign" name="test_reassign_404_when_target_unknown" time="0.156" /><testcase classname="tests.test_iter0_4_ticket_reassign" name="test_reassign_403_for_regular_client" time="0.154" /></testsuite></testsuites>