<?xml version="1.0" encoding="utf-8"?><testsuites name="pytest tests"><testsuite name="pytest" errors="0" failures="0" skipped="0" tests="3" time="1.192" timestamp="2026-06-12T17:13:36.070289+00:00" hostname="agent-env-fe9c72a9-12c7-48bd-96d7-9b73e074fc25"><testcase classname="tests.test_iter43_fix5_last_interaction_at.TestLastInteractionAtEnrichment" name="test_field_present_for_all_contacts" time="1.155" /><testcase classname="tests.test_iter43_fix5_last_interaction_at.TestLastInteractionAtEnrichment" name="test_contact_without_messages_returns_null" time="0.003" /><testcase classname="tests.test_iter43_fix5_last_interaction_at.TestLastInteractionAtEnrichment" name="test_contact_with_wa_message_gets_timestamp" time="0.003" /></testsuite></testsuites>