<?xml version="1.0" encoding="utf-8"?><testsuites name="pytest tests"><testsuite name="pytest" errors="0" failures="7" skipped="1" tests="101" time="40.971" timestamp="2026-05-30T22:47:09.329267+00:00" hostname="agent-env-fe9c72a9-12c7-48bd-96d7-9b73e074fc25"><testcase classname="backend.tests.test_iter38r_fix9a_wa_autoreply" name="test_should_autoreply_disabled" time="0.001"><failure message="ModuleNotFoundError: No module named 'routes'">E   ModuleNotFoundError: No module named 'routes'</failure></testcase><testcase classname="backend.tests.test_iter38r_fix9a_wa_autoreply" name="test_should_autoreply_denylist" time="0.001"><failure message="ModuleNotFoundError: No module named 'routes'">E   ModuleNotFoundError: No module named 'routes'</failure></testcase><testcase classname="backend.tests.test_iter38r_fix9a_wa_autoreply" name="test_should_autoreply_whitelist_excludes" time="0.001"><failure message="ModuleNotFoundError: No module named 'routes'">E   ModuleNotFoundError: No module named 'routes'</failure></testcase><testcase classname="backend.tests.test_iter38r_fix9a_wa_autoreply" name="test_should_autoreply_whitelist_includes" time="0.001"><failure message="ModuleNotFoundError: No module named 'routes'">E   ModuleNotFoundError: No module named 'routes'</failure></testcase><testcase classname="backend.tests.test_iter38r_fix9a_wa_autoreply" name="test_should_autoreply_keywords_required" time="0.001"><failure message="ModuleNotFoundError: No module named 'routes'">E   ModuleNotFoundError: No module named 'routes'</failure></testcase><testcase classname="backend.tests.test_iter38r_fix9a_wa_autoreply" name="test_should_autoreply_keyword_match" time="0.001"><failure message="ModuleNotFoundError: No module named 'routes'">E   ModuleNotFoundError: No module named 'routes'</failure></testcase><testcase classname="backend.tests.test_iter38r_fix9a_wa_autoreply" name="test_admin_endpoints_exist_and_persist" time="1.291" /><testcase classname="backend.tests.test_iter38r_fix9a_wa_autoreply" name="test_admin_endpoints_require_admin_role" time="0.078" /><testcase classname="backend.tests.test_iter38r_fix9c_liluvine_kb" name="test_kb_crud_cycle" time="0.698" /><testcase classname="backend.tests.test_iter38r_fix9c_liluvine_kb" name="test_kb_txt_upload_chunks" time="0.336" /><testcase classname="backend.tests.test_iter38r_fix9c_liluvine_kb" name="test_kb_upload_rejects_oversized" time="0.138" /><testcase classname="backend.tests.test_iter38r_fix9c_liluvine_kb" name="test_kb_upload_rejects_unsupported" time="0.082" /><testcase classname="backend.tests.test_iter38r_fix9c_liluvine_kb" name="test_kb_endpoints_require_admin" time="0.129" /><testcase classname="backend.tests.test_iter38r_fix9c_liluvine_kb" name="test_build_kb_context_respects_budget" time="0.001"><failure message="ModuleNotFoundError: No module named 'routes'">E   ModuleNotFoundError: No module named 'routes'</failure></testcase><testcase classname="backend.tests.test_iter38r_fix9d_welcome_liluvine_counter" name="test_welcome_briefing_exposes_liluvine_autoreply" time="0.494" /><testcase classname="backend.tests.test_iter38r_fix9d_welcome_liluvine_counter" name="test_welcome_briefing_counts_today_messages" time="0.086" /><testcase classname="backend.tests.test_iter38r_fix9e_branding_live_toast" name="test_branding_get_default" time="0.435" /><testcase classname="backend.tests.test_iter38r_fix9e_branding_live_toast" name="test_branding_put_persists" time="0.306" /><testcase classname="backend.tests.test_iter38r_fix9e_branding_live_toast" name="test_branding_rejects_invalid_color" time="0.066" /><testcase classname="backend.tests.test_iter38r_fix9e_branding_live_toast" name="test_branding_requires_admin" time="0.074" /><testcase classname="backend.tests.test_iter38r_fix9e_branding_live_toast" name="test_autoreply_feed_initial_empty" time="0.068" /><testcase classname="backend.tests.test_iter38r_fix9e_branding_live_toast" name="test_autoreply_feed_returns_recent_events" time="0.080" /><testcase classname="backend.tests.test_iter38r_fix9e_branding_live_toast" name="test_autoreply_feed_since_filter" time="0.071" /><testcase classname="backend.tests.test_iter38r_fix9f_shared_notes" name="test_tracked_user_can_create_notes_and_tasks" time="1.265" /><testcase classname="backend.tests.test_iter38r_fix9f_shared_notes" name="test_tracked_user_cannot_create_reports_or_suivis" time="0.143" /><testcase classname="backend.tests.test_iter38r_fix9f_shared_notes" name="test_public_note_visible_to_tracked_user" time="0.235" /><testcase classname="backend.tests.test_iter38r_fix9f_shared_notes" name="test_private_note_hidden_unless_targeted" time="0.324" /><testcase classname="backend.tests.test_iter38r_fix9f_shared_notes" name="test_scope_mine_and_scope_shared" time="0.425" /><testcase classname="backend.tests.test_iter38r_fix9f_shared_notes" name="test_tenant_id_stamped_on_create" time="0.145" /><testcase classname="backend.tests.test_iter38r_fix9g_consistency_search_eye" name="test_consistency_scan_detects_misaligned_tracked_user" time="0.430" /><testcase classname="backend.tests.test_iter38r_fix9g_consistency_search_eye" name="test_consistency_endpoint_response_shape" time="0.078" /><testcase classname="backend.tests.test_iter38r_fix9h_pack" name="test_kb_upload_unsupported_now_lists_images" time="1.906" /><testcase classname="backend.tests.test_iter38r_fix9h_pack" name="test_realign_all_requires_confirm" time="0.089" /><testcase classname="backend.tests.test_iter38r_fix9h_pack" name="test_realign_all_dry_run" time="0.077" /><testcase classname="backend.tests.test_iter38r_fix9h_pack" name="test_welcome_briefing_includes_shared_recent" time="0.082" /><testcase classname="backend.tests.test_iter38r_fix9i_addl_rbac_autoreply" name="test_takeover_requires_elevated_role" time="0.421"><skipped type="pytest.skip" message="Cannot create tracked user via /admin/users: 404 {&quot;detail&quot;:&quot;Not Found&quot;}">/app/backend/tests/test_iter38r_fix9i_addl_rbac_autoreply.py:85: Cannot create tracked user via /admin/users: 404 {"detail":"Not Found"}</skipped></testcase><testcase classname="backend.tests.test_iter38r_fix9i_addl_rbac_autoreply" name="test_wa_autoreply_skips_on_human_takeover" time="0.008" /><testcase classname="backend.tests.test_iter38r_fix9i_addl_rbac_autoreply" name="test_sessions_history_date_range_filter" time="0.156" /><testcase classname="backend.tests.test_iter38r_fix9i_takeover_and_kb_split" name="test_takeover_marks_session_and_returns_phone" time="0.452" /><testcase classname="backend.tests.test_iter38r_fix9i_takeover_and_kb_split" name="test_release_flips_back" time="0.155" /><testcase classname="backend.tests.test_iter38r_fix9i_takeover_and_kb_split" name="test_sessions_history_enriches_channel_and_preview" time="0.079" /><testcase classname="backend.tests.test_iter38r_fix9i_takeover_and_kb_split" name="test_kb_upload_rejects_image_in_classic_mode" time="0.073" /><testcase classname="backend.tests.test_iter38r_fix9i_takeover_and_kb_split" name="test_kb_upload_accepts_pdf_in_ocr_mode" time="2.126" /><testcase classname="backend.tests.test_iter38r_fix9i_takeover_and_kb_split" name="test_history_endpoint_search_filter_works" time="0.072" /><testcase classname="backend.tests.test_iter38r_fix9j_payouts_smtp" name="test_payout_requires_pawapay_enabled" time="0.441" /><testcase classname="backend.tests.test_iter38r_fix9j_payouts_smtp" name="test_payout_validates_msisdn" time="0.070" /><testcase classname="backend.tests.test_iter38r_fix9j_payouts_smtp" name="test_payout_creates_pending_record_on_network_or_4xx" time="0.680" /><testcase classname="backend.tests.test_iter38r_fix9j_payouts_smtp" name="test_payout_list_returns_kpis" time="0.074" /><testcase classname="backend.tests.test_iter38r_fix9j_payouts_smtp" name="test_webhook_requires_secret" time="0.086" /><testcase classname="backend.tests.test_iter38r_fix9j_payouts_smtp" name="test_webhook_with_valid_secret_updates_status" time="0.162" /><testcase classname="backend.tests.test_iter38r_fix9j_payouts_smtp" name="test_smtp_from_name_persists" time="0.067" /><testcase classname="backend.tests.test_iter38r_fix9k_ocr_pdf_notes_tasks" name="test_kb_ocr_usage_endpoint_returns_zero_initially" time="0.477" /><testcase classname="backend.tests.test_iter38r_fix9k_ocr_pdf_notes_tasks" name="test_kb_ocr_pdf_in_classic_mode_still_works" time="0.072" /><testcase classname="backend.tests.test_iter38r_fix9k_ocr_pdf_notes_tasks" name="test_kb_ocr_pdf_in_ocr_mode_now_supported" time="2.754" /><testcase classname="backend.tests.test_iter38r_fix9k_ocr_pdf_notes_tasks" name="test_kb_ocr_monthly_cap_blocks_at_429" time="0.074" /><testcase classname="backend.tests.test_iter38r_fix9k_ocr_pdf_notes_tasks" name="test_create_task_with_checklist_items" time="0.069" /><testcase classname="backend.tests.test_iter38r_fix9k_ocr_pdf_notes_tasks" name="test_update_task_toggles_done" time="0.337" /><testcase classname="backend.tests.test_iter38r_fix9k_ocr_pdf_notes_tasks" name="test_features_exposes_notes_strict_tasks_only" time="0.076" /><testcase classname="backend.tests.test_iter38r_fix9k_ocr_pdf_notes_tasks" name="test_settings_persists_notes_strict_tasks_only" time="0.068" /><testcase classname="backend.tests.test_iter38r_fix9l_bonus_pack" name="test_parse_task_ack_recognizes_ok_pattern" time="0.168" /><testcase classname="backend.tests.test_iter38r_fix9l_bonus_pack" name="test_parse_task_ack_rejects_non_ack_messages" time="0.000" /><testcase classname="backend.tests.test_iter38r_fix9l_bonus_pack" name="test_parse_task_ack_dedupes_and_orders" time="0.000" /><testcase classname="backend.tests.test_iter38r_fix9l_bonus_pack" name="test_me_wa_tasks_digest_get_default" time="1.465" /><testcase classname="backend.tests.test_iter38r_fix9l_bonus_pack" name="test_me_wa_tasks_digest_put_persists" time="0.135" /><testcase classname="backend.tests.test_iter38r_fix9l_bonus_pack" name="test_me_wa_tasks_digest_validates_hour" time="1.104" /><testcase classname="backend.tests.test_iter38r_fix9l_bonus_pack" name="test_me_gdpr_export_returns_user_payload" time="0.083" /><testcase classname="backend.tests.test_iter38r_fix9l_bonus_pack" name="test_admin_run_wa_digest_endpoint_works" time="0.065" /><testcase classname="backend.tests.test_iter38r_fix9l_bonus_pack" name="test_admin_run_liluvine_weekly_digest_endpoint_works" time="0.096" /><testcase classname="backend.tests.test_iter38r_fix9l_bonus_pack" name="test_admin_gdpr_anonymize_now_endpoint_skips_when_disabled" time="0.091" /><testcase classname="backend.tests.test_iter38r_fix9l_bonus_pack" name="test_admin_gdpr_anonymize_dry_run_when_enabled" time="0.082" /><testcase classname="backend.tests.test_iter38r_fix9l_bonus_pack" name="test_apply_task_ack_marks_items_done" time="0.006" /><testcase classname="backend.tests.test_iter38r_fix9m_ai_media" name="test_imagen_4_generates_image_inline" time="10.650" /><testcase classname="backend.tests.test_iter38r_fix9m_ai_media" name="test_imagen_4_rejects_empty_prompt" time="0.123" /><testcase classname="backend.tests.test_iter38r_fix9m_ai_media" name="test_voices_list_empty_initially" time="0.070" /><testcase classname="backend.tests.test_iter38r_fix9m_ai_media" name="test_tts_validates_inputs" time="0.144" /><testcase classname="backend.tests.test_iter38r_fix9m_ai_media" name="test_veo_initiate_creates_job" time="2.086" /><testcase classname="backend.tests.test_iter38r_fix9m_ai_media" name="test_tts_endpoint_rejects_unknown_voice" time="0.138" /><testcase classname="backend.tests.test_iter38r_fix9n_checkout_coupons" name="test_create_coupon_admin_only" time="0.465" /><testcase classname="backend.tests.test_iter38r_fix9n_checkout_coupons" name="test_duplicate_coupon_rejected" time="0.068" /><testcase classname="backend.tests.test_iter38r_fix9n_checkout_coupons" name="test_list_coupons" time="0.064" /><testcase classname="backend.tests.test_iter38r_fix9n_checkout_coupons" name="test_validate_coupon_public" time="0.069" /><testcase classname="backend.tests.test_iter38r_fix9n_checkout_coupons" name="test_validate_unknown_coupon" time="0.079" /><testcase classname="backend.tests.test_iter38r_fix9n_checkout_coupons" name="test_checkout_creates_stripe_session" time="0.672" /><testcase classname="backend.tests.test_iter38r_fix9n_checkout_coupons" name="test_checkout_applies_coupon" time="0.724" /><testcase classname="backend.tests.test_iter38r_fix9n_checkout_coupons" name="test_checkout_404_on_unknown_product" time="0.076" /><testcase classname="backend.tests.test_iter38r_fix9n_checkout_coupons" name="test_order_status_returns_pending" time="1.233" /><testcase classname="backend.tests.test_iter38r_fix9n_checkout_coupons" name="test_delete_coupon" time="0.083" /><testcase classname="backend.tests.test_iter38r_fix9o_tickets_bubble" name="test_intervention_reasons_returns_defaults" time="0.431" /><testcase classname="backend.tests.test_iter38r_fix9o_tickets_bubble" name="test_quick_ticket_requires_client_id" time="0.086" /><testcase classname="backend.tests.test_iter38r_fix9o_tickets_bubble" name="test_quick_ticket_requires_reason" time="0.167" /><testcase classname="backend.tests.test_iter38r_fix9o_tickets_bubble" name="test_quick_ticket_creates_contact_and_ticket" time="0.095" /><testcase classname="backend.tests.test_iter38r_fix9o_tickets_bubble" name="test_quick_ticket_reuses_existing_contact" time="0.082" /><testcase classname="backend.tests.test_iter38r_fix9o_tickets_bubble" name="test_client_features_update_accepts_tickets_bubble" time="0.156" /><testcase classname="backend.tests.test_iter38r_fix9o_tickets_bubble" name="test_wa_otp_request_validates_msisdn" time="0.065" /><testcase classname="backend.tests.test_iter38r_fix9o_tickets_bubble" name="test_wa_otp_request_needs_wa_config" time="0.082" /><testcase classname="backend.tests.test_iter38r_fix9o_tickets_bubble" name="test_wa_otp_verify_rejects_bad_code" time="0.067" /><testcase classname="backend.tests.test_iter38r_fix9o_tickets_bubble" name="test_wa_otp_verify_expired" time="0.061" /><testcase classname="backend.tests.test_iter38r_fix9o_tickets_bubble" name="test_wa_otp_verify_success_creates_demo_user" time="0.297" /><testcase classname="backend.tests.test_iter38r_fix9o_tickets_bubble" name="test_admin_wa_demo_recent_endpoint" time="0.070" /><testcase classname="backend.tests.test_iter38r_fix9o_tickets_bubble" name="test_welcome_briefing_includes_wa_demo" time="0.083" /><testcase classname="backend.tests.test_iter38r_fix9o_tickets_bubble" name="test_admin_wa_demo_mark_seen" time="0.209" /></testsuite></testsuites>