<?xml version="1.0" encoding="utf-8"?><testsuites name="pytest tests"><testsuite name="pytest" errors="0" failures="0" skipped="0" tests="16" time="1.331" timestamp="2026-06-28T20:33:46.279550+00:00" hostname="agent-env-fe9c72a9-12c7-48bd-96d7-9b73e074fc25"><testcase classname="tests.test_iter74_garde_route_fix" name="test_reset_year_returns_200_not_422" time="0.507" /><testcase classname="tests.test_iter74_garde_route_fix" name="test_delete_single_week_regression" time="0.462" /><testcase classname="tests.test_iter74_garde_route_fix" name="test_garde_current_exposes_period_start_end" time="0.100" /><testcase classname="tests.test_iter43_fix24az_d_garde_rotation" name="test_saturday_noon_week_year_monday_to_friday" time="0.153" /><testcase classname="tests.test_iter43_fix24az_d_garde_rotation" name="test_saturday_noon_week_year_saturday_boundary" time="0.000" /><testcase classname="tests.test_iter43_fix24az_d_garde_rotation" name="test_saturday_noon_week_year_sunday" time="0.000" /><testcase classname="tests.test_iter43_fix24az_d_garde_rotation" name="test_next_rotation_iso_saturday_noon" time="0.000" /><testcase classname="tests.test_iter43_fix24az_d_garde_rotation" name="test_next_rotation_iso_monday_midnight_legacy" time="0.000" /><testcase classname="tests.test_iter43_fix24az_d_garde_rotation" name="test_current_garde_week_default_mode_is_saturday_noon" time="0.001" /><testcase classname="tests.test_iter43_fix24az_d_garde_rotation" name="test_current_garde_week_honors_legacy_mode" time="0.000" /><testcase classname="tests.test_iter43_fix24az_d_garde_rotation" name="test_iso_week_sanity" time="0.000" /><testcase classname="tests.test_iter43_fix24az_e_period_dates" name="test_period_dates_saturday_noon_basic" time="0.000" /><testcase classname="tests.test_iter43_fix24az_e_period_dates" name="test_period_dates_monday_midnight_legacy" time="0.000" /><testcase classname="tests.test_iter43_fix24az_e_period_dates" name="test_period_dates_end_of_year_crossover" time="0.000" /><testcase classname="tests.test_iter43_fix24az_e_period_dates" name="test_current_garde_period_includes_dates" time="0.000" /><testcase classname="tests.test_iter43_fix24az_e_period_dates" name="test_current_garde_period_legacy_mode" time="0.000" /></testsuite></testsuites>