<?xml version="1.0" encoding="utf-8"?><testsuites name="pytest tests"><testsuite name="pytest" errors="0" failures="0" skipped="0" tests="22" time="13.499" timestamp="2026-07-18T03:19:01.548043+00:00" hostname="agent-env-fe9c72a9-12c7-48bd-96d7-9b73e074fc25"><testcase classname="backend.tests.test_iter43_fix24az_f_production" name="test_non_fabricant_gets_403" time="1.110" /><testcase classname="backend.tests.test_iter43_fix24az_f_production" name="test_intrant_crud" time="1.314" /><testcase classname="backend.tests.test_iter43_fix24az_f_production" name="test_recipe_computation" time="0.547" /><testcase classname="backend.tests.test_iter43_fix24az_f_production" name="test_settings_default_margin" time="0.259" /><testcase classname="backend.tests.test_iter43_fix24az_f_production" name="test_pdf_export" time="0.319" /><testcase classname="backend.tests.test_iter43_fix24az_f_production" name="test_user_me_exposes_business_type" time="0.086" /><testcase classname="backend.tests.test_iter43_fix24az_f_production" name="test_analytics_payload_shape" time="0.406" /><testcase classname="backend.tests.test_iter43_fix24az_f_production" name="test_dosage_based_cost_model" time="0.430" /><testcase classname="backend.tests.test_iter43_fix24az_k_vidal_webhook" name="test_config_has_webhook_fields" time="0.084" /><testcase classname="backend.tests.test_iter43_fix24az_k_vidal_webhook" name="test_config_persists_webhook_update" time="0.230" /><testcase classname="backend.tests.test_iter43_fix24az_k_vidal_webhook" name="test_callback_endpoint_rejects_unknown_correlation" time="0.077" /><testcase classname="backend.tests.test_iter43_fix24az_k_vidal_webhook" name="test_callback_endpoint_rejects_missing_correlation" time="0.075" /><testcase classname="backend.tests.test_iter43_fix24az_k_vidal_webhook" name="test_dispatch_and_callback_end_to_end" time="0.817" /><testcase classname="backend.tests.test_iter43_fix24az_k_vidal_webhook" name="test_dispatch_timeout_when_no_callback" time="5.822" /><testcase classname="backend.tests.test_iter43_fix24az_l_wa_dedup" name="test_wa_inbound_dedup_single_write" time="0.196" /><testcase classname="backend.tests.test_iter43_fix24az_l_wa_dedup" name="test_wa_inbound_different_ids_both_written" time="0.198" /><testcase classname="backend.tests.test_iter43_fix24az_l_wa_dedup" name="test_wa_dedup_index_created" time="0.001" /><testcase classname="backend.tests.test_iter43_fix24az_l_story_upload" name="test_upload_requires_admin_auth" time="0.072" /><testcase classname="backend.tests.test_iter43_fix24az_l_story_upload" name="test_upload_png_creates_story_asset" time="0.504" /><testcase classname="backend.tests.test_iter43_fix24az_l_story_upload" name="test_upload_mp4_returns_kind_video" time="0.527" /><testcase classname="backend.tests.test_iter43_fix24az_l_story_upload" name="test_upload_missing_file_returns_400" time="0.070" /><testcase classname="backend.tests.test_iter43_fix24az_l_story_upload" name="test_upload_empty_body_returns_400" time="0.072" /></testsuite></testsuites>