<?xml version="1.0" encoding="utf-8"?><testsuites name="pytest tests"><testsuite name="pytest" errors="0" failures="0" skipped="0" tests="11" time="2.138" timestamp="2026-06-10T22:43:47.203056+00:00" hostname="agent-env-fe9c72a9-12c7-48bd-96d7-9b73e074fc25"><testcase classname="tests.test_iter43_tenant_sharing" name="test_resolve_visible_owner_ids_or_mode" time="0.012" /><testcase classname="tests.test_iter43_tenant_sharing" name="test_resolve_visible_owner_ids_and_mode" time="0.004" /><testcase classname="tests.test_iter43_tenant_sharing" name="test_stranger_not_visible" time="0.003" /><testcase classname="tests.test_iter43_tenant_sharing" name="test_contact_groups_shared_visible_to_colleague" time="0.596" /><testcase classname="tests.test_iter43_tenant_sharing" name="test_contact_groups_private_NOT_visible_to_colleague" time="0.371" /><testcase classname="tests.test_iter43_tenant_sharing" name="test_contact_groups_delete_reserved_to_owner" time="0.154" /><testcase classname="tests.test_iter43_tenant_sharing" name="test_user_notes_shared_visible_to_colleague" time="0.175" /><testcase classname="tests.test_iter43_tenant_sharing" name="test_user_notes_private_NOT_visible_to_colleague" time="0.143" /><testcase classname="tests.test_iter43_tenant_sharing" name="test_user_notes_collaborative_edit" time="0.158" /><testcase classname="tests.test_iter43_tenant_sharing" name="test_user_notes_no_collab_edit_when_disabled" time="0.164" /><testcase classname="tests.test_iter43_tenant_sharing" name="test_tickets_shared_visible_to_colleague" time="0.141" /></testsuite></testsuites>