<?xml version="1.0" encoding="utf-8"?><testsuites name="pytest tests"><testsuite name="pytest" errors="0" failures="0" skipped="0" tests="9" time="9.553" timestamp="2026-06-07T02:04:11.106401+00:00" hostname="agent-env-fe9c72a9-12c7-48bd-96d7-9b73e074fc25"><testcase classname="backend.tests.test_iter42b_extra_settings_and_otp" name="test_put_admin_settings_with_officine_otp_template_persists" time="0.207" /><testcase classname="backend.tests.test_iter42b_extra_settings_and_otp" name="test_officines_portal_request_otp_returns_coherent_status" time="0.090" /><testcase classname="backend.tests.test_iter42b_csv_and_roles" name="test_csv_import_success" time="0.109" /><testcase classname="backend.tests.test_iter42b_csv_and_roles" name="test_csv_import_rejects_on_db_conflict" time="0.085" /><testcase classname="backend.tests.test_iter42b_csv_and_roles" name="test_csv_import_rejects_intra_file_duplicates" time="0.064" /><testcase classname="backend.tests.test_iter42b_csv_and_roles" name="test_editeur_vidal_cannot_write" time="0.259" /><testcase classname="backend.tests.test_iter42b_csv_and_roles" name="test_post_amm_without_amm_number" time="0.071" /><testcase classname="backend.tests.test_iter42b_csv_and_roles" name="test_admin_synthese_test_endpoint" time="8.339" /><testcase classname="backend.tests.test_iter42b_csv_and_roles" name="test_admin_officine_otp_test_requires_wa_config" time="0.105" /></testsuite></testsuites>