<?xml version="1.0" encoding="utf-8"?><testsuites name="pytest tests"><testsuite name="pytest" errors="0" failures="0" skipped="0" tests="3" time="0.242" timestamp="2026-06-14T01:18:30.989630+00:00" hostname="agent-env-fe9c72a9-12c7-48bd-96d7-9b73e074fc25"><testcase classname="backend.tests.test_iter60_p2_extras.TestSocialAccountsNoTokenLeak" name="test_list_does_not_expose_tokens" time="0.016" /><testcase classname="backend.tests.test_iter60_p2_extras.TestPublishNow" name="test_publish_now_relaunches_draft" time="0.009" /><testcase classname="backend.tests.test_iter60_p2_extras.TestPublishNow" name="test_publish_now_404_unknown" time="0.005" /></testsuite></testsuites>