<?xml version="1.0" encoding="utf-8"?><testsuites name="pytest tests"><testsuite name="pytest" errors="0" failures="3" skipped="0" tests="40" time="7.642" timestamp="2026-06-12T00:30:00.143134+00:00" hostname="agent-env-fe9c72a9-12c7-48bd-96d7-9b73e074fc25"><testcase classname="backend.tests.test_iter40_error_registry" name="test_webhook_rejects_invalid_token" time="1.731" /><testcase classname="backend.tests.test_iter40_error_registry" name="test_webhook_accepts_valid_token" time="0.064" /><testcase classname="backend.tests.test_iter40_error_registry" name="test_webhook_auto_generates_number" time="0.065" /><testcase classname="backend.tests.test_iter40_error_registry" name="test_list_with_filters" time="0.418" /><testcase classname="backend.tests.test_iter40_error_registry" name="test_stats_endpoint" time="0.345" /><testcase classname="backend.tests.test_iter40_error_registry" name="test_acknowledge_and_soft_delete" time="0.276" /><testcase classname="backend.tests.test_iter40_error_registry" name="test_client_cannot_access" time="0.125" /><testcase classname="backend.tests.test_iter40_error_registry" name="test_admin_cannot_purge" time="0.075" /><testcase classname="backend.tests.test_iter40_error_registry" name="test_superviseur_can_purge" time="0.195" /><testcase classname="backend.tests.test_iter40_error_registry" name="test_purge_requires_criteria" time="0.063" /><testcase classname="backend.tests.test_iter42d_incidents_and_lookup" name="test_incidents_webhook_unconfigured_returns_503" time="0.073" /><testcase classname="backend.tests.test_iter42d_incidents_and_lookup" name="test_incidents_webhook_regenerate_and_post" time="0.408" /><testcase classname="backend.tests.test_iter42d_incidents_and_lookup" name="test_incidents_webhook_disable" time="0.201" /><testcase classname="backend.tests.test_iter42d_incidents_and_lookup" name="test_incidents_webhook_aizenta_format" time="0.154" /><testcase classname="backend.tests.test_iter42d_incidents_and_lookup" name="test_incidents_webhook_aizenta_password_in_body" time="0.126" /><testcase classname="backend.tests.test_iter42d_incidents_and_lookup" name="test_lookup_amm_found_with_country" time="0.065" /><testcase classname="backend.tests.test_iter42d_incidents_and_lookup" name="test_lookup_amm_not_found_returns_friendly_message" time="0.070" /><testcase classname="backend.tests.test_iter42d_incidents_and_lookup" name="test_lookup_amm_detects_expired" time="0.069" /><testcase classname="backend.tests.test_iter42d_incidents_and_lookup" name="test_create_amm_uses_default_country" time="0.062" /><testcase classname="backend.tests.test_iter42d_incidents_and_lookup" name="test_create_amm_explicit_country_overrides_default" time="0.065" /><testcase classname="backend.tests.test_iter43_tenant_sharing" name="test_resolve_visible_owner_ids_or_mode" time="0.005"><failure message="ModuleNotFoundError: No module named 'routes'">backend/tests/test_iter43_tenant_sharing.py:116: in test_resolve_visible_owner_ids_or_mode
    ids = asyncio.get_event_loop().run_until_complete(run())
          ^^^^^^^^^^^^^^^^^^^^^^^^^^^^^^^^^^^^^^^^^^^^^^^^^^
/usr/local/lib/python3.11/asyncio/base_events.py:654: in run_until_complete
    return future.result()
           ^^^^^^^^^^^^^^^
backend/tests/test_iter43_tenant_sharing.py:111: in run
    from routes.tenant_sharing import resolve_visible_owner_ids
E   ModuleNotFoundError: No module named 'routes'</failure></testcase><testcase classname="backend.tests.test_iter43_tenant_sharing" name="test_resolve_visible_owner_ids_and_mode" time="0.002"><failure message="ModuleNotFoundError: No module named 'routes'">backend/tests/test_iter43_tenant_sharing.py:136: in test_resolve_visible_owner_ids_and_mode
    ids = asyncio.get_event_loop().run_until_complete(run())
          ^^^^^^^^^^^^^^^^^^^^^^^^^^^^^^^^^^^^^^^^^^^^^^^^^^
/usr/local/lib/python3.11/asyncio/base_events.py:654: in run_until_complete
    return future.result()
           ^^^^^^^^^^^^^^^
backend/tests/test_iter43_tenant_sharing.py:131: in run
    from routes.tenant_sharing import resolve_visible_owner_ids
E   ModuleNotFoundError: No module named 'routes'</failure></testcase><testcase classname="backend.tests.test_iter43_tenant_sharing" name="test_stranger_not_visible" time="0.003"><failure message="ModuleNotFoundError: No module named 'routes'">backend/tests/test_iter43_tenant_sharing.py:152: in test_stranger_not_visible
    ids = asyncio.get_event_loop().run_until_complete(run())
          ^^^^^^^^^^^^^^^^^^^^^^^^^^^^^^^^^^^^^^^^^^^^^^^^^^
/usr/local/lib/python3.11/asyncio/base_events.py:654: in run_until_complete
    return future.result()
           ^^^^^^^^^^^^^^^
backend/tests/test_iter43_tenant_sharing.py:147: in run
    from routes.tenant_sharing import resolve_visible_owner_ids
E   ModuleNotFoundError: No module named 'routes'</failure></testcase><testcase classname="backend.tests.test_iter43_tenant_sharing" name="test_contact_groups_shared_visible_to_colleague" time="0.140" /><testcase classname="backend.tests.test_iter43_tenant_sharing" name="test_contact_groups_private_NOT_visible_to_colleague" time="0.193" /><testcase classname="backend.tests.test_iter43_tenant_sharing" name="test_contact_groups_delete_reserved_to_owner" time="0.136" /><testcase classname="backend.tests.test_iter43_tenant_sharing" name="test_user_notes_shared_visible_to_colleague" time="0.131" /><testcase classname="backend.tests.test_iter43_tenant_sharing" name="test_user_notes_private_NOT_visible_to_colleague" time="0.129" /><testcase classname="backend.tests.test_iter43_tenant_sharing" name="test_user_notes_collaborative_edit" time="0.135" /><testcase classname="backend.tests.test_iter43_tenant_sharing" name="test_user_notes_no_collab_edit_when_disabled" time="0.147" /><testcase classname="backend.tests.test_iter43_tenant_sharing" name="test_tickets_shared_visible_to_colleague" time="0.146" /><testcase classname="backend.tests.test_iter43_bulk_and_migration" name="test_errors_ingest_flat_format" time="0.073" /><testcase classname="backend.tests.test_iter43_bulk_and_migration" name="test_errors_ingest_aizenta_wrapper" time="0.063" /><testcase classname="backend.tests.test_iter43_bulk_and_migration" name="test_errors_ingest_biolog_wrapper" time="0.063" /><testcase classname="backend.tests.test_iter43_bulk_and_migration" name="test_errors_bulk_delete_admin" time="0.269" /><testcase classname="backend.tests.test_iter43_bulk_and_migration" name="test_errors_bulk_delete_client_blocked" time="0.193" /><testcase classname="backend.tests.test_iter43_bulk_and_migration" name="test_errors_reset_all" time="0.501" /><testcase classname="backend.tests.test_iter43_bulk_and_migration" name="test_tickets_bulk_delete_admin" time="0.074" /><testcase classname="backend.tests.test_iter43_bulk_and_migration" name="test_tickets_bulk_delete_client_blocked" time="0.083" /><testcase classname="backend.tests.test_iter43_bulk_and_migration" name="test_migrate_tickets_to_error_registry" time="0.138" /></testsuite></testsuites>