<?xml version="1.0" encoding="utf-8"?><testsuites name="pytest tests"><testsuite name="pytest" errors="0" failures="0" skipped="0" tests="72" time="11.606" timestamp="2026-07-21T17:53:45.717294+00:00" hostname="agent-env-fe9c72a9-12c7-48bd-96d7-9b73e074fc25"><testcase classname="tests.test_iter43_fix24az_r_tracked_user_and_assist_group" name="test_create_tracked_user_with_empty_string_email_fails_gracefully" time="0.340" /><testcase classname="tests.test_iter43_fix24az_r_tracked_user_and_assist_group" name="test_create_tracked_user_with_null_email_succeeds" time="0.116" /><testcase classname="tests.test_iter43_fix24az_r_tracked_user_and_assist_group" name="test_create_tracked_user_medecin_role_accepted" time="0.075" /><testcase classname="tests.test_iter43_fix24az_r_tracked_user_and_assist_group" name="test_list_planning_includes_assist_group_field" time="0.103" /><testcase classname="tests.test_iter43_fix24az_r_tracked_user_and_assist_group" name="test_set_assist_group_persists" time="0.112" /><testcase classname="tests.test_iter43_fix24az_r_tracked_user_and_assist_group" name="test_reject_assist_equals_standard" time="0.073" /><testcase classname="tests.test_iter43_fix24az_r_tracked_user_and_assist_group" name="test_clear_assist_group" time="0.236" /><testcase classname="tests.test_iter43_fix24az_r_tracked_user_and_assist_group" name="test_reject_missing_both_fields" time="0.107" /><testcase classname="tests.test_iter43_fix24az_r_tracked_user_and_assist_group" name="test_public_current_exposes_assist_officines" time="0.095" /><testcase classname="tests.test_iter43_fix24az_r_tracked_user_and_assist_group" name="test_public_current_returns_assist_officines_when_configured" time="0.165" /><testcase classname="tests.test_iter43_fix24az_l_story_upload" name="test_upload_requires_admin_auth" time="0.076" /><testcase classname="tests.test_iter43_fix24az_l_story_upload" name="test_upload_png_creates_story_asset" time="0.848" /><testcase classname="tests.test_iter43_fix24az_l_story_upload" name="test_upload_mp4_returns_kind_video" time="0.709" /><testcase classname="tests.test_iter43_fix24az_l_story_upload" name="test_upload_missing_file_returns_400" time="0.067" /><testcase classname="tests.test_iter43_fix24az_l_story_upload" name="test_upload_empty_body_returns_400" time="0.076" /><testcase classname="tests.test_iter43_fix24az_l_validation.TestCrossTenantLeak" name="test_tenant_A_does_not_see_B[/admin/documents-documents]" time="1.585" /><testcase classname="tests.test_iter43_fix24az_l_validation.TestCrossTenantLeak" name="test_tenant_A_does_not_see_B[/admin/appointments-appointments]" time="0.086" /><testcase classname="tests.test_iter43_fix24az_l_validation.TestCrossTenantLeak" name="test_tenant_A_does_not_see_B[/admin/interventions-interventions]" time="0.072" /><testcase classname="tests.test_iter43_fix24az_l_validation.TestCrossTenantLeak" name="test_tenant_A_does_not_see_B[/me/notes/reports-notes_reports]" time="0.074" /><testcase classname="tests.test_iter43_fix24az_l_validation.TestCrossTenantLeak" name="test_tenant_A_does_not_see_B[/me/notes/suivis-notes_suivis]" time="0.088" /><testcase classname="tests.test_iter43_fix24az_l_validation.TestCrossTenantLeak" name="test_tenant_A_does_not_see_B[/me/notes/notes-notes_notes]" time="0.069" /><testcase classname="tests.test_iter43_fix24az_l_validation.TestCrossTenantLeak" name="test_tenant_B_does_not_see_A[/admin/documents-documents]" time="0.092" /><testcase classname="tests.test_iter43_fix24az_l_validation.TestCrossTenantLeak" name="test_tenant_B_does_not_see_A[/admin/appointments-appointments]" time="0.063" /><testcase classname="tests.test_iter43_fix24az_l_validation.TestCrossTenantLeak" name="test_tenant_B_does_not_see_A[/admin/interventions-interventions]" time="0.079" /><testcase classname="tests.test_iter43_fix24az_l_validation.TestCrossTenantLeak" name="test_tenant_B_does_not_see_A[/me/notes/reports-notes_reports]" time="0.074" /><testcase classname="tests.test_iter43_fix24az_l_validation.TestCrossTenantLeak" name="test_tenant_B_does_not_see_A[/me/notes/suivis-notes_suivis]" time="0.076" /><testcase classname="tests.test_iter43_fix24az_l_validation.TestCrossTenantLeak" name="test_tenant_B_does_not_see_A[/me/notes/notes-notes_notes]" time="0.070" /><testcase classname="tests.test_iter43_fix24az_l_validation.TestCrossTenantLeak" name="test_super_admin_sees_both" time="0.514" /><testcase classname="tests.test_iter43_fix24az_l_validation.TestRecipeDuplicate" name="test_duplicate_clears_dosage_and_appends_copie" time="0.423" /><testcase classname="tests.test_iter43_fix24az_l_validation.TestRecipeUniqueness" name="test_create_duplicate_returns_409" time="0.143" /><testcase classname="tests.test_iter43_fix24az_l_validation.TestDosageCostModel" name="test_packaging_and_other_are_fixed" time="0.718" /><testcase classname="tests.test_iter43_fix24az_l_validation.TestTikTokPrivacyToggle" name="test_default_self_only" time="0.103" /><testcase classname="tests.test_iter43_fix24az_l_validation.TestTikTokPrivacyToggle" name="test_put_and_get_public" time="0.231" /><testcase classname="tests.test_iter43_fix24az_l_wa_dedup" name="test_wa_inbound_dedup_single_write" time="0.204" /><testcase classname="tests.test_iter43_fix24az_l_wa_dedup" name="test_wa_inbound_different_ids_both_written" time="0.160" /><testcase classname="tests.test_iter43_fix24az_l_wa_dedup" name="test_wa_dedup_index_created" time="0.001" /><testcase classname="tests.test_iter43_fix24az_o_liluvine_reactions" name="test_norm_removes_accents_and_ponct" time="0.000" /><testcase classname="tests.test_iter43_fix24az_o_liluvine_reactions" name="test_similarity_scores" time="0.000" /><testcase classname="tests.test_iter43_fix24az_o_liluvine_reactions" name="test_fuzzy_match_garde_variations" time="0.004" /><testcase classname="tests.test_iter43_fix24az_o_liluvine_reactions" name="test_fuzzy_no_match_random_text" time="0.002" /><testcase classname="tests.test_iter43_fix24az_o_liluvine_reactions" name="test_fuzzy_match_meteo_via_synonym" time="0.001" /><testcase classname="tests.test_iter43_fix24az_o_liluvine_reactions" name="test_ad_template_exact_match" time="0.000" /><testcase classname="tests.test_iter43_fix24az_o_liluvine_reactions" name="test_ad_template_variation_match" time="0.000" /><testcase classname="tests.test_iter43_fix24az_o_liluvine_reactions" name="test_ad_template_fuzzy_match" time="0.000" /><testcase classname="tests.test_iter43_fix24az_o_liluvine_reactions" name="test_ad_template_inactive_ignored" time="0.000" /><testcase classname="tests.test_iter43_fix24az_o_liluvine_reactions" name="test_get_reactions_config" time="0.078" /><testcase classname="tests.test_iter43_fix24az_o_liluvine_reactions" name="test_put_reactions_config" time="0.169" /><testcase classname="tests.test_iter43_fix24az_o_liluvine_reactions" name="test_create_update_delete_template" time="0.284" /><testcase classname="tests.test_iter43_fix24az_o_liluvine_reactions" name="test_get_stats_returns_totals" time="0.091" /><testcase classname="tests.test_iter43_fix24az_p_liluvine_reactions_ext" name="test_try_reply_ad_template_calls_wa_send_media_when_url" time="0.015" /><testcase classname="tests.test_iter43_fix24az_p_liluvine_reactions_ext" name="test_try_reply_ad_template_fallback_text_when_no_media" time="0.005" /><testcase classname="tests.test_iter43_fix24az_p_liluvine_reactions_ext" name="test_contact_history_returns_interactions" time="0.085" /><testcase classname="tests.test_iter43_fix24az_p_liluvine_reactions_ext" name="test_contact_history_404_when_contact_missing" time="0.067" /><testcase classname="tests.test_iter43_fix24az_p_liluvine_reactions_ext" name="test_unmatched_suggestions_lifecycle" time="0.314" /><testcase classname="tests.test_iter43_fix24az_p_liluvine_reactions_ext" name="test_csv_bulk_upload_creates_templates" time="0.091" /><testcase classname="tests.test_iter43_fix24az_p_liluvine_reactions_ext" name="test_csv_bulk_upload_dry_run_no_insert" time="0.071" /><testcase classname="tests.test_iter43_fix24az_p_liluvine_reactions_ext" name="test_csv_bulk_upload_rejects_missing_columns" time="0.076" /><testcase classname="tests.test_iter43_fix24az_p_liluvine_reactions_ext" name="test_csv_bulk_upload_semicolon_delimiter" time="0.075" /><testcase classname="tests.test_iter43_fix24az_p_liluvine_reactions_ext" name="test_config_supports_unmatched_capture_toggle" time="0.162" /><testcase classname="tests.test_iter43_fix24az_p_liluvine_reactions_ext" name="test_admin_endpoints_require_admin_auth" time="0.152" /><testcase classname="tests.test_iter43_fix24az_q_wa_helpers_refactor" name="test_normalize_wa_phone_strips_non_digits" time="0.001" /><testcase classname="tests.test_iter43_fix24az_q_wa_helpers_refactor" name="test_wa_kind_for_mime_covers_meta_types" time="0.000" /><testcase classname="tests.test_iter43_fix24az_q_wa_helpers_refactor" name="test_wa_window_open_boundary" time="0.000" /><testcase classname="tests.test_iter43_fix24az_q_wa_helpers_refactor" name="test_wa_apply_image_watermark_qr_noop_without_inputs" time="0.001" /><testcase classname="tests.test_iter43_fix24az_q_wa_helpers_refactor" name="test_server_module_reexports_helpers" time="0.999" /><testcase classname="tests.test_iter43_fix24az_q_wa_helpers_refactor" name="test_factory_returns_all_helpers" time="0.001" /><testcase classname="tests.test_iter43_fix24az_s_wa_garde_assist_reply" name="test_reply_nonempty_when_assist_group_defined" time="0.014" /><testcase classname="tests.test_iter43_fix24az_s_wa_garde_assist_reply" name="test_no_italic_wrap_on_lines_containing_underscore" time="0.007" /><testcase classname="tests.test_iter43_fix24az_s_wa_garde_assist_reply" name="test_assist_group_prefix_and_italic_title" time="0.007" /><testcase classname="tests.test_iter43_fix24az_s_wa_garde_assist_reply" name="test_no_assist_section_when_assist_group_none" time="0.006" /><testcase classname="tests.test_iter43_fix24az_s_wa_garde_assist_reply" name="test_reply_under_4096_with_many_officines" time="0.017" /><testcase classname="tests.test_iter43_fix24az_s_wa_garde_assist_reply" name="test_public_garde_current_returns_assist_fields" time="0.101" /></testsuite></testsuites>