<?xml version="1.0" encoding="utf-8"?><testsuites name="pytest tests"><testsuite name="pytest" errors="0" failures="0" skipped="0" tests="7" time="8.735" timestamp="2026-06-07T02:02:24.314587+00:00" hostname="agent-env-fe9c72a9-12c7-48bd-96d7-9b73e074fc25"><testcase classname="backend.tests.test_iter42b_csv_and_roles" name="test_csv_import_success" time="0.120" /><testcase classname="backend.tests.test_iter42b_csv_and_roles" name="test_csv_import_rejects_on_db_conflict" time="0.313" /><testcase classname="backend.tests.test_iter42b_csv_and_roles" name="test_csv_import_rejects_intra_file_duplicates" time="0.083" /><testcase classname="backend.tests.test_iter42b_csv_and_roles" name="test_editeur_vidal_cannot_write" time="0.223" /><testcase classname="backend.tests.test_iter42b_csv_and_roles" name="test_post_amm_without_amm_number" time="0.078" /><testcase classname="backend.tests.test_iter42b_csv_and_roles" name="test_admin_synthese_test_endpoint" time="7.399" /><testcase classname="backend.tests.test_iter42b_csv_and_roles" name="test_admin_officine_otp_test_requires_wa_config" time="0.317" /></testsuite></testsuites>