<?xml version="1.0" encoding="utf-8"?><testsuites name="pytest tests"><testsuite name="pytest" errors="0" failures="0" skipped="0" tests="41" time="14.979" timestamp="2026-05-31T21:33:26.575276+00:00" hostname="agent-env-fe9c72a9-12c7-48bd-96d7-9b73e074fc25"><testcase classname="backend.tests.test_iter38r_fix9z7_wa_live" name="test_reminder_sends_email_and_wa_when_both_enabled" time="0.185" /><testcase classname="backend.tests.test_iter38r_fix9z7_wa_live" name="test_reminder_wa_only_no_email_required" time="0.004" /><testcase classname="backend.tests.test_iter38r_fix9z7_wa_live" name="test_reminder_wa_enabled_but_no_phone_is_skipped_silently" time="0.004" /><testcase classname="backend.tests.test_iter38r_fix9z7_wa_live" name="test_ws_ad_banners_live_snapshot_and_broadcast" time="0.702" /><testcase classname="backend.tests.test_iter38r_fix9z7_wa_live" name="test_ws_rejects_invalid_token" time="0.086" /><testcase classname="backend.tests.test_iter38r_fix9z7_wa_live" name="test_ws_rejects_non_admin" time="0.297" /><testcase classname="backend.tests.test_iter38r_fix9z8_self_service" name="test_media_update_rejects_bad_token" time="0.168" /><testcase classname="backend.tests.test_iter38r_fix9z8_self_service" name="test_media_update_applies_only_whitelisted_fields" time="0.151" /><testcase classname="backend.tests.test_iter38r_fix9z8_self_service" name="test_media_update_empty_payload_rejected" time="0.145" /><testcase classname="backend.tests.test_iter38r_fix9z8_self_service" name="test_media_update_accepts_variant_b_fields" time="0.166" /><testcase classname="backend.tests.test_iter38r_fix9z8_self_service" name="test_checkout_rejects_bad_token" time="0.169" /><testcase classname="backend.tests.test_iter38r_fix9z8_self_service" name="test_checkout_rejects_invalid_amount" time="0.154" /><testcase classname="backend.tests.test_iter38r_fix9z8_self_service" name="test_payment_status_not_found_returns_404" time="0.152" /><testcase classname="backend.tests.test_iter38r_fix9z8_self_service" name="test_checkout_creates_ad_renewals_row_when_stripe_configured" time="0.737" /><testcase classname="backend.tests.test_iter38r_fix9z6_ab_reminder" name="test_ab_create_persists_variant_b_and_zero_counters" time="0.074" /><testcase classname="backend.tests.test_iter38r_fix9z6_ab_reminder" name="test_ab_impression_variant_b_only_bumps_b" time="0.216" /><testcase classname="backend.tests.test_iter38r_fix9z6_ab_reminder" name="test_ab_click_variant_b_returns_variant_b_target" time="0.147" /><testcase classname="backend.tests.test_iter38r_fix9z6_ab_reminder" name="test_ab_invalid_variant_param_rejected" time="0.080" /><testcase classname="backend.tests.test_iter38r_fix9z6_ab_reminder" name="test_ab_stats_endpoint_returns_per_variant_breakdown_and_winner" time="6.840" /><testcase classname="backend.tests.test_iter38r_fix9z6_ab_reminder" name="test_ab_disabled_returns_only_variant_a" time="0.146" /><testcase classname="backend.tests.test_iter38r_fix9z6_ab_reminder" name="test_expiration_reminder_sends_within_window_idempotent" time="0.005" /><testcase classname="backend.tests.test_iter38r_fix9z6_ab_reminder" name="test_admin_can_trigger_reminder_cron_manually" time="1.121" /><testcase classname="backend.tests.test_iter38r_fix9z5_sizing_renewal_chart" name="test_banner_create_defaults_sizing_fields" time="0.069" /><testcase classname="backend.tests.test_iter38r_fix9z5_sizing_renewal_chart" name="test_banner_create_with_custom_sizing" time="0.080" /><testcase classname="backend.tests.test_iter38r_fix9z5_sizing_renewal_chart" name="test_banner_update_sizing_fields" time="0.151" /><testcase classname="backend.tests.test_iter38r_fix9z5_sizing_renewal_chart" name="test_banner_sizing_validation_rejects_invalid_mode" time="0.065" /><testcase classname="backend.tests.test_iter38r_fix9z5_sizing_renewal_chart" name="test_public_banner_returns_sizing_for_renderer" time="0.133" /><testcase classname="backend.tests.test_iter38r_fix9z5_sizing_renewal_chart" name="test_renewal_request_creates_row_and_admin_can_handle" time="0.602" /><testcase classname="backend.tests.test_iter38r_fix9z5_sizing_renewal_chart" name="test_ai_costs_monthly_returns_zero_filled_series" time="0.072" /><testcase classname="backend.tests.test_iter38r_fix9z5_sizing_renewal_chart" name="test_ai_costs_monthly_validates_range" time="0.079" /><testcase classname="backend.tests.test_iter38r_fix9z5_sizing_renewal_chart" name="test_ai_costs_monthly_requires_admin" time="0.071" /><testcase classname="backend.tests.test_iter38r_fix9w_ad_banners" name="test_create_and_list_banner" time="0.165" /><testcase classname="backend.tests.test_iter38r_fix9w_ad_banners" name="test_create_requires_admin" time="0.065" /><testcase classname="backend.tests.test_iter38r_fix9w_ad_banners" name="test_public_pick_banner_returns_banner" time="0.133" /><testcase classname="backend.tests.test_iter38r_fix9w_ad_banners" name="test_impression_bumps_counter_and_spent" time="0.154" /><testcase classname="backend.tests.test_iter38r_fix9w_ad_banners" name="test_click_bumps_counter_and_returns_target_url" time="0.160" /><testcase classname="backend.tests.test_iter38r_fix9w_ad_banners" name="test_auto_pause_when_budget_exhausted" time="0.240" /><testcase classname="backend.tests.test_iter38r_fix9w_ad_banners" name="test_expired_banner_not_served_publicly" time="0.141" /><testcase classname="backend.tests.test_iter38r_fix9w_ad_banners" name="test_toggle_paid_flag" time="0.162" /><testcase classname="backend.tests.test_iter38r_fix9w_ad_banners" name="test_stats_endpoint" time="0.281" /><testcase classname="backend.tests.test_iter38r_fix9w_ad_banners" name="test_update_and_delete" time="0.214" /></testsuite></testsuites>