<?xml version="1.0" encoding="utf-8"?><testsuites name="pytest tests"><testsuite name="pytest" errors="0" failures="0" skipped="0" tests="11" time="1.476" timestamp="2026-06-15T17:10:46.744871+00:00" hostname="agent-env-fe9c72a9-12c7-48bd-96d7-9b73e074fc25"><testcase classname="backend.tests.test_iter43_fix23_at_inventory_webhook_role.TestAfricasTalking" name="test_status_default_disabled" time="0.341" /><testcase classname="backend.tests.test_iter43_fix23_at_inventory_webhook_role.TestAfricasTalking" name="test_webhook_incoming_sms_persists_message" time="0.112" /><testcase classname="backend.tests.test_iter43_fix23_at_inventory_webhook_role.TestAfricasTalking" name="test_webhook_secret_validation" time="0.200" /><testcase classname="backend.tests.test_iter43_fix23_at_inventory_webhook_role.TestAfricasTalking" name="test_send_sms_requires_api_key" time="0.069" /><testcase classname="backend.tests.test_iter43_fix23_at_inventory_webhook_role.TestOfficinesInventoryWebhook" name="test_webhook_docs_public" time="0.023" /><testcase classname="backend.tests.test_iter43_fix23_at_inventory_webhook_role.TestOfficinesInventoryWebhook" name="test_webhook_no_token_503" time="0.069" /><testcase classname="backend.tests.test_iter43_fix23_at_inventory_webhook_role.TestOfficinesInventoryWebhook" name="test_webhook_full_flow" time="0.384" /><testcase classname="backend.tests.test_iter43_fix23_at_inventory_webhook_role.TestOfficinesRegistryCreateAndRoleFilter" name="test_create_requires_name" time="0.025" /><testcase classname="backend.tests.test_iter43_fix23_at_inventory_webhook_role.TestOfficinesRegistryCreateAndRoleFilter" name="test_create_with_all_fields" time="0.026" /><testcase classname="backend.tests.test_iter43_fix23_at_inventory_webhook_role.TestOfficinesRegistryCreateAndRoleFilter" name="test_create_duplicate_blocked" time="0.069" /><testcase classname="backend.tests.test_iter43_fix23_at_inventory_webhook_role.TestOfficinesRegistryCreateAndRoleFilter" name="test_filter_by_role" time="0.072" /></testsuite></testsuites>