<?xml version="1.0" encoding="utf-8"?><testsuites name="pytest tests"><testsuite name="pytest" errors="0" failures="0" skipped="0" tests="28" time="8.027" timestamp="2026-08-22T02:58:16.469079+00:00" hostname="agent-env-fe9c72a9-12c7-48bd-96d7-9b73e074fc25"><testcase classname="tests.test_iter96_p0_security_retest" name="test_tracked_superviseur_can_read_kyc" time="2.610" /><testcase classname="tests.test_iter96_p0_security_retest" name="test_tracked_superviseur_can_write_kyc" time="0.140" /><testcase classname="tests.test_iter96_p0_security_retest" name="test_tracked_superviseur_can_read_smart_comm" time="0.071" /><testcase classname="tests.test_iter96_p0_security_retest" name="test_tracked_medecin_forbidden[get-/me/kyc-kwargs0]" time="0.060" /><testcase classname="tests.test_iter96_p0_security_retest" name="test_tracked_medecin_forbidden[put-/me/kyc-kwargs1]" time="0.062" /><testcase classname="tests.test_iter96_p0_security_retest" name="test_tracked_medecin_forbidden[get-/me/smart-communications-kwargs2]" time="0.062" /><testcase classname="tests.test_iter96_p0_security_retest" name="test_tracked_medecin_forbidden[put-/me/smart-communications-kwargs3]" time="0.061" /><testcase classname="tests.test_iter96_p0_security_retest" name="test_tracked_medecin_forbidden[post-/me/kyc/upload/id_card-kwargs4]" time="0.081" /><testcase classname="tests.test_iter96_p0_security_retest" name="test_tracked_medecin_write_did_not_persist" time="0.057" /><testcase classname="tests.test_iter96_p0_security_retest" name="test_tenant_admin_forbidden_on_admin_kyc_own_tenant" time="0.058" /><testcase classname="tests.test_iter96_p0_security_retest" name="test_tracked_medecin_forbidden_on_admin_kyc" time="0.061" /><testcase classname="tests.test_iter96_p0_security_retest" name="test_super_admin_reads_tenant_kyc" time="0.071" /><testcase classname="tests.test_iter96_p0_security_retest" name="test_super_admin_unknown_tenant_404" time="0.096" /><testcase classname="tests.test_iter96_p0_security_retest" name="test_unauthenticated_blocked" time="0.180" /><testcase classname="tests.test_iter96_p0_security_retest" name="test_secrets_masked_for_tenant_manager" time="0.139" /><testcase classname="tests.test_fork_p0_extra_kyc" name="test_upload_pdf_letterhead_and_serve" time="1.610" /><testcase classname="tests.test_fork_p0_extra_kyc" name="test_upload_id_card_png" time="0.550" /><testcase classname="tests.test_fork_p0_extra_kyc" name="test_upload_bad_extension_rejected" time="0.063" /><testcase classname="tests.test_fork_p0_extra_kyc" name="test_upload_bad_mime_rejected" time="0.060" /><testcase classname="tests.test_fork_p0_extra_kyc" name="test_upload_requires_auth" time="0.068" /><testcase classname="tests.test_fork_p0_extra_kyc" name="test_admin_kyc_unknown_tenant_404" time="0.066" /><testcase classname="tests.test_fork_p0_extra_kyc" name="test_tenant_admin_cannot_read_other_tenant_kyc" time="0.187" /><testcase classname="tests.test_fork_p0_extra_kyc" name="test_admin_kyc_requires_auth" time="0.061" /><testcase classname="tests.test_fork_p0_extra_kyc" name="test_smart_comm_all_secrets_masked" time="0.158" /><testcase classname="tests.test_fork_p0_extra_kyc" name="test_smart_comm_partial_update_preserves_others" time="0.161" /><testcase classname="tests.test_fork_p0_extra_kyc" name="test_smart_comm_requires_auth" time="0.077" /><testcase classname="tests.test_fork_p0_extra_kyc" name="test_tracked_user_cannot_write_smart_comm" time="0.800" /><testcase classname="tests.test_fork_p0_extra_kyc" name="test_tracked_user_kyc_access_surface" time="0.238" /></testsuite></testsuites>