<?xml version="1.0" encoding="utf-8"?><testsuites name="pytest tests"><testsuite name="pytest" errors="0" failures="0" skipped="0" tests="45" time="8.112" timestamp="2026-07-21T11:30:05.087284+00:00" hostname="agent-env-fe9c72a9-12c7-48bd-96d7-9b73e074fc25"><testcase classname="backend.tests.test_iter43_fix24az_p_liluvine_reactions_ext" name="test_try_reply_ad_template_calls_wa_send_media_when_url" time="0.038" /><testcase classname="backend.tests.test_iter43_fix24az_p_liluvine_reactions_ext" name="test_try_reply_ad_template_fallback_text_when_no_media" time="0.006" /><testcase classname="backend.tests.test_iter43_fix24az_p_liluvine_reactions_ext" name="test_contact_history_returns_interactions" time="0.530" /><testcase classname="backend.tests.test_iter43_fix24az_p_liluvine_reactions_ext" name="test_contact_history_404_when_contact_missing" time="0.114" /><testcase classname="backend.tests.test_iter43_fix24az_p_liluvine_reactions_ext" name="test_unmatched_suggestions_lifecycle" time="0.564" /><testcase classname="backend.tests.test_iter43_fix24az_p_liluvine_reactions_ext" name="test_csv_bulk_upload_creates_templates" time="0.094" /><testcase classname="backend.tests.test_iter43_fix24az_p_liluvine_reactions_ext" name="test_csv_bulk_upload_dry_run_no_insert" time="0.079" /><testcase classname="backend.tests.test_iter43_fix24az_p_liluvine_reactions_ext" name="test_csv_bulk_upload_rejects_missing_columns" time="0.096" /><testcase classname="backend.tests.test_iter43_fix24az_p_liluvine_reactions_ext" name="test_csv_bulk_upload_semicolon_delimiter" time="0.084" /><testcase classname="backend.tests.test_iter43_fix24az_p_liluvine_reactions_ext" name="test_config_supports_unmatched_capture_toggle" time="0.229" /><testcase classname="backend.tests.test_iter43_fix24az_p_liluvine_reactions_ext" name="test_admin_endpoints_require_admin_auth" time="0.166" /><testcase classname="backend.tests.test_iter43_fix24az_o_liluvine_reactions" name="test_norm_removes_accents_and_ponct" time="0.000" /><testcase classname="backend.tests.test_iter43_fix24az_o_liluvine_reactions" name="test_similarity_scores" time="0.000" /><testcase classname="backend.tests.test_iter43_fix24az_o_liluvine_reactions" name="test_fuzzy_match_garde_variations" time="0.004" /><testcase classname="backend.tests.test_iter43_fix24az_o_liluvine_reactions" name="test_fuzzy_no_match_random_text" time="0.002" /><testcase classname="backend.tests.test_iter43_fix24az_o_liluvine_reactions" name="test_fuzzy_match_meteo_via_synonym" time="0.001" /><testcase classname="backend.tests.test_iter43_fix24az_o_liluvine_reactions" name="test_ad_template_exact_match" time="0.000" /><testcase classname="backend.tests.test_iter43_fix24az_o_liluvine_reactions" name="test_ad_template_variation_match" time="0.000" /><testcase classname="backend.tests.test_iter43_fix24az_o_liluvine_reactions" name="test_ad_template_fuzzy_match" time="0.000" /><testcase classname="backend.tests.test_iter43_fix24az_o_liluvine_reactions" name="test_ad_template_inactive_ignored" time="0.000" /><testcase classname="backend.tests.test_iter43_fix24az_o_liluvine_reactions" name="test_get_reactions_config" time="0.100" /><testcase classname="backend.tests.test_iter43_fix24az_o_liluvine_reactions" name="test_put_reactions_config" time="0.153" /><testcase classname="backend.tests.test_iter43_fix24az_o_liluvine_reactions" name="test_create_update_delete_template" time="0.313" /><testcase classname="backend.tests.test_iter43_fix24az_o_liluvine_reactions" name="test_get_stats_returns_totals" time="0.081" /><testcase classname="backend.tests.test_iter43_fix24az_l_wa_dedup" name="test_wa_inbound_dedup_single_write" time="0.170" /><testcase classname="backend.tests.test_iter43_fix24az_l_wa_dedup" name="test_wa_inbound_different_ids_both_written" time="0.193" /><testcase classname="backend.tests.test_iter43_fix24az_l_wa_dedup" name="test_wa_dedup_index_created" time="0.001" /><testcase classname="backend.tests.test_iter43_fix24az_l_validation.TestCrossTenantLeak" name="test_tenant_A_does_not_see_B[/admin/documents-documents]" time="1.623" /><testcase classname="backend.tests.test_iter43_fix24az_l_validation.TestCrossTenantLeak" name="test_tenant_A_does_not_see_B[/admin/appointments-appointments]" time="0.071" /><testcase classname="backend.tests.test_iter43_fix24az_l_validation.TestCrossTenantLeak" name="test_tenant_A_does_not_see_B[/admin/interventions-interventions]" time="0.070" /><testcase classname="backend.tests.test_iter43_fix24az_l_validation.TestCrossTenantLeak" name="test_tenant_A_does_not_see_B[/me/notes/reports-notes_reports]" time="0.083" /><testcase classname="backend.tests.test_iter43_fix24az_l_validation.TestCrossTenantLeak" name="test_tenant_A_does_not_see_B[/me/notes/suivis-notes_suivis]" time="0.084" /><testcase classname="backend.tests.test_iter43_fix24az_l_validation.TestCrossTenantLeak" name="test_tenant_A_does_not_see_B[/me/notes/notes-notes_notes]" time="0.075" /><testcase classname="backend.tests.test_iter43_fix24az_l_validation.TestCrossTenantLeak" name="test_tenant_B_does_not_see_A[/admin/documents-documents]" time="0.079" /><testcase classname="backend.tests.test_iter43_fix24az_l_validation.TestCrossTenantLeak" name="test_tenant_B_does_not_see_A[/admin/appointments-appointments]" time="0.096" /><testcase classname="backend.tests.test_iter43_fix24az_l_validation.TestCrossTenantLeak" name="test_tenant_B_does_not_see_A[/admin/interventions-interventions]" time="0.075" /><testcase classname="backend.tests.test_iter43_fix24az_l_validation.TestCrossTenantLeak" name="test_tenant_B_does_not_see_A[/me/notes/reports-notes_reports]" time="0.080" /><testcase classname="backend.tests.test_iter43_fix24az_l_validation.TestCrossTenantLeak" name="test_tenant_B_does_not_see_A[/me/notes/suivis-notes_suivis]" time="0.090" /><testcase classname="backend.tests.test_iter43_fix24az_l_validation.TestCrossTenantLeak" name="test_tenant_B_does_not_see_A[/me/notes/notes-notes_notes]" time="0.084" /><testcase classname="backend.tests.test_iter43_fix24az_l_validation.TestCrossTenantLeak" name="test_super_admin_sees_both" time="0.507" /><testcase classname="backend.tests.test_iter43_fix24az_l_validation.TestRecipeDuplicate" name="test_duplicate_clears_dosage_and_appends_copie" time="0.419" /><testcase classname="backend.tests.test_iter43_fix24az_l_validation.TestRecipeUniqueness" name="test_create_duplicate_returns_409" time="0.156" /><testcase classname="backend.tests.test_iter43_fix24az_l_validation.TestDosageCostModel" name="test_packaging_and_other_are_fixed" time="0.724" /><testcase classname="backend.tests.test_iter43_fix24az_l_validation.TestTikTokPrivacyToggle" name="test_default_self_only" time="0.080" /><testcase classname="backend.tests.test_iter43_fix24az_l_validation.TestTikTokPrivacyToggle" name="test_put_and_get_public" time="0.242" /></testsuite></testsuites>