<?xml version="1.0" encoding="utf-8"?><testsuites name="pytest tests"><testsuite name="pytest" errors="0" failures="0" skipped="0" tests="15" time="6.145" timestamp="2026-08-22T02:57:25.651988+00:00" hostname="agent-env-fe9c72a9-12c7-48bd-96d7-9b73e074fc25"><testcase classname="tests.test_fork_p0_security_gates" name="test_tracked_user_cannot_read_kyc" time="3.300" /><testcase classname="tests.test_fork_p0_security_gates" name="test_tracked_user_cannot_put_kyc" time="0.068" /><testcase classname="tests.test_fork_p0_security_gates" name="test_tracked_user_cannot_upload_kyc" time="0.062" /><testcase classname="tests.test_fork_p0_security_gates" name="test_tracked_user_cannot_read_smart_comm" time="0.057" /><testcase classname="tests.test_fork_p0_security_gates" name="test_tracked_user_cannot_write_smart_comm" time="0.061" /><testcase classname="tests.test_fork_p0_security_gates" name="test_non_super_admin_cannot_read_other_tenant_kyc" time="0.078" /><testcase classname="tests.test_fork_p0_security_gates" name="test_super_admin_can_read_any_tenant_kyc" time="0.128" /><testcase classname="tests.test_fork_p0_tenant_kyc" name="test_kyc_default_empty" time="1.067" /><testcase classname="tests.test_fork_p0_tenant_kyc" name="test_kyc_put_and_read" time="0.122" /><testcase classname="tests.test_fork_p0_tenant_kyc" name="test_kyc_upload_id_photo" time="0.657" /><testcase classname="tests.test_fork_p0_tenant_kyc" name="test_kyc_upload_invalid_doc_type" time="0.064" /><testcase classname="tests.test_fork_p0_tenant_kyc" name="test_kyc_upload_oversized" time="0.132" /><testcase classname="tests.test_fork_p0_tenant_kyc" name="test_admin_read_kyc_of_other_tenant" time="0.064" /><testcase classname="tests.test_fork_p0_tenant_kyc" name="test_smart_comm_put_and_masked_read" time="0.124" /><testcase classname="tests.test_fork_p0_tenant_kyc" name="test_smart_comm_empty_put_is_noop" time="0.063" /></testsuite></testsuites>