<?xml version="1.0" encoding="utf-8"?><testsuites name="pytest tests"><testsuite name="pytest" errors="0" failures="0" skipped="0" tests="11" time="2.111" timestamp="2026-05-26T21:09:26.737968+00:00" hostname="agent-env-fe9c72a9-12c7-48bd-96d7-9b73e074fc25"><testcase classname="backend.tests.test_iter38_grh" name="test_eligible_users_lists_tenant_members_only" time="0.278" /><testcase classname="backend.tests.test_iter38_grh" name="test_comptable_can_access_hr" time="0.081" /><testcase classname="backend.tests.test_iter38_grh" name="test_regular_client_cannot_access_hr" time="0.087" /><testcase classname="backend.tests.test_iter38_grh" name="test_create_employee_and_idempotence" time="0.154" /><testcase classname="backend.tests.test_iter38_grh" name="test_create_employee_cross_tenant_blocked" time="0.084" /><testcase classname="backend.tests.test_iter38_grh" name="test_list_employees_tenant_scoped" time="0.242" /><testcase classname="backend.tests.test_iter38_grh" name="test_update_and_soft_delete_employee" time="0.469" /><testcase classname="backend.tests.test_iter38_grh" name="test_timesheet_from_access_logs" time="0.171" /><testcase classname="backend.tests.test_iter38_grh" name="test_timesheet_hourly_pay" time="0.170" /><testcase classname="backend.tests.test_iter38_grh" name="test_comptable_read_cashier_lists" time="0.174" /><testcase classname="backend.tests.test_iter38_grh" name="test_comptable_cannot_write_cashier" time="0.060" /></testsuite></testsuites>