<?xml version="1.0" encoding="utf-8"?><testsuites name="pytest tests"><testsuite name="pytest" errors="0" failures="0" skipped="0" tests="6" time="2.393" timestamp="2026-06-07T00:34:33.223967+00:00" hostname="agent-env-fe9c72a9-12c7-48bd-96d7-9b73e074fc25"><testcase classname="backend.tests.test_iter50_officines_additional" name="test_otp_rate_limit_429_after_5_attempts" time="0.488" /><testcase classname="backend.tests.test_iter50_officines_additional" name="test_magic_link_expired_returns_410" time="0.472" /><testcase classname="backend.tests.test_iter50_officines_additional" name="test_history_list_scoped_to_officine" time="0.375" /><testcase classname="backend.tests.test_iter50_officines_additional" name="test_history_csv_export_scoped" time="0.245" /><testcase classname="backend.tests.test_iter50_officines_additional" name="test_inventory_get_item_isolation_returns_404" time="0.452" /><testcase classname="backend.tests.test_iter50_officines_additional" name="test_history_endpoints_require_auth" time="0.153" /></testsuite></testsuites>