<?xml version="1.0" encoding="utf-8"?><testsuites name="pytest tests"><testsuite name="pytest" errors="0" failures="0" skipped="0" tests="27" time="7.895" timestamp="2026-07-18T05:24:03.030154+00:00" hostname="agent-env-fe9c72a9-12c7-48bd-96d7-9b73e074fc25"><testcase classname="tests.test_iter43_fix24az_m_planning" name="test_admin_config_returns_webhook_url" time="0.522" /><testcase classname="tests.test_iter43_fix24az_m_planning" name="test_admin_config_regenerate" time="0.402" /><testcase classname="tests.test_iter43_fix24az_m_planning" name="test_admin_config_requires_auth" time="0.080" /><testcase classname="tests.test_iter43_fix24az_m_planning" name="test_webhook_wrong_secret_returns_404" time="0.075" /><testcase classname="tests.test_iter43_fix24az_m_planning" name="test_webhook_missing_required_fields_400" time="0.180" /><testcase classname="tests.test_iter43_fix24az_m_planning" name="test_webhook_valid_payload_creates_appointment" time="0.071" /><testcase classname="tests.test_iter43_fix24az_m_planning" name="test_webhook_idempotent_upsert" time="0.189" /><testcase classname="tests.test_iter43_fix24az_m_planning" name="test_list_doctors_returns_medecin" time="0.092" /><testcase classname="tests.test_iter43_fix24az_m_planning" name="test_medecin_view_locks_to_self" time="0.165" /><testcase classname="tests.test_iter43_fix24az_m_planning" name="test_admin_can_filter_by_medecin" time="0.082" /><testcase classname="tests.test_iter43_fix24az_m_planning" name="test_invalid_date_format_400" time="0.068" /><testcase classname="tests.test_iter43_fix24az_l_wa_dedup" name="test_wa_inbound_dedup_single_write" time="0.176" /><testcase classname="tests.test_iter43_fix24az_l_wa_dedup" name="test_wa_inbound_different_ids_both_written" time="0.228" /><testcase classname="tests.test_iter43_fix24az_l_wa_dedup" name="test_wa_dedup_index_created" time="0.001" /><testcase classname="tests.test_iter43_fix24az_l_story_upload" name="test_upload_requires_admin_auth" time="0.081" /><testcase classname="tests.test_iter43_fix24az_l_story_upload" name="test_upload_png_creates_story_asset" time="0.642" /><testcase classname="tests.test_iter43_fix24az_l_story_upload" name="test_upload_mp4_returns_kind_video" time="0.615" /><testcase classname="tests.test_iter43_fix24az_l_story_upload" name="test_upload_missing_file_returns_400" time="0.083" /><testcase classname="tests.test_iter43_fix24az_l_story_upload" name="test_upload_empty_body_returns_400" time="0.076" /><testcase classname="tests.test_iter43_fix24az_f_production" name="test_non_fabricant_gets_403" time="0.444" /><testcase classname="tests.test_iter43_fix24az_f_production" name="test_intrant_crud" time="1.114" /><testcase classname="tests.test_iter43_fix24az_f_production" name="test_recipe_computation" time="0.501" /><testcase classname="tests.test_iter43_fix24az_f_production" name="test_settings_default_margin" time="0.298" /><testcase classname="tests.test_iter43_fix24az_f_production" name="test_pdf_export" time="0.365" /><testcase classname="tests.test_iter43_fix24az_f_production" name="test_user_me_exposes_business_type" time="0.111" /><testcase classname="tests.test_iter43_fix24az_f_production" name="test_analytics_payload_shape" time="0.493" /><testcase classname="tests.test_iter43_fix24az_f_production" name="test_dosage_based_cost_model" time="0.449" /></testsuite></testsuites>