<?xml version="1.0" encoding="utf-8"?><testsuites name="pytest tests"><testsuite name="pytest" errors="0" failures="0" skipped="0" tests="14" time="4.507" timestamp="2026-05-26T22:13:55.476219+00:00" hostname="agent-env-fe9c72a9-12c7-48bd-96d7-9b73e074fc25"><testcase classname="tests.test_iter38b_grh_advanced" name="test_default_tenant_meta_is_burkina" time="0.620" /><testcase classname="tests.test_iter38b_grh_advanced" name="test_country_catalog_seeded_and_listable" time="0.364" /><testcase classname="tests.test_iter38b_grh_advanced" name="test_admin_can_change_tenant_country_to_senegal" time="0.241" /><testcase classname="tests.test_iter38b_grh_advanced" name="test_admin_can_add_and_delete_country" time="0.298" /><testcase classname="tests.test_iter38b_grh_advanced" name="test_default_country_BF_cannot_be_deleted" time="0.158" /><testcase classname="tests.test_iter38b_grh_advanced" name="test_create_list_update_delete_absence" time="0.474" /><testcase classname="tests.test_iter38b_grh_advanced" name="test_absence_bad_dates_rejected" time="0.162" /><testcase classname="tests.test_iter38b_grh_advanced" name="test_absence_scan_proposes_business_days_missing_logs" time="0.147" /><testcase classname="tests.test_iter38b_grh_advanced" name="test_replace_taxes_and_list" time="0.454" /><testcase classname="tests.test_iter38b_grh_advanced" name="test_more_than_5_taxes_rejected" time="0.157" /><testcase classname="tests.test_iter38b_grh_advanced" name="test_create_list_repay_advance" time="0.382" /><testcase classname="tests.test_iter38b_grh_advanced" name="test_payslip_with_full_pipeline" time="0.509" /><testcase classname="tests.test_iter38b_grh_advanced" name="test_weekly_presence_top" time="0.169" /><testcase classname="tests.test_iter38b_grh_advanced" name="test_hr_settings_round_trip" time="0.233" /></testsuite></testsuites>