<?xml version="1.0" encoding="utf-8"?><testsuites name="pytest tests"><testsuite name="pytest" errors="0" failures="0" skipped="0" tests="9" time="2.472" timestamp="2026-05-31T20:19:52.044888+00:00" hostname="agent-env-fe9c72a9-12c7-48bd-96d7-9b73e074fc25"><testcase classname="tests.test_iter38r_fix9z5_sizing_renewal_chart" name="test_banner_create_defaults_sizing_fields" time="0.505" /><testcase classname="tests.test_iter38r_fix9z5_sizing_renewal_chart" name="test_banner_create_with_custom_sizing" time="0.295" /><testcase classname="tests.test_iter38r_fix9z5_sizing_renewal_chart" name="test_banner_update_sizing_fields" time="0.153" /><testcase classname="tests.test_iter38r_fix9z5_sizing_renewal_chart" name="test_banner_sizing_validation_rejects_invalid_mode" time="0.083" /><testcase classname="tests.test_iter38r_fix9z5_sizing_renewal_chart" name="test_public_banner_returns_sizing_for_renderer" time="0.367" /><testcase classname="tests.test_iter38r_fix9z5_sizing_renewal_chart" name="test_renewal_request_creates_row_and_admin_can_handle" time="0.648" /><testcase classname="tests.test_iter38r_fix9z5_sizing_renewal_chart" name="test_ai_costs_monthly_returns_zero_filled_series" time="0.084" /><testcase classname="tests.test_iter38r_fix9z5_sizing_renewal_chart" name="test_ai_costs_monthly_validates_range" time="0.074" /><testcase classname="tests.test_iter38r_fix9z5_sizing_renewal_chart" name="test_ai_costs_monthly_requires_admin" time="0.115" /></testsuite></testsuites>