<?xml version="1.0" encoding="utf-8"?><testsuites name="pytest tests"><testsuite name="pytest" errors="0" failures="0" skipped="0" tests="4" time="11.698" timestamp="2026-06-17T13:40:29.490457+00:00" hostname="agent-env-fe9c72a9-12c7-48bd-96d7-9b73e074fc25"><testcase classname="backend.tests.test_iter43_review_version_and_vidal_tester" name="test_version_returns_200_and_deploy_seq" time="0.549" /><testcase classname="backend.tests.test_iter43_review_version_and_vidal_tester" name="test_version_idempotent_same_seq" time="0.210" /><testcase classname="backend.tests.test_iter43_review_version_and_vidal_tester" name="test_admin_vidal_actions_lists_at_least_7" time="0.515" /><testcase classname="backend.tests.test_iter43_review_version_and_vidal_tester" name="test_vidal_execute_recherche_returns_request_introspection" time="10.339" /></testsuite></testsuites>