<?xml version="1.0" encoding="utf-8"?><testsuites name="pytest tests"><testsuite name="pytest" errors="0" failures="0" skipped="0" tests="3" time="3.649" timestamp="2026-06-01T10:43:57.032493+00:00" hostname="agent-env-fe9c72a9-12c7-48bd-96d7-9b73e074fc25"><testcase classname="tests.test_siter39b_meetings" name="test_meeting_crud_and_pdf" time="2.383" /><testcase classname="tests.test_siter39b_meetings" name="test_meeting_unauthenticated_blocked" time="0.077" /><testcase classname="tests.test_siter39b_takeover_moderator" name="test_tracked_moderation_can_takeover" time="1.037" /></testsuite></testsuites>