<?xml version="1.0" encoding="utf-8"?><testsuites name="pytest tests"><testsuite name="pytest" errors="0" failures="0" skipped="0" tests="7" time="0.505" timestamp="2026-08-10T21:23:04.438073+00:00" hostname="agent-env-fe9c72a9-12c7-48bd-96d7-9b73e074fc25"><testcase classname="backend.tests.test_fork_wa_recall" name="test_recall_outbound_sent_message" time="0.378" /><testcase classname="backend.tests.test_fork_wa_recall" name="test_recall_read_message_refused" time="0.010" /><testcase classname="backend.tests.test_fork_wa_recall" name="test_recall_message_too_old_refused" time="0.008" /><testcase classname="backend.tests.test_fork_wa_recall" name="test_recall_failed_message_always_allowed" time="0.009" /><testcase classname="backend.tests.test_fork_wa_recall" name="test_recall_inbound_message_refused" time="0.008" /><testcase classname="backend.tests.test_fork_wa_recall" name="test_recall_idempotent" time="0.011" /><testcase classname="backend.tests.test_fork_wa_recall" name="test_recall_missing_message_returns_404" time="0.004" /></testsuite></testsuites>