<?xml version="1.0" encoding="utf-8"?><testsuites name="pytest tests"><testsuite name="pytest" errors="0" failures="0" skipped="0" tests="16" time="12.120" timestamp="2026-05-30T20:11:41.791851+00:00" hostname="agent-env-fe9c72a9-12c7-48bd-96d7-9b73e074fc25"><testcase classname="tests.test_iter38r_fix9m_ai_media" name="test_imagen_4_generates_image_inline" time="7.092" /><testcase classname="tests.test_iter38r_fix9m_ai_media" name="test_imagen_4_rejects_empty_prompt" time="0.005" /><testcase classname="tests.test_iter38r_fix9m_ai_media" name="test_voices_list_empty_initially" time="0.009" /><testcase classname="tests.test_iter38r_fix9m_ai_media" name="test_tts_validates_inputs" time="0.006" /><testcase classname="tests.test_iter38r_fix9m_ai_media" name="test_veo_initiate_creates_job" time="2.177" /><testcase classname="tests.test_iter38r_fix9m_ai_media" name="test_tts_endpoint_rejects_unknown_voice" time="0.147" /><testcase classname="tests.test_iter38r_fix9n_checkout_coupons" name="test_create_coupon_admin_only" time="0.236" /><testcase classname="tests.test_iter38r_fix9n_checkout_coupons" name="test_duplicate_coupon_rejected" time="0.003" /><testcase classname="tests.test_iter38r_fix9n_checkout_coupons" name="test_list_coupons" time="0.003" /><testcase classname="tests.test_iter38r_fix9n_checkout_coupons" name="test_validate_coupon_public" time="0.004" /><testcase classname="tests.test_iter38r_fix9n_checkout_coupons" name="test_validate_unknown_coupon" time="0.002" /><testcase classname="tests.test_iter38r_fix9n_checkout_coupons" name="test_checkout_creates_stripe_session" time="0.664" /><testcase classname="tests.test_iter38r_fix9n_checkout_coupons" name="test_checkout_applies_coupon" time="0.628" /><testcase classname="tests.test_iter38r_fix9n_checkout_coupons" name="test_checkout_404_on_unknown_product" time="0.004" /><testcase classname="tests.test_iter38r_fix9n_checkout_coupons" name="test_order_status_returns_pending" time="0.987" /><testcase classname="tests.test_iter38r_fix9n_checkout_coupons" name="test_delete_coupon" time="0.005" /></testsuite></testsuites>