<?xml version="1.0" encoding="utf-8"?><testsuites name="pytest tests"><testsuite name="pytest" errors="0" failures="3" skipped="0" tests="21" time="4.022" timestamp="2026-09-01T18:37:15.534632+00:00" hostname="agent-env-fe9c72a9-12c7-48bd-96d7-9b73e074fc25"><testcase classname="tests.test_iter108_s164_s158_s159.TestS164UiFlags" name="test_ui_flags_exposes_browser_notifications_enabled" time="0.522" /><testcase classname="tests.test_iter108_s164_s158_s159.TestS164UiFlags" name="test_toggle_flag_off_then_restore" time="0.799" /><testcase classname="tests.test_iter108_s164_s158_s159.TestS158BillingReminders" name="test_01_create_client_monthly_billing" time="0.376" /><testcase classname="tests.test_iter108_s164_s158_s159.TestS158BillingReminders" name="test_02_run_billing_reminders" time="0.035" /><testcase classname="tests.test_iter108_s164_s158_s159.TestS158BillingReminders" name="test_03_idempotent_second_run" time="0.071" /><testcase classname="tests.test_iter108_s164_s158_s159.TestS158BillingReminders" name="test_04_update_billing_period_persists" time="0.114" /><testcase classname="tests.test_iter108_s164_s158_s159.TestS158BillingReminders" name="test_99_cleanup" time="0.065" /><testcase classname="tests.test_iter108_s164_s158_s159.TestS159AutoSuspend" name="test_01_create_client_with_auto_suspend" time="0.339" /><testcase classname="tests.test_iter108_s164_s158_s159.TestS159AutoSuspend" name="test_02_login_works_before_suspension" time="0.329" /><testcase classname="tests.test_iter108_s164_s158_s159.TestS159AutoSuspend" name="test_03_run_overdue_suspends" time="0.116" /><testcase classname="tests.test_iter108_s164_s158_s159.TestS159AutoSuspend" name="test_04_login_blocked_403" time="0.338" /><testcase classname="tests.test_iter108_s164_s158_s159.TestS159AutoSuspend" name="test_05_payment_reactivates" time="0.070"><failure message="AssertionError: auto-reactivation failed: {'id': '5c6dee4a-4f2c-43a0-8b34-4a70a634f480', 'email': 'test_s159_suspend@sawali-test.com', 'full_name': 'TEST_S159 Suspend', 'role': 'client', 'phone': None, 'company': 'TEST_S159_CO', 'client_code': None, 'category_slug': None, 'country': None, 'city': None, 'logo_url': None, 'account_status': 'suspended', 'is_primary_client': False, 'parent_client_id': None, 'client_id': None, 'demo_expires_at': None, 'demo_quotas': None, 'demo_usage': None, 'business_type': None, 'contract_number': None, 'contract_signed_at': '2026-08-02', 'contract_amount': None, 'contract_currency': None, 'last_payment_at': '2026-09-01', 'contract_overdue_days': None, 'payment_confirmation_template': None, 'contract_billing_period': None, 'auto_suspend_after_overdue_days': 1, 'created_at': '2026-09-01T18:37:17.891911+00:00', 'updated_at': '2026-09-01T18:37:18.748793+00:00', 'suspended_at': '2026-09-01T18:37:18.296352+00:00', 'suspended_reason': 'Auto-suspension : 30 jours de retard (seuil 1 j).'}&#10;assert 'suspended' == 'active'&#10;  &#10;  - active&#10;  + suspended">E   AssertionError: auto-reactivation failed: {'id': '5c6dee4a-4f2c-43a0-8b34-4a70a634f480', 'email': 'test_s159_suspend@sawali-test.com', 'full_name': 'TEST_S159 Suspend', 'role': 'client', 'phone': None, 'company': 'TEST_S159_CO', 'client_code': None, 'category_slug': None, 'country': None, 'city': None, 'logo_url': None, 'account_status': 'suspended', 'is_primary_client': False, 'parent_client_id': None, 'client_id': None, 'demo_expires_at': None, 'demo_quotas': None, 'demo_usage': None, 'business_type': None, 'contract_number': None, 'contract_signed_at': '2026-08-02', 'contract_amount': None, 'contract_currency': None, 'last_payment_at': '2026-09-01', 'contract_overdue_days': None, 'payment_confirmation_template': None, 'contract_billing_period': None, 'auto_suspend_after_overdue_days': 1, 'created_at': '2026-09-01T18:37:17.891911+00:00', 'updated_at': '2026-09-01T18:37:18.748793+00:00', 'suspended_at': '2026-09-01T18:37:18.296352+00:00', 'suspended_reason': 'Auto-suspension : 30 jours de retard (seuil 1 j).'}
    assert 'suspended' == 'active'
      
      - active
      + suspended</failure></testcase><testcase classname="tests.test_iter108_s164_s158_s159.TestS159AutoSuspend" name="test_06_login_works_after_reactivation" time="0.325"><failure message="AssertionError: post-reactivation login failed: 403 {&quot;detail&quot;:&quot;Compte suspendu : Auto-suspension : 30 jours de retard (seuil 1 j). Contactez votre administrateur.&quot;}&#10;assert 403 == 200&#10; +  where 403 = &lt;Response [403]&gt;.status_code">E   AssertionError: post-reactivation login failed: 403 {"detail":"Compte suspendu : Auto-suspension : 30 jours de retard (seuil 1 j). Contactez votre administrateur."}
    assert 403 == 200
     +  where 403 = &lt;Response [403]&gt;.status_code</failure></testcase><testcase classname="tests.test_iter108_s164_s158_s159.TestS159AutoSuspend" name="test_99_cleanup" time="0.071" /><testcase classname="tests.test_iter108_s164_s158_s159.TestIter107Appointments" name="test_01_create_appointment_with_participants" time="0.030" /><testcase classname="tests.test_iter108_s164_s158_s159.TestIter107Appointments" name="test_02_appointment_fields_persist" time="0.026" /><testcase classname="tests.test_iter108_s164_s158_s159.TestIter107Appointments" name="test_03_gcal_sync_endpoint_requires_auth" time="0.061"><failure message="AssertionError: SECURITY: /me/appointments/gcal-sync reachable without auth -&gt; 400 {&quot;detail&quot;:&quot;Google Calendar non configuré&quot;}&#10;assert 400 in (401, 403)&#10; +  where 400 = &lt;Response [400]&gt;.status_code">E   AssertionError: SECURITY: /me/appointments/gcal-sync reachable without auth -&gt; 400 {"detail":"Google Calendar non configuré"}
    assert 400 in (401, 403)
     +  where 400 = &lt;Response [400]&gt;.status_code</failure></testcase><testcase classname="tests.test_iter108_s164_s158_s159.TestIter107Appointments" name="test_04_gcal_sync_authenticated" time="0.031" /><testcase classname="tests.test_iter108_s164_s158_s159.TestRegression" name="test_admin_me" time="0.027" /><testcase classname="tests.test_iter108_s164_s158_s159.TestRegression" name="test_admin_clients_list" time="0.042" /><testcase classname="tests.test_iter108_s164_s158_s159.TestRegression" name="test_endpoints_require_auth" time="0.142" /></testsuite></testsuites>