<?xml version="1.0" encoding="utf-8"?><testsuites name="pytest tests"><testsuite name="pytest" errors="0" failures="0" skipped="0" tests="8" time="11.190" timestamp="2026-05-31T20:57:41.405703+00:00" hostname="agent-env-fe9c72a9-12c7-48bd-96d7-9b73e074fc25"><testcase classname="backend.tests.test_iter38r_fix9z6_ab_reminder" name="test_ab_create_persists_variant_b_and_zero_counters" time="0.512" /><testcase classname="backend.tests.test_iter38r_fix9z6_ab_reminder" name="test_ab_impression_variant_b_only_bumps_b" time="0.491" /><testcase classname="backend.tests.test_iter38r_fix9z6_ab_reminder" name="test_ab_click_variant_b_returns_variant_b_target" time="0.170" /><testcase classname="backend.tests.test_iter38r_fix9z6_ab_reminder" name="test_ab_invalid_variant_param_rejected" time="0.090" /><testcase classname="backend.tests.test_iter38r_fix9z6_ab_reminder" name="test_ab_stats_endpoint_returns_per_variant_breakdown_and_winner" time="9.368" /><testcase classname="backend.tests.test_iter38r_fix9z6_ab_reminder" name="test_ab_disabled_returns_only_variant_a" time="0.153" /><testcase classname="backend.tests.test_iter38r_fix9z6_ab_reminder" name="test_expiration_reminder_sends_within_window_idempotent" time="0.186" /><testcase classname="backend.tests.test_iter38r_fix9z6_ab_reminder" name="test_admin_can_trigger_reminder_cron_manually" time="0.076" /></testsuite></testsuites>