<?xml version="1.0" encoding="utf-8"?><testsuites name="pytest tests"><testsuite name="pytest" errors="0" failures="0" skipped="0" tests="12" time="2.731" timestamp="2026-05-10T18:29:31.942772+00:00" hostname="agent-env-fe9c72a9-12c7-48bd-96d7-9b73e074fc25"><testcase classname="backend.tests.test_iter34_snapshots.TestSnapshotCRUD" name="test_create_snapshot" time="1.165" /><testcase classname="backend.tests.test_iter34_snapshots.TestSnapshotCRUD" name="test_list_snapshots" time="0.080" /><testcase classname="backend.tests.test_iter34_snapshots.TestSnapshotCRUD" name="test_download_snapshot_is_gzip_json" time="0.072" /><testcase classname="backend.tests.test_iter34_snapshots.TestSnapshotCRUD" name="test_smtp_password_masked" time="0.105" /><testcase classname="backend.tests.test_iter34_snapshots.TestSnapshotCRUD" name="test_patch_comment" time="0.156" /><testcase classname="backend.tests.test_iter34_snapshots.TestSnapshotImport" name="test_import_dry_run_no_mutation" time="0.175" /><testcase classname="backend.tests.test_iter34_snapshots.TestSnapshotImport" name="test_import_merge_inserts_new" time="0.142" /><testcase classname="backend.tests.test_iter34_snapshots.TestSnapshotImport" name="test_imports_history" time="0.068" /><testcase classname="backend.tests.test_iter34_snapshots.TestSnapshotRBAC" name="test_unauthenticated_blocked" time="0.070" /><testcase classname="backend.tests.test_iter34_snapshots.TestSnapshotRBAC" name="test_non_admin_blocked_if_creatable" time="0.210" /><testcase classname="backend.tests.test_iter34_snapshots.TestMeContactsVisibility" name="test_admin_me_contacts_still_works" time="0.077" /><testcase classname="backend.tests.test_iter34_snapshots.TestSnapshotDelete" name="test_delete_extra_snapshot" time="0.291" /></testsuite></testsuites>