<?xml version="1.0" encoding="utf-8"?><testsuites name="pytest tests"><testsuite name="pytest" errors="0" failures="0" skipped="0" tests="31" time="0.416" timestamp="2026-06-14T01:17:48.063968+00:00" hostname="agent-env-fe9c72a9-12c7-48bd-96d7-9b73e074fc25"><testcase classname="backend.tests.test_iter43_fix11_meta_oauth.TestOAuthStart" name="test_start_400_without_meta_app" time="0.012" /><testcase classname="backend.tests.test_iter43_fix11_meta_oauth.TestOAuthStart" name="test_start_returns_auth_url" time="0.006" /><testcase classname="backend.tests.test_iter43_fix11_meta_oauth.TestOAuthCallback" name="test_callback_error_redirects" time="0.004" /><testcase classname="backend.tests.test_iter43_fix11_meta_oauth.TestOAuthCallback" name="test_callback_missing_params_redirects_error" time="0.004" /><testcase classname="backend.tests.test_iter43_fix11_meta_oauth.TestPublish" name="test_publish_image_rejected" time="0.006" /><testcase classname="backend.tests.test_iter43_fix11_meta_oauth.TestPublish" name="test_publish_not_ready_rejected" time="0.005" /><testcase classname="backend.tests.test_iter43_fix11_meta_oauth.TestPublish" name="test_publish_immediate_unknown_account_returns_per_target_error" time="0.008" /><testcase classname="backend.tests.test_iter43_fix11_meta_oauth.TestPublish" name="test_publish_draft_does_not_call_meta" time="0.006" /><testcase classname="backend.tests.test_iter43_fix11_meta_oauth.TestSocialAccountManagement" name="test_refresh_404" time="0.004" /><testcase classname="backend.tests.test_iter43_fix11_meta_oauth.TestSocialAccountManagement" name="test_toggle_page_404" time="0.004" /><testcase classname="backend.tests.test_iter43_fix11_meta_oauth.TestSocialAccountManagement" name="test_toggle_page_works" time="0.005" /><testcase classname="backend.tests.test_iter43_fix11_meta_oauth.TestPostsHistory" name="test_list_posts_admin" time="0.005" /><testcase classname="backend.tests.test_iter43_fix11_meta_oauth.TestSignedMedia" name="test_signed_media_invalid_token" time="0.003" /><testcase classname="backend.tests.test_iter43_fix11_meta_oauth.TestSignedMedia" name="test_signed_media_missing_token" time="0.003" /><testcase classname="backend.tests.test_iter43_fix10_story_studio.TestSettings" name="test_get_settings" time="0.008" /><testcase classname="backend.tests.test_iter43_fix10_story_studio.TestSettings" name="test_put_settings_and_mask" time="0.008" /><testcase classname="backend.tests.test_iter43_fix10_story_studio.TestSettings" name="test_put_settings_masked_passthrough_keeps_secret" time="0.005" /><testcase classname="backend.tests.test_iter43_fix10_story_studio.TestSettings" name="test_put_settings_empty_400" time="0.004" /><testcase classname="backend.tests.test_iter43_fix10_story_studio.TestSocialAccounts" name="test_add_manual_and_list" time="0.009" /><testcase classname="backend.tests.test_iter43_fix10_story_studio.TestSocialAccounts" name="test_add_manual_invalid_provider" time="0.004" /><testcase classname="backend.tests.test_iter43_fix10_story_studio.TestLibrary" name="test_list_empty" time="0.004" /><testcase classname="backend.tests.test_iter43_fix10_story_studio.TestLibrary" name="test_list_with_assets" time="0.009" /><testcase classname="backend.tests.test_iter43_fix10_story_studio.TestLibrary" name="test_stream_media_404" time="0.004" /><testcase classname="backend.tests.test_iter43_fix10_story_studio.TestLibrary" name="test_stream_media_410_when_file_missing" time="0.005" /><testcase classname="backend.tests.test_iter43_fix10_story_studio.TestLibrary" name="test_stream_media_returns_file" time="0.006" /><testcase classname="backend.tests.test_iter43_fix10_story_studio.TestLibrary" name="test_library_migrates_old_uploads_url" time="0.005" /><testcase classname="backend.tests.test_iter43_fix10_story_studio.TestLibrary" name="test_whatsapp_share_link" time="0.005" /><testcase classname="backend.tests.test_iter43_fix10_story_studio.TestLibrary" name="test_whatsapp_share_unknown_asset_404" time="0.004" /><testcase classname="backend.tests.test_iter43_fix10_story_studio.TestLibrary" name="test_delete_asset" time="0.005" /><testcase classname="backend.tests.test_iter43_fix10_story_studio.TestPublishStub" name="test_publish_no_targets_400" time="0.005" /><testcase classname="backend.tests.test_iter43_fix10_story_studio.TestPublishStub" name="test_publish_draft_mode_persists_post" time="0.006" /></testsuite></testsuites>