<?xml version="1.0" encoding="utf-8"?><testsuites name="pytest tests"><testsuite name="pytest" errors="0" failures="3" skipped="0" tests="11" time="4.441" timestamp="2026-05-16T17:27:38.382030+00:00" hostname="agent-env-fe9c72a9-12c7-48bd-96d7-9b73e074fc25"><testcase classname="tests.test_iter35l_wa_media_http.TestAdminSettingsWaMedia" name="test_round_trip_wa_media_keys" time="1.291" /><testcase classname="tests.test_iter35l_wa_media_http.TestAdminSettingsWaMedia" name="test_toggle_off_then_on" time="0.355" /><testcase classname="tests.test_iter35l_wa_media_http.TestSendMediaValidation" name="test_403_when_terminal_media_disabled" time="0.249" /><testcase classname="tests.test_iter35l_wa_media_http.TestSendMediaValidation" name="test_409_when_window_closed" time="0.172" /><testcase classname="tests.test_iter35l_wa_media_http.TestSendMediaValidation" name="test_400_when_file_empty" time="0.644"><failure message="AssertionError: expected 400 got 409: {&quot;detail&quot;:&quot;Fenêtre 24h fermée — aucun message reçu de ce contact dans les dernières 24 heures.&quot;}&#10;assert 409 == 400&#10; +  where 409 = &lt;Response [409]&gt;.status_code">tests/test_iter35l_wa_media_http.py:189: in test_400_when_file_empty
    assert r.status_code == 400, f"expected 400 got {r.status_code}: {r.text}"
E   AssertionError: expected 400 got 409: {"detail":"Fenêtre 24h fermée — aucun message reçu de ce contact dans les dernières 24 heures."}
E   assert 409 == 400
E    +  where 409 = &lt;Response [409]&gt;.status_code</failure></testcase><testcase classname="tests.test_iter35l_wa_media_http.TestSendMediaValidation" name="test_413_when_file_too_large" time="0.634"><failure message="AssertionError: expected 413 got 409: {&quot;detail&quot;:&quot;Fenêtre 24h fermée — aucun message reçu de ce contact dans les dernières 24 heures.&quot;}&#10;assert 409 == 413&#10; +  where 409 = &lt;Response [409]&gt;.status_code">tests/test_iter35l_wa_media_http.py:224: in test_413_when_file_too_large
    assert r.status_code == 413, f"expected 413 got {r.status_code}: {r.text}"
E   AssertionError: expected 413 got 409: {"detail":"Fenêtre 24h fermée — aucun message reçu de ce contact dans les dernières 24 heures."}
E   assert 409 == 413
E    +  where 409 = &lt;Response [409]&gt;.status_code</failure></testcase><testcase classname="tests.test_iter35l_wa_media_http.TestSendMediaValidation" name="test_send_media_returns_clean_response_when_meta_fails" time="0.113"><failure message="AssertionError: expected 200 got 409: {&quot;detail&quot;:&quot;Fenêtre 24h fermée — aucun message reçu de ce contact dans les dernières 24 heures.&quot;}&#10;assert 409 == 200&#10; +  where 409 = &lt;Response [409]&gt;.status_code">tests/test_iter35l_wa_media_http.py:263: in test_send_media_returns_clean_response_when_meta_fails
    assert r.status_code == 200, f"expected 200 got {r.status_code}: {r.text}"
E   AssertionError: expected 200 got 409: {"detail":"Fenêtre 24h fermée — aucun message reçu de ce contact dans les dernières 24 heures."}
E   assert 409 == 200
E    +  where 409 = &lt;Response [409]&gt;.status_code</failure></testcase><testcase classname="tests.test_iter35l_wa_media_http.TestContactMessagesMediaFields" name="test_inbound_media_fields_visible" time="0.086" /><testcase classname="tests.test_iter35l_wa_media_http.TestRegressionSendText" name="test_send_text_window_closed" time="0.091" /><testcase classname="tests.test_iter35l_wa_media_http.TestRegressionWebhookInbound" name="test_webhook_accepts_text_inbound" time="0.586" /><testcase classname="tests.test_iter35l_wa_media_http.TestRegressionWebhookLogs" name="test_webhook_logs_listing" time="0.098" /></testsuite></testsuites>