<?xml version="1.0" encoding="utf-8"?><testsuites name="pytest tests"><testsuite name="pytest" errors="0" failures="0" skipped="0" tests="7" time="3.488" timestamp="2026-06-03T01:31:37.612502+00:00" hostname="agent-env-fe9c72a9-12c7-48bd-96d7-9b73e074fc25"><testcase classname="tests.test_siter39q_p1_p3.TestMediaLibrary" name="test_upload_returns_record" time="1.644" /><testcase classname="tests.test_siter39q_p1_p3.TestMediaLibrary" name="test_public_listing_contains_item" time="0.085" /><testcase classname="tests.test_siter39q_p1_p3.TestMediaLibrary" name="test_admin_listing_contains_item" time="0.072" /><testcase classname="tests.test_siter39q_p1_p3.TestMediaLibrary" name="test_patch_updates_title_and_public" time="0.246" /><testcase classname="tests.test_siter39q_p1_p3.TestMediaLibrary" name="test_delete_soft_removes" time="1.116" /><testcase classname="tests.test_siter39q_p1_p3.TestMediaLibrary" name="test_upload_requires_auth" time="0.070" /><testcase classname="tests.test_siter39q_p1_p3.TestMediaLibrary" name="test_upload_rejects_unsupported_mime" time="0.167" /></testsuite></testsuites>