<?xml version="1.0" encoding="utf-8"?><testsuites name="pytest tests"><testsuite name="pytest" errors="0" failures="0" skipped="0" tests="15" time="4.178" timestamp="2026-06-03T04:01:39.046820+00:00" hostname="agent-env-fe9c72a9-12c7-48bd-96d7-9b73e074fc25"><testcase classname="tests.test_siter39s_primes_indemnites" name="test_allowance_full_crud" time="1.510" /><testcase classname="tests.test_siter39s_primes_indemnites" name="test_allowance_404_on_unknown_employee" time="0.212" /><testcase classname="tests.test_siter39s_primes_indemnites" name="test_bonus_full_crud" time="0.787" /><testcase classname="tests.test_siter39s_primes_indemnites" name="test_payslip_includes_allowances_and_bonuses" time="0.817" /><testcase classname="tests.test_siter39s_primes_indemnites" name="test_payslip_no_allowances_no_bonuses_returns_zero_sums" time="0.210" /><testcase classname="tests.test_siter39t_s044_vision_compare" name="test_search_similar_images_returns_empty_when_qdrant_disabled" time="0.001" /><testcase classname="tests.test_siter39t_s044_vision_compare" name="test_search_similar_images_returns_empty_when_no_enabled_collection" time="0.000" /><testcase classname="tests.test_siter39t_s044_vision_compare" name="test_search_similar_images_empty_query_returns_empty" time="0.000" /><testcase classname="tests.test_siter39t_s044_vision_compare" name="test_chat_with_image_403_when_feature_disabled" time="0.128" /><testcase classname="tests.test_siter39t_s044_vision_compare" name="test_chat_with_image_400_on_non_image" time="0.084" /><testcase classname="tests.test_siter39r_p1_vision_enrich" name="test_parse_vision_reply_both_sections" time="0.001" /><testcase classname="tests.test_siter39r_p1_vision_enrich" name="test_parse_vision_reply_no_text_marker" time="0.000" /><testcase classname="tests.test_siter39r_p1_vision_enrich" name="test_describe_image_with_vision_parses_mocked_reply" time="0.001" /><testcase classname="tests.test_siter39r_p1_vision_enrich" name="test_describe_image_with_vision_no_key_returns_empty" time="0.000" /><testcase classname="tests.test_siter39r_p1_vision_enrich" name="test_describe_image_with_vision_empty_bytes_returns_empty" time="0.001" /></testsuite></testsuites>