<?xml version="1.0" encoding="utf-8"?><testsuites name="pytest tests"><testsuite name="pytest" errors="0" failures="0" skipped="0" tests="10" time="2.893" timestamp="2026-06-12T16:35:22.148455+00:00" hostname="agent-env-fe9c72a9-12c7-48bd-96d7-9b73e074fc25"><testcase classname="backend.tests.test_iter56_intervention_invoicing" name="test_post_invoice_client_role_forbidden" time="0.712" /><testcase classname="backend.tests.test_iter56_intervention_invoicing" name="test_post_invoice_empty_list_400" time="0.114" /><testcase classname="backend.tests.test_iter56_intervention_invoicing" name="test_post_invoice_all_already_invoiced_409" time="0.120" /><testcase classname="backend.tests.test_iter56_intervention_invoicing" name="test_post_invoice_groups_by_tenant_and_marks" time="0.113" /><testcase classname="backend.tests.test_iter56_intervention_invoicing" name="test_get_list_admin_sees_all_and_client_only_own" time="0.564" /><testcase classname="backend.tests.test_iter56_intervention_invoicing" name="test_get_pdf_admin_and_404_and_403" time="0.490" /><testcase classname="backend.tests.test_iter56_intervention_invoicing" name="test_admin_update_intervention_ok" time="0.133" /><testcase classname="backend.tests.test_iter56_intervention_invoicing" name="test_admin_update_intervention_invoiced_returns_409" time="0.228" /><testcase classname="backend.tests.test_iter56_intervention_invoicing" name="test_admin_unlock_intervention" time="0.107" /><testcase classname="backend.tests.test_iter56_intervention_invoicing" name="test_admin_unlock_intervention_404" time="0.098" /></testsuite></testsuites>