<?xml version="1.0" encoding="utf-8"?><testsuites name="pytest tests"><testsuite name="pytest" errors="0" failures="0" skipped="0" tests="12" time="4.382" timestamp="2026-06-07T00:32:53.599788+00:00" hostname="agent-env-fe9c72a9-12c7-48bd-96d7-9b73e074fc25"><testcase classname="backend.tests.test_iter42_officines_selfservice" name="test_register_creates_pending_officine" time="0.290" /><testcase classname="backend.tests.test_iter42_officines_selfservice" name="test_register_rejects_duplicates" time="0.145" /><testcase classname="backend.tests.test_iter42_officines_selfservice" name="test_admin_can_approve_suspend_reactivate" time="0.497" /><testcase classname="backend.tests.test_iter42_officines_selfservice" name="test_admin_link_unlink_client" time="0.299" /><testcase classname="backend.tests.test_iter42_officines_selfservice" name="test_otp_verify_returns_jwt" time="0.234" /><testcase classname="backend.tests.test_iter42_officines_selfservice" name="test_otp_invalid_code_increments_attempts" time="0.293" /><testcase classname="backend.tests.test_iter42_officines_selfservice" name="test_magic_link_callback_returns_jwt" time="0.232" /><testcase classname="backend.tests.test_iter42_officines_selfservice" name="test_magic_link_consumed_only_once" time="0.341" /><testcase classname="backend.tests.test_iter42_officines_selfservice" name="test_inventory_crud_and_isolation" time="0.862" /><testcase classname="backend.tests.test_iter42_officines_selfservice" name="test_regenerate_secret_returns_once" time="0.387" /><testcase classname="backend.tests.test_iter42_officines_selfservice" name="test_inventory_csv_export" time="0.380" /><testcase classname="backend.tests.test_iter42_officines_selfservice" name="test_unauth_endpoints_reject" time="0.215" /></testsuite></testsuites>