<?xml version="1.0" encoding="utf-8"?><testsuites name="pytest tests"><testsuite name="pytest" errors="0" failures="0" skipped="1" tests="31" time="12.588" timestamp="2026-08-21T23:43:26.274260+00:00" hostname="agent-env-fe9c72a9-12c7-48bd-96d7-9b73e074fc25"><testcase classname="tests.test_fork_p4_p5_extra" name="test_prescription_analyze_reachable[admin]" time="1.459" /><testcase classname="tests.test_fork_p4_p5_extra" name="test_prescription_analyze_reachable[medecin]" time="0.114"><skipped type="pytest.skip" message="VIDAL module not enabled for this tenant (documented 403 gate)">/app/backend/tests/test_fork_p4_p5_extra.py:71: VIDAL module not enabled for this tenant (documented 403 gate)</skipped></testcase><testcase classname="tests.test_fork_p4_p5_extra" name="test_prescription_analyze_requires_auth" time="0.071" /><testcase classname="tests.test_fork_p4_p5_extra" name="test_doctors_requires_auth" time="0.064" /><testcase classname="tests.test_fork_p4_p5_extra" name="test_medecin_can_list_doctors_of_own_scope" time="0.061" /><testcase classname="tests.test_fork_p4_p5_extra" name="test_admin_sees_all_doctors" time="0.071" /><testcase classname="tests.test_fork_p5_superviseur_doctors" name="test_superviseur_sees_doctors_of_same_client" time="2.423" /><testcase classname="tests.test_fork_p5_superviseur_doctors" name="test_superviseur_does_not_see_doctors_of_other_client" time="0.067" /><testcase classname="tests.test_fork_p1_own_visibility" name="test_support_can_see_own_created_ticket" time="1.438" /><testcase classname="tests.test_fork_p1_own_visibility" name="test_support_can_see_own_created_intervention" time="0.128" /><testcase classname="tests.test_fork_p1_own_visibility" name="test_super_admin_still_sees_everything" time="0.058" /><testcase classname="tests.test_fork_p2_p3_extra" name="test_walkin_forbidden_for_random_tracked_role" time="1.380" /><testcase classname="tests.test_fork_p2_p3_extra" name="test_can_create_automation_on_user_login" time="0.115" /><testcase classname="tests.test_fork_p2_p3_extra" name="test_events_endpoint_labels_and_descriptions" time="0.060" /><testcase classname="tests.test_fork_p2_p3_extra" name="test_whatsapp_webhook_creates_reply_token_and_emits_event" time="0.170" /><testcase classname="tests.test_fork_p2_p3_extra" name="test_me_features_regression_wa_sound_fields" time="0.056" /><testcase classname="tests.test_fork_p2_p3_extra" name="test_notification_sounds_presets_alive" time="0.055" /><testcase classname="tests.test_fork_p2_p3_extra" name="test_walkin_numero_ordre_increments" time="1.430" /><testcase classname="tests.test_fork_p2_walkin_secretaire" name="test_secretaire_can_create_walk_in" time="1.793" /><testcase classname="tests.test_fork_p2_walkin_secretaire" name="test_secretaire_can_update_walk_in" time="0.076" /><testcase classname="tests.test_fork_p2_walkin_secretaire" name="test_secretaire_can_delete_walk_in" time="0.130" /><testcase classname="tests.test_fork_p2_walkin_secretaire" name="test_secretaire_refuses_unknown_medecin" time="0.064" /><testcase classname="tests.test_fork_p2_walkin_secretaire" name="test_supported_automation_events_include_new_ones" time="0.061" /><testcase classname="tests.test_fork_p2_walkin_secretaire" name="test_doctors_list_scoped_to_secretaire_client" time="0.059" /><testcase classname="tests.test_fork_wa_recall" name="test_recall_outbound_sent_message" time="0.536" /><testcase classname="tests.test_fork_wa_recall" name="test_recall_read_message_refused" time="0.067" /><testcase classname="tests.test_fork_wa_recall" name="test_recall_message_too_old_refused" time="0.066" /><testcase classname="tests.test_fork_wa_recall" name="test_recall_failed_message_always_allowed" time="0.064" /><testcase classname="tests.test_fork_wa_recall" name="test_recall_inbound_message_refused" time="0.063" /><testcase classname="tests.test_fork_wa_recall" name="test_recall_idempotent" time="0.147" /><testcase classname="tests.test_fork_wa_recall" name="test_recall_missing_message_returns_404" time="0.069" /></testsuite></testsuites>