<?xml version="1.0" encoding="utf-8"?><testsuites name="pytest tests"><testsuite name="pytest" errors="0" failures="0" skipped="0" tests="50" time="7.315" timestamp="2026-07-27T16:25:30.568153+00:00" hostname="agent-env-fe9c72a9-12c7-48bd-96d7-9b73e074fc25"><testcase classname="tests.test_iter43_fix24az_z_planning_placement" name="test_webhook_accepts_new_fields_for_rdv" time="0.902" /><testcase classname="tests.test_iter43_fix24az_z_planning_placement" name="test_walk_in_no_start_needed_auto_numero_ordre" time="0.294" /><testcase classname="tests.test_iter43_fix24az_z_planning_placement" name="test_walk_in_missing_start_but_is_rdv_1_returns_400" time="0.107" /><testcase classname="tests.test_iter43_fix24az_z_planning_placement" name="test_conflict_rdv_vs_rdv_shifts_new_appointment" time="0.167" /><testcase classname="tests.test_iter43_fix24az_z_planning_placement" name="test_rdv_no_conflict_no_correction" time="0.083" /><testcase classname="tests.test_iter43_fix24az_z_planning_placement" name="test_legacy_webhook_without_is_rdv_treated_as_rdv" time="0.089" /><testcase classname="tests.test_iter43_fix24az_z_planning_placement" name="test_get_planning_returns_both_rdv_and_walk_ins" time="0.593" /><testcase classname="tests.test_iter43_fix24az_x_planning_visibility" name="test_webhook_rdv_visible_with_bridged_user" time="0.242" /><testcase classname="tests.test_iter43_fix24az_x_planning_visibility" name="test_webhook_rdv_visible_with_tracked_users_only" time="0.178" /><testcase classname="tests.test_iter43_fix24az_x_planning_visibility" name="test_webhook_rdv_visible_with_uppercase_email_in_payload" time="0.174" /><testcase classname="tests.test_iter43_fix24az_x_planning_visibility" name="test_all_webhook_rdvs_visible_for_medecin" time="0.496" /><testcase classname="tests.test_iter43_fix24az_w_wa_silent_drops" name="test_stats_default_shape" time="0.091" /><testcase classname="tests.test_iter43_fix24az_w_wa_silent_drops" name="test_update_config_persists_and_sanitises" time="0.096" /><testcase classname="tests.test_iter43_fix24az_w_wa_silent_drops" name="test_update_config_rejects_empty_payload" time="0.082" /><testcase classname="tests.test_iter43_fix24az_w_wa_silent_drops" name="test_update_config_validates_ranges" time="0.097" /><testcase classname="tests.test_iter43_fix24az_w_wa_silent_drops" name="test_list_drops_returns_records" time="0.075" /><testcase classname="tests.test_iter43_fix24az_w_wa_silent_drops" name="test_test_alert_with_no_recipients" time="0.121" /><testcase classname="tests.test_iter43_fix24az_w_wa_silent_drops" name="test_test_alert_returns_recipient_results" time="0.182" /><testcase classname="tests.test_iter43_fix24az_w_wa_silent_drops" name="test_delete_purges_all_drops" time="0.144" /><testcase classname="tests.test_iter43_fix24az_w_wa_silent_drops" name="test_observer_inserts_drop_and_fires_alert_when_threshold_met" time="0.191" /><testcase classname="tests.test_iter43_fix24az_w_wa_silent_drops" name="test_observer_respects_cooldown" time="0.005" /><testcase classname="tests.test_iter43_fix24az_w_wa_silent_drops" name="test_observer_noop_when_alerts_disabled" time="0.005" /><testcase classname="tests.test_iter43_fix24az_v_wa_text_truncation" name="test_split_short_text_returns_single_chunk" time="0.000" /><testcase classname="tests.test_iter43_fix24az_v_wa_text_truncation" name="test_split_respects_explicit_hint" time="0.000" /><testcase classname="tests.test_iter43_fix24az_v_wa_text_truncation" name="test_split_at_paragraph_boundaries" time="0.000" /><testcase classname="tests.test_iter43_fix24az_v_wa_text_truncation" name="test_split_hard_cut_when_no_boundary" time="0.000" /><testcase classname="tests.test_iter43_fix24az_v_wa_text_truncation" name="test_split_preserves_content" time="0.000" /><testcase classname="tests.test_iter43_fix24az_v_wa_text_truncation" name="test_build_garde_reply_uses_split_hint_between_main_and_assist" time="0.012" /><testcase classname="tests.test_iter43_fix24az_v_wa_text_truncation" name="test_build_garde_reply_appends_site_link_when_officines_exceed_budget" time="0.008" /><testcase classname="tests.test_iter43_fix24az_t_deployment_fingerprint" name="test_version_detail_exposes_new_fields" time="0.074" /><testcase classname="tests.test_iter43_fix24az_t_deployment_fingerprint" name="test_fingerprint_priority_order" time="0.076" /><testcase classname="tests.test_iter43_fix24az_t_deployment_fingerprint" name="test_files_hash_includes_routes_directory" time="0.081" /><testcase classname="tests.test_iter43_fix24az_t_deployment_fingerprint" name="test_deployment_bump_is_idempotent" time="0.191" /><testcase classname="tests.test_iter43_fix24az_t_deployment_fingerprint" name="test_fingerprint_covers_multiple_files" time="0.001" /><testcase classname="tests.test_iter43_fix24az_r_tracked_user_and_assist_group" name="test_create_tracked_user_with_empty_string_email_fails_gracefully" time="0.083" /><testcase classname="tests.test_iter43_fix24az_r_tracked_user_and_assist_group" name="test_create_tracked_user_with_null_email_succeeds" time="0.072" /><testcase classname="tests.test_iter43_fix24az_r_tracked_user_and_assist_group" name="test_create_tracked_user_medecin_role_accepted" time="0.098" /><testcase classname="tests.test_iter43_fix24az_r_tracked_user_and_assist_group" name="test_list_planning_includes_assist_group_field" time="0.075" /><testcase classname="tests.test_iter43_fix24az_r_tracked_user_and_assist_group" name="test_set_assist_group_persists" time="0.248" /><testcase classname="tests.test_iter43_fix24az_r_tracked_user_and_assist_group" name="test_reject_assist_equals_standard" time="0.086" /><testcase classname="tests.test_iter43_fix24az_r_tracked_user_and_assist_group" name="test_clear_assist_group" time="0.153" /><testcase classname="tests.test_iter43_fix24az_r_tracked_user_and_assist_group" name="test_reject_missing_both_fields" time="0.088" /><testcase classname="tests.test_iter43_fix24az_r_tracked_user_and_assist_group" name="test_public_current_exposes_assist_officines" time="0.091" /><testcase classname="tests.test_iter43_fix24az_r_tracked_user_and_assist_group" name="test_public_current_returns_assist_officines_when_configured" time="0.168" /><testcase classname="tests.test_iter43_fix24az_q_wa_helpers_refactor" name="test_normalize_wa_phone_strips_non_digits" time="0.000" /><testcase classname="tests.test_iter43_fix24az_q_wa_helpers_refactor" name="test_wa_kind_for_mime_covers_meta_types" time="0.000" /><testcase classname="tests.test_iter43_fix24az_q_wa_helpers_refactor" name="test_wa_window_open_boundary" time="0.000" /><testcase classname="tests.test_iter43_fix24az_q_wa_helpers_refactor" name="test_wa_apply_image_watermark_qr_noop_without_inputs" time="0.001" /><testcase classname="tests.test_iter43_fix24az_q_wa_helpers_refactor" name="test_server_module_reexports_helpers" time="0.955" /><testcase classname="tests.test_iter43_fix24az_q_wa_helpers_refactor" name="test_factory_returns_all_helpers" time="0.000" /></testsuite></testsuites>