<?xml version="1.0" encoding="utf-8"?><testsuites name="pytest tests"><testsuite name="pytest" errors="0" failures="0" skipped="0" tests="33" time="6.110" timestamp="2026-07-21T10:32:41.297669+00:00" hostname="agent-env-fe9c72a9-12c7-48bd-96d7-9b73e074fc25"><testcase classname="backend.tests.test_iter43_fix24az_o_liluvine_reactions" name="test_norm_removes_accents_and_ponct" time="0.001" /><testcase classname="backend.tests.test_iter43_fix24az_o_liluvine_reactions" name="test_similarity_scores" time="0.000" /><testcase classname="backend.tests.test_iter43_fix24az_o_liluvine_reactions" name="test_fuzzy_match_garde_variations" time="0.004" /><testcase classname="backend.tests.test_iter43_fix24az_o_liluvine_reactions" name="test_fuzzy_no_match_random_text" time="0.002" /><testcase classname="backend.tests.test_iter43_fix24az_o_liluvine_reactions" name="test_fuzzy_match_meteo_via_synonym" time="0.001" /><testcase classname="backend.tests.test_iter43_fix24az_o_liluvine_reactions" name="test_ad_template_exact_match" time="0.000" /><testcase classname="backend.tests.test_iter43_fix24az_o_liluvine_reactions" name="test_ad_template_variation_match" time="0.000" /><testcase classname="backend.tests.test_iter43_fix24az_o_liluvine_reactions" name="test_ad_template_fuzzy_match" time="0.000" /><testcase classname="backend.tests.test_iter43_fix24az_o_liluvine_reactions" name="test_ad_template_inactive_ignored" time="0.000" /><testcase classname="backend.tests.test_iter43_fix24az_o_liluvine_reactions" name="test_get_reactions_config" time="0.502" /><testcase classname="backend.tests.test_iter43_fix24az_o_liluvine_reactions" name="test_put_reactions_config" time="0.615" /><testcase classname="backend.tests.test_iter43_fix24az_o_liluvine_reactions" name="test_create_update_delete_template" time="0.343" /><testcase classname="backend.tests.test_iter43_fix24az_o_liluvine_reactions" name="test_get_stats_returns_totals" time="0.083" /><testcase classname="backend.tests.test_iter43_fix24az_m_planning" name="test_admin_config_returns_webhook_url" time="0.089" /><testcase classname="backend.tests.test_iter43_fix24az_m_planning" name="test_admin_config_regenerate" time="0.206" /><testcase classname="backend.tests.test_iter43_fix24az_m_planning" name="test_admin_config_requires_auth" time="0.091" /><testcase classname="backend.tests.test_iter43_fix24az_m_planning" name="test_webhook_wrong_secret_returns_404" time="0.101" /><testcase classname="backend.tests.test_iter43_fix24az_m_planning" name="test_webhook_missing_required_fields_400" time="0.166" /><testcase classname="backend.tests.test_iter43_fix24az_m_planning" name="test_webhook_valid_payload_creates_appointment" time="0.078" /><testcase classname="backend.tests.test_iter43_fix24az_m_planning" name="test_webhook_idempotent_upsert" time="0.175" /><testcase classname="backend.tests.test_iter43_fix24az_m_planning" name="test_list_doctors_returns_medecin" time="0.080" /><testcase classname="backend.tests.test_iter43_fix24az_m_planning" name="test_medecin_view_locks_to_self" time="0.149" /><testcase classname="backend.tests.test_iter43_fix24az_m_planning" name="test_admin_can_filter_by_medecin" time="0.092" /><testcase classname="backend.tests.test_iter43_fix24az_m_planning" name="test_invalid_date_format_400" time="0.077" /><testcase classname="backend.tests.test_iter43_fix24az_n_planning_sse_reminders" name="test_sse_stream_hello_event" time="0.095" /><testcase classname="backend.tests.test_iter43_fix24az_n_planning_sse_reminders" name="test_sse_stream_broadcasts_new_appointment" time="1.678" /><testcase classname="backend.tests.test_iter43_fix24az_n_planning_sse_reminders" name="test_sse_requires_valid_token" time="0.067" /><testcase classname="backend.tests.test_iter43_fix24az_n_planning_sse_reminders" name="test_webhook_persists_patient_phone" time="0.119" /><testcase classname="backend.tests.test_iter43_fix24az_n_planning_sse_reminders" name="test_reminders_manual_trigger_finds_eligible" time="0.178" /><testcase classname="backend.tests.test_iter43_fix24az_n_planning_sse_reminders" name="test_reminders_config_reminder_template" time="0.302" /><testcase classname="backend.tests.test_iter43_fix24az_l_wa_dedup" name="test_wa_inbound_dedup_single_write" time="0.196" /><testcase classname="backend.tests.test_iter43_fix24az_l_wa_dedup" name="test_wa_inbound_different_ids_both_written" time="0.175" /><testcase classname="backend.tests.test_iter43_fix24az_l_wa_dedup" name="test_wa_dedup_index_created" time="0.001" /></testsuite></testsuites>