<?xml version="1.0" encoding="utf-8"?><testsuites name="pytest tests"><testsuite name="pytest" errors="0" failures="0" skipped="0" tests="9" time="1.056" timestamp="2026-05-26T21:10:39.579009+00:00" hostname="agent-env-fe9c72a9-12c7-48bd-96d7-9b73e074fc25"><testcase classname="backend.tests.test_iter38_comptable_caisse_write_block" name="test_comptable_can_read_business_clients" time="0.107" /><testcase classname="backend.tests.test_iter38_comptable_caisse_write_block" name="test_comptable_can_read_products" time="0.080" /><testcase classname="backend.tests.test_iter38_comptable_caisse_write_block" name="test_comptable_can_read_receipts" time="0.289" /><testcase classname="backend.tests.test_iter38_comptable_caisse_write_block" name="test_comptable_can_read_invoices" time="0.077" /><testcase classname="backend.tests.test_iter38_comptable_caisse_write_block" name="test_comptable_cannot_create_business_client" time="0.068" /><testcase classname="backend.tests.test_iter38_comptable_caisse_write_block" name="test_comptable_cannot_create_product" time="0.062" /><testcase classname="backend.tests.test_iter38_comptable_caisse_write_block" name="test_regular_client_cannot_read_business_clients" time="0.070" /><testcase classname="backend.tests.test_iter38_comptable_caisse_write_block" name="test_admin_sup_can_still_read_caisse" time="0.088" /><testcase classname="backend.tests.test_iter38_comptable_caisse_write_block" name="test_admin_sup_can_still_write_caisse" time="0.072" /></testsuite></testsuites>