<?xml version="1.0" encoding="utf-8"?><testsuites name="pytest tests"><testsuite name="pytest" errors="0" failures="0" skipped="0" tests="2" time="14.513" timestamp="2026-06-03T02:44:50.453241+00:00" hostname="agent-env-fe9c72a9-12c7-48bd-96d7-9b73e074fc25"><testcase classname="tests.test_siter39r_image_auto_describe" name="test_image_upsert_auto_describe_off_skips_vision" time="5.162" /><testcase classname="tests.test_siter39r_image_auto_describe" name="test_image_upsert_auto_describe_on_returns_vision_keys" time="9.262" /></testsuite></testsuites>