<?xml version="1.0" encoding="utf-8"?><testsuites name="pytest tests"><testsuite name="pytest" errors="0" failures="0" skipped="0" tests="6" time="2.461" timestamp="2026-07-10T21:19:12.532910+00:00" hostname="agent-env-fe9c72a9-12c7-48bd-96d7-9b73e074fc25"><testcase classname="backend.tests.test_iter43_fix24az_f_production" name="test_non_fabricant_gets_403" time="0.607" /><testcase classname="backend.tests.test_iter43_fix24az_f_production" name="test_intrant_crud" time="0.945" /><testcase classname="backend.tests.test_iter43_fix24az_f_production" name="test_recipe_computation" time="0.377" /><testcase classname="backend.tests.test_iter43_fix24az_f_production" name="test_settings_default_margin" time="0.210" /><testcase classname="backend.tests.test_iter43_fix24az_f_production" name="test_pdf_export" time="0.184" /><testcase classname="backend.tests.test_iter43_fix24az_f_production" name="test_user_me_exposes_business_type" time="0.064" /></testsuite></testsuites>