<?xml version="1.0" encoding="utf-8"?><testsuites name="pytest tests"><testsuite name="pytest" errors="0" failures="0" skipped="0" tests="8" time="2.639" timestamp="2026-05-06T21:07:46.094741+00:00" hostname="agent-env-fe9c72a9-12c7-48bd-96d7-9b73e074fc25"><testcase classname="backend.tests.test_sawali_iter23.TestFormUpload" name="test_upload_small_file_ok" time="1.341" /><testcase classname="backend.tests.test_sawali_iter23.TestFormUpload" name="test_upload_too_large_413" time="0.287" /><testcase classname="backend.tests.test_sawali_iter23.TestFormUpload" name="test_upload_empty_400" time="0.087" /><testcase classname="backend.tests.test_sawali_iter23.TestFormUpload" name="test_upload_unknown_form_404" time="0.093" /><testcase classname="backend.tests.test_sawali_iter23.TestFormFieldsTypes" name="test_put_with_table_columns_roundtrip" time="0.170" /><testcase classname="backend.tests.test_sawali_iter23.TestFormFieldsTypes" name="test_put_with_file_accept_roundtrip" time="0.172" /><testcase classname="backend.tests.test_sawali_iter23.TestFormFieldsTypes" name="test_put_with_signature_roundtrip" time="0.158" /><testcase classname="backend.tests.test_sawali_iter23.TestFormFieldsTypes" name="test_put_combo_three_types" time="0.253" /></testsuite></testsuites>