<?xml version="1.0" encoding="utf-8"?><testsuites name="pytest tests"><testsuite name="pytest" errors="0" failures="0" skipped="0" tests="12" time="3.855" timestamp="2026-05-03T01:37:31.172691+00:00" hostname="agent-env-fe9c72a9-12c7-48bd-96d7-9b73e074fc25"><testcase classname="backend.tests.test_sawali_iter12.TestListSchedules" name="test_unauth" time="0.476" /><testcase classname="backend.tests.test_sawali_iter12.TestListSchedules" name="test_non_admin_forbidden" time="1.206" /><testcase classname="backend.tests.test_sawali_iter12.TestListSchedules" name="test_admin_returns_list" time="0.078" /><testcase classname="backend.tests.test_sawali_iter12.TestCreateSchedule" name="test_400_empty_recipients" time="0.079" /><testcase classname="backend.tests.test_sawali_iter12.TestCreateSchedule" name="test_400_missing_template" time="0.076" /><testcase classname="backend.tests.test_sawali_iter12.TestCreateSchedule" name="test_400_past_date" time="0.099" /><testcase classname="backend.tests.test_sawali_iter12.TestCreateSchedule" name="test_happy_path_creates_pending" time="0.136" /><testcase classname="backend.tests.test_sawali_iter12.TestDeleteSchedule" name="test_404_unknown" time="0.114" /><testcase classname="backend.tests.test_sawali_iter12.TestDeleteSchedule" name="test_hard_delete_pending" time="0.238" /><testcase classname="backend.tests.test_sawali_iter12.TestDeleteSchedule" name="test_soft_cancel_running_or_done" time="0.073" /><testcase classname="backend.tests.test_sawali_iter12.TestRunner" name="test_runner_drains_past_pending" time="0.371" /><testcase classname="backend.tests.test_sawali_iter12.TestTrackedUserPhonePersistence" name="test_create_tracked_with_phone" time="0.753" /></testsuite></testsuites>