<?xml version="1.0" encoding="utf-8"?><testsuites name="pytest tests"><testsuite name="pytest" errors="0" failures="1" skipped="0" tests="13" time="3.286" timestamp="2026-05-02T20:08:30.071575+00:00" hostname="agent-env-fe9c72a9-12c7-48bd-96d7-9b73e074fc25"><testcase classname="backend.tests.test_sawali_iter9.TestGlobalAnalytics" name="test_shape_global_admin" time="1.193" /><testcase classname="backend.tests.test_sawali_iter9.TestGlobalAnalytics" name="test_global_client_scoped" time="0.758" /><testcase classname="backend.tests.test_sawali_iter9.TestSubmissionSeed" name="test_anon_public_submission_with_geo" time="0.074" /><testcase classname="backend.tests.test_sawali_iter9.TestSubmissionSeed" name="test_authenticated_submission_populates_top_authors" time="0.082" /><testcase classname="backend.tests.test_sawali_iter9.TestSubmissionSeed" name="test_detail_analytics_reflects" time="0.064" /><testcase classname="backend.tests.test_sawali_iter9.TestDateFilters" name="test_date_from_future_empties_series" time="0.101" /><testcase classname="backend.tests.test_sawali_iter9.TestDateFilters" name="test_date_range_today_includes_seed" time="0.080"><failure message="assert 0 &gt;= 2">backend/tests/test_sawali_iter9.py:212: in test_date_range_today_includes_seed
    assert d["submissions"] &gt;= 2
E   assert 0 &gt;= 2</failure></testcase><testcase classname="backend.tests.test_sawali_iter9.TestDateFilters" name="test_global_date_filter_applied" time="0.092" /><testcase classname="backend.tests.test_sawali_iter9.TestAccessControl" name="test_404_unknown_form_detail" time="0.097" /><testcase classname="backend.tests.test_sawali_iter9.TestAccessControl" name="test_404_unknown_form_csv" time="0.088" /><testcase classname="backend.tests.test_sawali_iter9.TestAccessControl" name="test_403_non_owner_detail" time="0.155" /><testcase classname="backend.tests.test_sawali_iter9.TestAccessControl" name="test_403_non_owner_csv" time="0.069" /><testcase classname="backend.tests.test_sawali_iter9.TestCSVExport" name="test_csv_has_bom_and_header_and_rows" time="0.288" /></testsuite></testsuites>