<?xml version="1.0" encoding="utf-8"?><testsuites name="pytest tests"><testsuite name="pytest" errors="0" failures="0" skipped="0" tests="11" time="9.481" timestamp="2026-05-23T15:36:34.298409+00:00" hostname="agent-env-fe9c72a9-12c7-48bd-96d7-9b73e074fc25"><testcase classname="backend.tests.test_iter36u_cashier.TestPermissions" name="test_regular_user_cannot_create_receipt" time="1.875" /><testcase classname="backend.tests.test_iter36u_cashier.TestPermissions" name="test_cashier_user_can_create_receipt" time="0.683" /><testcase classname="backend.tests.test_iter36u_cashier.TestPermissions" name="test_can_cash_endpoint_admin_only" time="0.117" /><testcase classname="backend.tests.test_iter36u_cashier.TestReceiptLifecycle" name="test_receipt_qr_png_returns_image" time="0.901" /><testcase classname="backend.tests.test_iter36u_cashier.TestReceiptLifecycle" name="test_public_qr_verify" time="0.767" /><testcase classname="backend.tests.test_iter36u_cashier.TestInvoiceLifecycle" name="test_create_proforma_with_discount_percent" time="0.734" /><testcase classname="backend.tests.test_iter36u_cashier.TestInvoiceLifecycle" name="test_convert_proforma_to_invoice_then_pay_generates_receipt" time="0.882" /><testcase classname="backend.tests.test_iter36u_cashier.TestInvoiceLifecycle" name="test_cannot_pay_proforma_without_converting" time="0.768" /><testcase classname="backend.tests.test_iter36u_cashier.TestInvoiceLifecycle" name="test_cashier_cannot_cancel_invoice" time="0.862" /><testcase classname="backend.tests.test_iter36u_cashier.TestInvoiceLifecycle" name="test_cannot_cancel_paid_invoice" time="0.817" /><testcase classname="backend.tests.test_iter36u_cashier.TestProducts" name="test_unique_sku" time="0.926" /></testsuite></testsuites>