<?xml version="1.0" encoding="utf-8"?><testsuites name="pytest tests"><testsuite name="pytest" errors="0" failures="0" skipped="0" tests="22" time="29.001" timestamp="2026-04-25T11:36:05.988226+00:00" hostname="agent-env-fe9c72a9-12c7-48bd-96d7-9b73e074fc25"><testcase classname="backend.tests.test_sawali_api.TestHealth" name="test_root" time="1.253" /><testcase classname="backend.tests.test_sawali_api.TestHealth" name="test_health" time="0.706" /><testcase classname="backend.tests.test_sawali_api.TestPublicContent" name="test_company_info" time="0.704" /><testcase classname="backend.tests.test_sawali_api.TestPublicContent" name="test_content_seeded" time="0.700" /><testcase classname="backend.tests.test_sawali_api.TestPublicContent" name="test_content_get_by_slug" time="0.701" /><testcase classname="backend.tests.test_sawali_api.TestPublicContent" name="test_captcha_config" time="0.727" /><testcase classname="backend.tests.test_sawali_api.TestAvailability" name="test_business_day_returns_slots" time="0.727" /><testcase classname="backend.tests.test_sawali_api.TestAvailability" name="test_non_business_day" time="0.740" /><testcase classname="backend.tests.test_sawali_api.TestContact" name="test_create_contact" time="0.739" /><testcase classname="backend.tests.test_sawali_api.TestAuth" name="test_login_wrong_password" time="0.953" /><testcase classname="backend.tests.test_sawali_api.TestAuth" name="test_admin_me" time="2.377" /><testcase classname="backend.tests.test_sawali_api.TestAuth" name="test_protected_without_token" time="0.724" /><testcase classname="backend.tests.test_sawali_api.TestAdminClientsCRUD" name="test_create_and_list" time="2.495" /><testcase classname="backend.tests.test_sawali_api.TestAdminClientsCRUD" name="test_update_and_persist" time="1.474" /><testcase classname="backend.tests.test_sawali_api.TestAdminClientsCRUD" name="test_client_login_and_me_endpoints" time="5.013" /><testcase classname="backend.tests.test_sawali_api.TestAppointments" name="test_public_book_and_conflict" time="1.458" /><testcase classname="backend.tests.test_sawali_api.TestAdminUpload" name="test_upload_and_serve" time="1.594" /><testcase classname="backend.tests.test_sawali_api.TestAdminContent" name="test_upsert_and_get" time="1.460" /><testcase classname="backend.tests.test_sawali_api.TestAdminSettings" name="test_get_settings_masked" time="0.699" /><testcase classname="backend.tests.test_sawali_api.TestAdminSettings" name="test_update_settings" time="1.464" /><testcase classname="backend.tests.test_sawali_api.TestApiRoutesMeta" name="test_list_routes" time="0.726" /><testcase classname="backend.tests.test_sawali_api.TestGoogleAuthUrl" name="test_returns_400_when_not_configured" time="1.471" /></testsuite></testsuites>