<?xml version="1.0" encoding="utf-8"?><testsuites name="pytest tests"><testsuite name="pytest" errors="0" failures="0" skipped="0" tests="10" time="6.689" timestamp="2026-05-09T19:08:33.550888+00:00" hostname="agent-env-fe9c72a9-12c7-48bd-96d7-9b73e074fc25"><testcase classname="backend.tests.test_sawali_iter24.TestContactUniqueCode" name="test_create_returns_unique_code_format" time="0.976" /><testcase classname="backend.tests.test_sawali_iter24.TestContactUniqueCode" name="test_sequential_increment" time="0.279" /><testcase classname="backend.tests.test_sawali_iter24.TestContactUniqueCode" name="test_unique_code_immutable_via_put" time="0.320" /><testcase classname="backend.tests.test_sawali_iter24.TestContactUniqueCode" name="test_backfill_no_empty_unique_codes" time="0.071" /><testcase classname="backend.tests.test_sawali_iter24.TestAnonCompany" name="test_rgpd_preview_includes_anon_company" time="0.080" /><testcase classname="backend.tests.test_sawali_iter24.TestAnonCompany" name="test_features_persists_anon_company" time="0.221" /><testcase classname="backend.tests.test_sawali_iter24.TestAnonCompany" name="test_anon_company_masks_for_tracked_user" time="1.606" /><testcase classname="backend.tests.test_sawali_iter24.TestWaSoundAlerts" name="test_toggle_persists_and_tracked_user_sees_false" time="0.314" /><testcase classname="backend.tests.test_sawali_iter24.TestWhatsAppAutoFill" name="test_autofill_when_name_is_phone" time="1.325" /><testcase classname="backend.tests.test_sawali_iter24.TestWhatsAppAutoFill" name="test_no_overwrite_when_real_name" time="1.343" /></testsuite></testsuites>