<?xml version="1.0" encoding="utf-8"?><testsuites name="pytest tests"><testsuite name="pytest" errors="0" failures="0" skipped="0" tests="84" time="19.722" timestamp="2026-05-03T03:00:56.993060+00:00" hostname="agent-env-fe9c72a9-12c7-48bd-96d7-9b73e074fc25"><testcase classname="backend.tests.test_sawali_iter12.TestListSchedules" name="test_unauth" time="0.143" /><testcase classname="backend.tests.test_sawali_iter12.TestListSchedules" name="test_non_admin_forbidden" time="1.121" /><testcase classname="backend.tests.test_sawali_iter12.TestListSchedules" name="test_admin_returns_list" time="0.077" /><testcase classname="backend.tests.test_sawali_iter12.TestCreateSchedule" name="test_400_empty_recipients" time="0.120" /><testcase classname="backend.tests.test_sawali_iter12.TestCreateSchedule" name="test_400_missing_template" time="0.089" /><testcase classname="backend.tests.test_sawali_iter12.TestCreateSchedule" name="test_400_past_date" time="0.088" /><testcase classname="backend.tests.test_sawali_iter12.TestCreateSchedule" name="test_happy_path_creates_pending" time="0.188" /><testcase classname="backend.tests.test_sawali_iter12.TestDeleteSchedule" name="test_404_unknown" time="0.079" /><testcase classname="backend.tests.test_sawali_iter12.TestDeleteSchedule" name="test_hard_delete_pending" time="0.247" /><testcase classname="backend.tests.test_sawali_iter12.TestDeleteSchedule" name="test_soft_cancel_running_or_done" time="0.086" /><testcase classname="backend.tests.test_sawali_iter12.TestRunner" name="test_runner_drains_past_pending" time="0.008" /><testcase classname="backend.tests.test_sawali_iter12.TestTrackedUserPhonePersistence" name="test_create_tracked_with_phone" time="0.782" /><testcase classname="backend.tests.test_sawali_iter13.TestRenderVariable" name="test_empty_input_returns_empty" time="0.000" /><testcase classname="backend.tests.test_sawali_iter13.TestRenderVariable" name="test_known_tokens_resolved" time="0.000" /><testcase classname="backend.tests.test_sawali_iter13.TestRenderVariable" name="test_unknown_token_becomes_blank" time="0.000" /><testcase classname="backend.tests.test_sawali_iter13.TestRenderVariable" name="test_no_tokens_returns_static_text" time="0.000" /><testcase classname="backend.tests.test_sawali_iter13.TestRenderVariable" name="test_token_with_whitespace" time="0.000" /><testcase classname="backend.tests.test_sawali_iter13.TestBuildRecipientCtx" name="test_returns_all_seven_keys" time="0.000" /><testcase classname="backend.tests.test_sawali_iter13.TestBuildRecipientCtx" name="test_today_tomorrow_format_ddmmyyyy" time="0.000" /><testcase classname="backend.tests.test_sawali_iter13.TestBuildRecipientCtx" name="test_user_doc_overrides" time="0.000" /><testcase classname="backend.tests.test_sawali_iter13.TestBuildRecipientCtx" name="test_label_fallback_for_full_name" time="0.000" /><testcase classname="backend.tests.test_sawali_iter13.TestBuildComponents" name="test_none_when_variables_empty" time="0.000" /><testcase classname="backend.tests.test_sawali_iter13.TestBuildComponents" name="test_builds_body_with_positional_text_params" time="0.000" /><testcase classname="backend.tests.test_sawali_iter13.TestBuildComponents" name="test_unknown_tokens_resolve_to_empty" time="0.000" /><testcase classname="backend.tests.test_sawali_iter13.TestVariableTokensEndpoint" name="test_unauth_401" time="0.076" /><testcase classname="backend.tests.test_sawali_iter13.TestVariableTokensEndpoint" name="test_non_admin_forbidden" time="1.120" /><testcase classname="backend.tests.test_sawali_iter13.TestVariableTokensEndpoint" name="test_admin_returns_seven_tokens" time="0.070" /><testcase classname="backend.tests.test_sawali_iter13.TestBulkSendVariables" name="test_bulk_send_resolves_variables_per_recipient" time="0.326" /><testcase classname="backend.tests.test_sawali_iter13.TestBulkSendVariables" name="test_bulk_send_without_variables_passes_static_components" time="0.002" /><testcase classname="backend.tests.test_sawali_iter13.TestScheduleVariables" name="test_schedule_persists_variables_field" time="0.138" /><testcase classname="backend.tests.test_sawali_iter13.TestScheduleVariables" name="test_schedule_without_variables_persists_none" time="0.142" /><testcase classname="backend.tests.test_sawali_iter13.TestRunnerResolvesVariables" name="test_runner_uses_resolved_components" time="0.004" /><testcase classname="backend.tests.test_sawali_iter13.TestRunnerResolvesVariables" name="test_runner_without_variables_unchanged" time="0.002" /><testcase classname="backend.tests.test_sawali_iter14.TestEventsEndpoint" name="test_unauth_401" time="0.103" /><testcase classname="backend.tests.test_sawali_iter14.TestEventsEndpoint" name="test_non_admin_forbidden" time="1.146" /><testcase classname="backend.tests.test_sawali_iter14.TestEventsEndpoint" name="test_admin_returns_four_events" time="0.083" /><testcase classname="backend.tests.test_sawali_iter14.TestAutomationCreateValidation" name="test_unsupported_event_400" time="0.111" /><testcase classname="backend.tests.test_sawali_iter14.TestAutomationCreateValidation" name="test_empty_template_400" time="0.081" /><testcase classname="backend.tests.test_sawali_iter14.TestAutomationCreateValidation" name="test_negative_delay_400" time="0.070" /><testcase classname="backend.tests.test_sawali_iter14.TestAutomationCreateValidation" name="test_fixed_target_requires_phone_400" time="0.095" /><testcase classname="backend.tests.test_sawali_iter14.TestAutomationCreateValidation" name="test_happy_path_returns_doc" time="0.192" /><testcase classname="backend.tests.test_sawali_iter14.TestAutomationCrud" name="test_list_returns_array" time="0.075" /><testcase classname="backend.tests.test_sawali_iter14.TestAutomationCrud" name="test_list_unauth_401" time="0.072" /><testcase classname="backend.tests.test_sawali_iter14.TestAutomationCrud" name="test_update_partial_and_404" time="0.321" /><testcase classname="backend.tests.test_sawali_iter14.TestAutomationCrud" name="test_delete_404_then_200" time="0.332" /><testcase classname="backend.tests.test_sawali_iter14.TestEmitter" name="test_immediate_happy_path_substitutes_variables" time="0.320" /><testcase classname="backend.tests.test_sawali_iter14.TestEmitter" name="test_delayed_creates_schedule_no_immediate_send" time="0.003" /><testcase classname="backend.tests.test_sawali_iter14.TestEmitter" name="test_no_phone_logs_row_no_send" time="0.387" /><testcase classname="backend.tests.test_sawali_iter14.TestEmitter" name="test_disabled_automation_is_ignored" time="0.002" /><testcase classname="backend.tests.test_sawali_iter14.TestEmitter" name="test_unsupported_event_is_noop" time="0.000" /><testcase classname="backend.tests.test_sawali_iter14.TestIntegrationClientCreated" name="test_post_admin_clients_emits_event" time="4.520" /><testcase classname="backend.tests.test_sawali_iter14.TestIntegrationInterventionCreated" name="test_post_admin_interventions_emits_event" time="0.141" /><testcase classname="backend.tests.test_sawali_iter14.TestAppointmentReminderCron" name="test_cron_emits_reminder_and_stamps" time="0.003" /><testcase classname="backend.tests.test_sawali_iter15.TestListTemplates" name="test_unauth_401" time="0.087" /><testcase classname="backend.tests.test_sawali_iter15.TestListTemplates" name="test_non_admin_forbidden" time="1.044" /><testcase classname="backend.tests.test_sawali_iter15.TestListTemplates" name="test_admin_unconfigured_returns_empty" time="0.085" /><testcase classname="backend.tests.test_sawali_iter15.TestCreateValidation" name="test_unauth_401" time="0.073" /><testcase classname="backend.tests.test_sawali_iter15.TestCreateValidation" name="test_non_admin_forbidden" time="0.090" /><testcase classname="backend.tests.test_sawali_iter15.TestCreateValidation" name="test_invalid_name_hyphen" time="0.078" /><testcase classname="backend.tests.test_sawali_iter15.TestCreateValidation" name="test_name_auto_lowercased_validates" time="0.093" /><testcase classname="backend.tests.test_sawali_iter15.TestCreateValidation" name="test_invalid_category" time="0.075" /><testcase classname="backend.tests.test_sawali_iter15.TestCreateValidation" name="test_empty_body" time="0.086" /><testcase classname="backend.tests.test_sawali_iter15.TestCreateValidation" name="test_body_too_long" time="0.090" /><testcase classname="backend.tests.test_sawali_iter15.TestCreateValidation" name="test_missing_examples_for_vars" time="0.087" /><testcase classname="backend.tests.test_sawali_iter15.TestCreateValidation" name="test_header_too_long" time="0.070" /><testcase classname="backend.tests.test_sawali_iter15.TestCreateValidation" name="test_footer_too_long" time="0.068" /><testcase classname="backend.tests.test_sawali_iter15.TestCreateValidation" name="test_meta_unconfigured_after_valid_input" time="0.077" /><testcase classname="backend.tests.test_sawali_iter15.TestCreateHappyPath" name="test_happy_with_variables" time="0.003" /><testcase classname="backend.tests.test_sawali_iter15.TestCreateHappyPath" name="test_happy_no_variables" time="0.001" /><testcase classname="backend.tests.test_sawali_iter15.TestDeleteTemplate" name="test_unauth_401" time="0.099" /><testcase classname="backend.tests.test_sawali_iter15.TestDeleteTemplate" name="test_non_admin_forbidden" time="0.093" /><testcase classname="backend.tests.test_sawali_iter15.TestDeleteTemplate" name="test_unconfigured_returns_400" time="0.097" /><testcase classname="backend.tests.test_sawali_iter15.TestDeleteTemplate" name="test_happy_path_mocked" time="0.002" /><testcase classname="backend.tests.test_sawali_iter16.TestTimelineAuth" name="test_401_no_token" time="2.198" /><testcase classname="backend.tests.test_sawali_iter16.TestTimelineAuth" name="test_403_non_admin" time="0.075" /><testcase classname="backend.tests.test_sawali_iter16.TestTimelineAuth" name="test_404_unknown_client" time="0.079" /><testcase classname="backend.tests.test_sawali_iter16.TestTimelineShape" name="test_body_shape_and_client_fields" time="0.083" /><testcase classname="backend.tests.test_sawali_iter16.TestTimelineShape" name="test_all_5_sources_present" time="0.079" /><testcase classname="backend.tests.test_sawali_iter16.TestTimelineShape" name="test_event_content_includes_source_fields" time="0.061" /><testcase classname="backend.tests.test_sawali_iter16.TestTimelineShape" name="test_events_sorted_desc_by_ts" time="0.075" /><testcase classname="backend.tests.test_sawali_iter16.TestTimelineFilters" name="test_types_whatsapp_only" time="0.285" /><testcase classname="backend.tests.test_sawali_iter16.TestTimelineFilters" name="test_types_appt_and_intervention" time="0.068" /><testcase classname="backend.tests.test_sawali_iter16.TestTimelineLimit" name="test_limit_caps_results" time="0.080" /><testcase classname="backend.tests.test_sawali_iter16.TestTimelineLimit" name="test_default_limit_smoke" time="0.702" /></testsuite></testsuites>