<?xml version="1.0" encoding="utf-8"?><testsuites name="pytest tests"><testsuite name="pytest" errors="0" failures="0" skipped="0" tests="11" time="2.950" timestamp="2026-05-03T03:00:46.124902+00:00" hostname="agent-env-fe9c72a9-12c7-48bd-96d7-9b73e074fc25"><testcase classname="backend.tests.test_sawali_iter16.TestTimelineAuth" name="test_401_no_token" time="1.809" /><testcase classname="backend.tests.test_sawali_iter16.TestTimelineAuth" name="test_403_non_admin" time="0.088" /><testcase classname="backend.tests.test_sawali_iter16.TestTimelineAuth" name="test_404_unknown_client" time="0.090" /><testcase classname="backend.tests.test_sawali_iter16.TestTimelineShape" name="test_body_shape_and_client_fields" time="0.115" /><testcase classname="backend.tests.test_sawali_iter16.TestTimelineShape" name="test_all_5_sources_present" time="0.066" /><testcase classname="backend.tests.test_sawali_iter16.TestTimelineShape" name="test_event_content_includes_source_fields" time="0.071" /><testcase classname="backend.tests.test_sawali_iter16.TestTimelineShape" name="test_events_sorted_desc_by_ts" time="0.080" /><testcase classname="backend.tests.test_sawali_iter16.TestTimelineFilters" name="test_types_whatsapp_only" time="0.111" /><testcase classname="backend.tests.test_sawali_iter16.TestTimelineFilters" name="test_types_appt_and_intervention" time="0.079" /><testcase classname="backend.tests.test_sawali_iter16.TestTimelineLimit" name="test_limit_caps_results" time="0.077" /><testcase classname="backend.tests.test_sawali_iter16.TestTimelineLimit" name="test_default_limit_smoke" time="0.216" /></testsuite></testsuites>