<?xml version="1.0" encoding="utf-8"?><testsuites name="pytest tests"><testsuite name="pytest" errors="0" failures="0" skipped="0" tests="11" time="2.318" timestamp="2026-04-30T12:42:23.049369+00:00" hostname="agent-env-fe9c72a9-12c7-48bd-96d7-9b73e074fc25"><testcase classname="backend.tests.test_sawali_iter8.TestMeNotesFilters" name="test_author_filter_returns_only_matching" time="0.905" /><testcase classname="backend.tests.test_sawali_iter8.TestMeNotesFilters" name="test_author_filter_no_match" time="0.109" /><testcase classname="backend.tests.test_sawali_iter8.TestMeNotesFilters" name="test_q_search_in_title" time="0.109" /><testcase classname="backend.tests.test_sawali_iter8.TestMeNotesFilters" name="test_q_search_in_tags" time="0.086" /><testcase classname="backend.tests.test_sawali_iter8.TestMeNotesFilters" name="test_q_search_in_content" time="0.115" /><testcase classname="backend.tests.test_sawali_iter8.TestMeNotesFilters" name="test_author_and_q_combined" time="0.086" /><testcase classname="backend.tests.test_sawali_iter8.TestMeNotesAuthors" name="test_reports_authors" time="0.107" /><testcase classname="backend.tests.test_sawali_iter8.TestMeNotesAuthors" name="test_suivis_authors" time="0.149" /><testcase classname="backend.tests.test_sawali_iter8.TestAdminDbFilters" name="test_status_regex_filter" time="0.171" /><testcase classname="backend.tests.test_sawali_iter8.TestAdminDbFilters" name="test_exact_match" time="0.108" /><testcase classname="backend.tests.test_sawali_iter8.TestAdminDbFilters" name="test_sort_dir_ascending" time="0.286" /></testsuite></testsuites>