<?xml version="1.0" encoding="utf-8"?><testsuites name="pytest tests"><testsuite name="pytest" errors="0" failures="0" skipped="0" tests="8" time="69.917" timestamp="2026-04-29T02:51:36.794938+00:00" hostname="agent-env-fe9c72a9-12c7-48bd-96d7-9b73e074fc25"><testcase classname="backend.tests.test_sawali_iter3.TestTrackedUserPassword" name="test_set_password_short_returns_400" time="31.993" /><testcase classname="backend.tests.test_sawali_iter3.TestTrackedUserPassword" name="test_set_password_no_email" time="0.470" /><testcase classname="backend.tests.test_sawali_iter3.TestTrackedUserPassword" name="test_set_password_ok_and_login" time="31.571" /><testcase classname="backend.tests.test_sawali_iter3.TestTrackedUserPassword" name="test_revoke_password_blocks_login" time="0.571" /><testcase classname="backend.tests.test_sawali_iter3.TestNotesWebhook" name="test_webhook_fires_on_create_update_delete" time="4.357" /><testcase classname="backend.tests.test_sawali_iter3.TestNotesWebhook" name="test_disable_webhook_cleanup" time="0.104" /><testcase classname="backend.tests.test_sawali_iter3.TestSettingsMaskingNewSecrets" name="test_masking_token_and_pass" time="0.338" /><testcase classname="backend.tests.test_sawali_iter3.TestAdminDocumentsMetadata" name="test_create_with_filename_extension_persists" time="0.425" /></testsuite></testsuites>