<?xml version="1.0" encoding="utf-8"?><testsuites name="pytest tests"><testsuite name="pytest" errors="0" failures="0" skipped="0" tests="13" time="5.675" timestamp="2026-04-30T12:23:49.694904+00:00" hostname="agent-env-fe9c72a9-12c7-48bd-96d7-9b73e074fc25"><testcase classname="backend.tests.test_sawali_iter7.TestHealthStats" name="test_super_admin_200" time="0.669" /><testcase classname="backend.tests.test_sawali_iter7.TestHealthStats" name="test_non_super_admin_403" time="0.810" /><testcase classname="backend.tests.test_sawali_iter7.TestHealthNotifications" name="test_test_email_200" time="0.085" /><testcase classname="backend.tests.test_sawali_iter7.TestHealthNotifications" name="test_enable_webhook_and_fire_via_api_trace" time="1.816" /><testcase classname="backend.tests.test_sawali_iter7.TestHealthNotifications" name="test_run_weekly_now" time="1.001" /><testcase classname="backend.tests.test_sawali_iter7.TestHealthNotifications" name="test_cleanup_disable_realtime" time="0.097" /><testcase classname="backend.tests.test_sawali_iter7.TestAdminDb" name="test_list_collections" time="0.103" /><testcase classname="backend.tests.test_sawali_iter7.TestAdminDb" name="test_query_users_role_admin_and_redaction" time="0.090" /><testcase classname="backend.tests.test_sawali_iter7.TestAdminDb" name="test_query_api_traces_status_gte_coercion" time="0.509" /><testcase classname="backend.tests.test_sawali_iter7.TestAdminDb" name="test_query_api_traces_method_regex" time="0.119" /><testcase classname="backend.tests.test_sawali_iter7.TestAdminDb" name="test_invalid_collection_400" time="0.087" /><testcase classname="backend.tests.test_sawali_iter7.TestAdminDb" name="test_non_super_admin_forbidden" time="0.094" /><testcase classname="backend.tests.test_sawali_iter7.TestScheduler" name="test_scheduler_started_log" time="0.108" /></testsuite></testsuites>