<?xml version="1.0" encoding="utf-8"?><testsuites name="pytest tests"><testsuite name="pytest" errors="0" failures="0" skipped="0" tests="13" time="2.573" timestamp="2026-05-02T20:14:42.107867+00:00" hostname="agent-env-fe9c72a9-12c7-48bd-96d7-9b73e074fc25"><testcase classname="backend.tests.test_sawali_iter9.TestGlobalAnalytics" name="test_shape_global_admin" time="0.574" /><testcase classname="backend.tests.test_sawali_iter9.TestGlobalAnalytics" name="test_global_client_scoped" time="0.773" /><testcase classname="backend.tests.test_sawali_iter9.TestSubmissionSeed" name="test_anon_public_submission_with_geo" time="0.068" /><testcase classname="backend.tests.test_sawali_iter9.TestSubmissionSeed" name="test_authenticated_submission_populates_top_authors" time="0.084" /><testcase classname="backend.tests.test_sawali_iter9.TestSubmissionSeed" name="test_detail_analytics_reflects" time="0.075" /><testcase classname="backend.tests.test_sawali_iter9.TestDateFilters" name="test_date_from_future_empties_series" time="0.091" /><testcase classname="backend.tests.test_sawali_iter9.TestDateFilters" name="test_date_range_today_includes_seed" time="0.079" /><testcase classname="backend.tests.test_sawali_iter9.TestDateFilters" name="test_global_date_filter_applied" time="0.064" /><testcase classname="backend.tests.test_sawali_iter9.TestAccessControl" name="test_404_unknown_form_detail" time="0.068" /><testcase classname="backend.tests.test_sawali_iter9.TestAccessControl" name="test_404_unknown_form_csv" time="0.067" /><testcase classname="backend.tests.test_sawali_iter9.TestAccessControl" name="test_403_non_owner_detail" time="0.160" /><testcase classname="backend.tests.test_sawali_iter9.TestAccessControl" name="test_403_non_owner_csv" time="0.069" /><testcase classname="backend.tests.test_sawali_iter9.TestCSVExport" name="test_csv_has_bom_and_header_and_rows" time="0.337" /></testsuite></testsuites>