<?xml version="1.0" encoding="utf-8"?><testsuites name="pytest tests"><testsuite name="pytest" errors="0" failures="0" skipped="0" tests="20" time="3.742" timestamp="2026-05-03T02:48:30.559497+00:00" hostname="agent-env-fe9c72a9-12c7-48bd-96d7-9b73e074fc25"><testcase classname="backend.tests.test_sawali_iter15.TestListTemplates" name="test_unauth_401" time="0.512" /><testcase classname="backend.tests.test_sawali_iter15.TestListTemplates" name="test_non_admin_forbidden" time="1.351" /><testcase classname="backend.tests.test_sawali_iter15.TestListTemplates" name="test_admin_unconfigured_returns_empty" time="0.080" /><testcase classname="backend.tests.test_sawali_iter15.TestCreateValidation" name="test_unauth_401" time="0.086" /><testcase classname="backend.tests.test_sawali_iter15.TestCreateValidation" name="test_non_admin_forbidden" time="0.102" /><testcase classname="backend.tests.test_sawali_iter15.TestCreateValidation" name="test_invalid_name_hyphen" time="0.082" /><testcase classname="backend.tests.test_sawali_iter15.TestCreateValidation" name="test_name_auto_lowercased_validates" time="0.066" /><testcase classname="backend.tests.test_sawali_iter15.TestCreateValidation" name="test_invalid_category" time="0.081" /><testcase classname="backend.tests.test_sawali_iter15.TestCreateValidation" name="test_empty_body" time="0.068" /><testcase classname="backend.tests.test_sawali_iter15.TestCreateValidation" name="test_body_too_long" time="0.092" /><testcase classname="backend.tests.test_sawali_iter15.TestCreateValidation" name="test_missing_examples_for_vars" time="0.081" /><testcase classname="backend.tests.test_sawali_iter15.TestCreateValidation" name="test_header_too_long" time="0.083" /><testcase classname="backend.tests.test_sawali_iter15.TestCreateValidation" name="test_footer_too_long" time="0.087" /><testcase classname="backend.tests.test_sawali_iter15.TestCreateValidation" name="test_meta_unconfigured_after_valid_input" time="0.106" /><testcase classname="backend.tests.test_sawali_iter15.TestCreateHappyPath" name="test_happy_with_variables" time="0.006" /><testcase classname="backend.tests.test_sawali_iter15.TestCreateHappyPath" name="test_happy_no_variables" time="0.002" /><testcase classname="backend.tests.test_sawali_iter15.TestDeleteTemplate" name="test_unauth_401" time="0.110" /><testcase classname="backend.tests.test_sawali_iter15.TestDeleteTemplate" name="test_non_admin_forbidden" time="0.069" /><testcase classname="backend.tests.test_sawali_iter15.TestDeleteTemplate" name="test_unconfigured_returns_400" time="0.072" /><testcase classname="backend.tests.test_sawali_iter15.TestDeleteTemplate" name="test_happy_path_mocked" time="0.077" /></testsuite></testsuites>