<?xml version="1.0" encoding="utf-8"?><testsuites name="pytest tests"><testsuite name="pytest" errors="0" failures="0" skipped="0" tests="24" time="4.716" timestamp="2026-05-03T03:19:10.912230+00:00" hostname="agent-env-fe9c72a9-12c7-48bd-96d7-9b73e074fc25"><testcase classname="backend.tests.test_sawali_iter17.TestNotes" name="test_auth_no_token" time="1.766" /><testcase classname="backend.tests.test_sawali_iter17.TestNotes" name="test_auth_non_admin_forbidden" time="0.076" /><testcase classname="backend.tests.test_sawali_iter17.TestNotes" name="test_list_empty" time="0.091" /><testcase classname="backend.tests.test_sawali_iter17.TestNotes" name="test_create_empty_text_400" time="0.074" /><testcase classname="backend.tests.test_sawali_iter17.TestNotes" name="test_create_too_long_400" time="0.078" /><testcase classname="backend.tests.test_sawali_iter17.TestNotes" name="test_create_ok_and_shape" time="0.161" /><testcase classname="backend.tests.test_sawali_iter17.TestNotes" name="test_delete_unknown_404" time="0.070" /><testcase classname="backend.tests.test_sawali_iter17.TestNotes" name="test_delete_ok" time="0.155" /><testcase classname="backend.tests.test_sawali_iter17.TestTasks" name="test_auth_no_token" time="0.084" /><testcase classname="backend.tests.test_sawali_iter17.TestTasks" name="test_auth_non_admin_forbidden" time="0.068" /><testcase classname="backend.tests.test_sawali_iter17.TestTasks" name="test_create_empty_title_400" time="0.088" /><testcase classname="backend.tests.test_sawali_iter17.TestTasks" name="test_create_bad_due_at_400" time="0.085" /><testcase classname="backend.tests.test_sawali_iter17.TestTasks" name="test_create_ok_and_shape" time="0.066" /><testcase classname="backend.tests.test_sawali_iter17.TestTasks" name="test_update_bad_status_400" time="0.103" /><testcase classname="backend.tests.test_sawali_iter17.TestTasks" name="test_update_unknown_404" time="0.108" /><testcase classname="backend.tests.test_sawali_iter17.TestTasks" name="test_update_ok_and_persist" time="0.198" /><testcase classname="backend.tests.test_sawali_iter17.TestTasks" name="test_delete_unknown_404" time="0.066" /><testcase classname="backend.tests.test_sawali_iter17.TestTasks" name="test_delete_ok" time="0.068" /><testcase classname="backend.tests.test_sawali_iter17.TestTimelineNotesTasks" name="test_counts_has_note_and_task_keys" time="0.267" /><testcase classname="backend.tests.test_sawali_iter17.TestTimelineNotesTasks" name="test_filter_types_note_only" time="0.098" /><testcase classname="backend.tests.test_sawali_iter17.TestTimelineNotesTasks" name="test_filter_types_task_only" time="0.073" /><testcase classname="backend.tests.test_sawali_iter17.TestAutomationEvent" name="test_events_endpoint_has_task_reminder" time="0.107" /><testcase classname="backend.tests.test_sawali_iter17.TestAutomationEvent" name="test_create_automation_task_reminder_ok" time="0.138" /><testcase classname="backend.tests.test_sawali_iter17.TestTaskReminderCron" name="test_cron_stamps_and_fires_then_idempotent" time="0.464" /></testsuite></testsuites>