<?xml version="1.0" encoding="utf-8"?><testsuites name="pytest tests"><testsuite name="pytest" errors="0" failures="0" skipped="0" tests="9" time="4.516" timestamp="2026-05-06T13:45:23.593218+00:00" hostname="agent-env-fe9c72a9-12c7-48bd-96d7-9b73e074fc25"><testcase classname="backend.tests.test_sawali_iter20.TestPublicPoliciesHead" name="test_head_returns_200_for_privacy" time="0.731" /><testcase classname="backend.tests.test_sawali_iter20.TestPublicPoliciesHead" name="test_head_404_for_missing_slot" time="0.303" /><testcase classname="backend.tests.test_sawali_iter20.TestPublicPoliciesHead" name="test_get_returns_pdf_inline" time="0.141" /><testcase classname="backend.tests.test_sawali_iter20.TestAiSummarizeNotConfigured" name="test_openai_default_503_when_key_missing" time="0.548" /><testcase classname="backend.tests.test_sawali_iter20.TestAiSummarizeNotConfigured" name="test_n8n_503_when_webhook_missing" time="0.192" /><testcase classname="backend.tests.test_sawali_iter20.TestAiSummarizeNotConfigured" name="test_requires_auth" time="0.125" /><testcase classname="backend.tests.test_sawali_iter20.TestAiSummarizeOpenAIWiring" name="test_openai_reaches_api_with_fake_key" time="0.773" /><testcase classname="backend.tests.test_sawali_iter20.TestAiSummarizeN8nEcho" name="test_n8n_reaches_webhook_and_returns_ok" time="1.111" /><testcase classname="backend.tests.test_sawali_iter20.TestAdminSettingsAiFields" name="test_put_ai_fields_and_mask" time="0.420" /></testsuite></testsuites>