<?xml version="1.0" encoding="utf-8"?><testsuites name="pytest tests"><testsuite name="pytest" errors="0" failures="0" skipped="0" tests="11" time="256.610" timestamp="2026-04-29T06:31:06.620730+00:00" hostname="agent-env-fe9c72a9-12c7-48bd-96d7-9b73e074fc25"><testcase classname="backend.tests.test_sawali_iter4.TestNotesCreate" name="test_admin_create_report_returns_numero_ip" time="31.351" /><testcase classname="backend.tests.test_sawali_iter4.TestNotesCreate" name="test_suivi_requires_client_and_date" time="0.708" /><testcase classname="backend.tests.test_sawali_iter4.TestDescentWindow" name="test_descent_locks_creation" time="0.339" /><testcase classname="backend.tests.test_sawali_iter4.TestRatings" name="test_admin_rate_then_unrate_and_my_rating" time="0.646" /><testcase classname="backend.tests.test_sawali_iter4.TestRatings" name="test_non_admin_cannot_rate" time="32.000" /><testcase classname="backend.tests.test_sawali_iter4.TestRoleAccess" name="test_consultation_then_moderation_then_admin" time="95.433" /><testcase classname="backend.tests.test_sawali_iter4.TestSaveContactAsTracked" name="test_generates_password_and_login_works" time="62.929" /><testcase classname="backend.tests.test_sawali_iter4.TestAccessLogs" name="test_log_search_and_csv_export" time="0.367" /><testcase classname="backend.tests.test_sawali_iter4.TestDocuments" name="test_moderation_sees_all_uploads_no_delete" time="32.097" /><testcase classname="backend.tests.test_sawali_iter4.TestImagesCap" name="test_max_10_images" time="0.164" /><testcase classname="backend.tests.test_sawali_iter4.TestAdminEditsAlways" name="test_admin_edits_within_window" time="0.514" /></testsuite></testsuites>