<?xml version="1.0" encoding="utf-8"?><testsuites name="pytest tests"><testsuite name="pytest" errors="0" failures="0" skipped="0" tests="10" time="2.575" timestamp="2026-05-09T20:07:21.224976+00:00" hostname="agent-env-fe9c72a9-12c7-48bd-96d7-9b73e074fc25"><testcase classname="backend.tests.test_sawali_iter25.TestBulkValidation" name="test_empty_contact_ids_returns_400" time="0.491" /><testcase classname="backend.tests.test_sawali_iter25.TestBulkValidation" name="test_missing_template_returns_400" time="0.340" /><testcase classname="backend.tests.test_sawali_iter25.TestBulkValidation" name="test_too_many_contacts_returns_400" time="0.078" /><testcase classname="backend.tests.test_sawali_iter25.TestBulkValidation" name="test_scheduled_at_too_soon_returns_400" time="0.074" /><testcase classname="backend.tests.test_sawali_iter25.TestBulkRBAC" name="test_unauth_returns_401_or_403" time="0.085" /><testcase classname="backend.tests.test_sawali_iter25.TestBulkSchedule" name="test_schedule_creates_row_with_kind_contact" time="0.238" /><testcase classname="backend.tests.test_sawali_iter25.TestBulkSchedule" name="test_delete_pending_schedule" time="0.250" /><testcase classname="backend.tests.test_sawali_iter25.TestBulkLiveSend" name="test_live_send_returns_results_and_skipped_no_5xx" time="0.070" /><testcase classname="backend.tests.test_sawali_iter25.TestBulkLiveSend" name="test_out_of_scope_contact_id_silently_dropped" time="0.074" /><testcase classname="backend.tests.test_sawali_iter25.TestSchedulerContactBranch" name="test_runner_handles_contact_branch" time="0.740" /></testsuite></testsuites>