<?xml version="1.0" encoding="utf-8"?><testsuites name="pytest tests"><testsuite name="pytest" errors="0" failures="0" skipped="0" tests="9" time="66.997" timestamp="2026-04-29T01:55:31.666407+00:00" hostname="agent-env-fe9c72a9-12c7-48bd-96d7-9b73e074fc25"><testcase classname="backend.tests.test_sawali_notes_logs.TestPortalFeatures" name="test_company_info_has_portal_features" time="0.285" /><testcase classname="backend.tests.test_sawali_notes_logs.TestPortalFeatures" name="test_admin_can_toggle_portal_features" time="31.841" /><testcase classname="backend.tests.test_sawali_notes_logs.TestNotesSummary" name="test_admin_summary_returns_valid_shape" time="0.104" /><testcase classname="backend.tests.test_sawali_notes_logs.TestNotesSummary" name="test_client_summary_returns_zero_initially" time="31.646" /><testcase classname="backend.tests.test_sawali_notes_logs.TestNotesCRUD" name="test_invalid_kind_returns_404" time="0.068" /><testcase classname="backend.tests.test_sawali_notes_logs.TestNotesCRUD" name="test_empty_title_returns_400" time="0.080" /><testcase classname="backend.tests.test_sawali_notes_logs.TestNotesCRUD" name="test_create_list_update_delete_report" time="0.871" /><testcase classname="backend.tests.test_sawali_notes_logs.TestNotesCRUD" name="test_suivis_kind_works" time="0.193" /><testcase classname="backend.tests.test_sawali_notes_logs.TestDocumentLogs" name="test_upload_creates_log_and_download_creates_log" time="1.826" /></testsuite></testsuites>