<?xml version="1.0" encoding="utf-8"?><testsuites name="pytest tests"><testsuite name="pytest" errors="0" failures="0" skipped="0" tests="53" time="13.661" timestamp="2026-05-03T02:23:20.676402+00:00" hostname="agent-env-fe9c72a9-12c7-48bd-96d7-9b73e074fc25"><testcase classname="tests.test_sawali_iter14.TestEventsEndpoint" name="test_unauth_401" time="0.170" /><testcase classname="tests.test_sawali_iter14.TestEventsEndpoint" name="test_non_admin_forbidden" time="1.219" /><testcase classname="tests.test_sawali_iter14.TestEventsEndpoint" name="test_admin_returns_four_events" time="0.075" /><testcase classname="tests.test_sawali_iter14.TestAutomationCreateValidation" name="test_unsupported_event_400" time="0.082" /><testcase classname="tests.test_sawali_iter14.TestAutomationCreateValidation" name="test_empty_template_400" time="0.084" /><testcase classname="tests.test_sawali_iter14.TestAutomationCreateValidation" name="test_negative_delay_400" time="0.081" /><testcase classname="tests.test_sawali_iter14.TestAutomationCreateValidation" name="test_fixed_target_requires_phone_400" time="0.072" /><testcase classname="tests.test_sawali_iter14.TestAutomationCreateValidation" name="test_happy_path_returns_doc" time="0.152" /><testcase classname="tests.test_sawali_iter14.TestAutomationCrud" name="test_list_returns_array" time="0.127" /><testcase classname="tests.test_sawali_iter14.TestAutomationCrud" name="test_list_unauth_401" time="0.072" /><testcase classname="tests.test_sawali_iter14.TestAutomationCrud" name="test_update_partial_and_404" time="0.293" /><testcase classname="tests.test_sawali_iter14.TestAutomationCrud" name="test_delete_404_then_200" time="0.302" /><testcase classname="tests.test_sawali_iter14.TestEmitter" name="test_immediate_happy_path_substitutes_variables" time="0.320" /><testcase classname="tests.test_sawali_iter14.TestEmitter" name="test_delayed_creates_schedule_no_immediate_send" time="0.003" /><testcase classname="tests.test_sawali_iter14.TestEmitter" name="test_no_phone_logs_row_no_send" time="0.392" /><testcase classname="tests.test_sawali_iter14.TestEmitter" name="test_disabled_automation_is_ignored" time="0.002" /><testcase classname="tests.test_sawali_iter14.TestEmitter" name="test_unsupported_event_is_noop" time="0.000" /><testcase classname="tests.test_sawali_iter14.TestIntegrationClientCreated" name="test_post_admin_clients_emits_event" time="4.411" /><testcase classname="tests.test_sawali_iter14.TestIntegrationInterventionCreated" name="test_post_admin_interventions_emits_event" time="0.165" /><testcase classname="tests.test_sawali_iter14.TestAppointmentReminderCron" name="test_cron_emits_reminder_and_stamps" time="0.003" /><testcase classname="tests.test_sawali_iter13.TestRenderVariable" name="test_empty_input_returns_empty" time="0.000" /><testcase classname="tests.test_sawali_iter13.TestRenderVariable" name="test_known_tokens_resolved" time="0.000" /><testcase classname="tests.test_sawali_iter13.TestRenderVariable" name="test_unknown_token_becomes_blank" time="0.000" /><testcase classname="tests.test_sawali_iter13.TestRenderVariable" name="test_no_tokens_returns_static_text" time="0.000" /><testcase classname="tests.test_sawali_iter13.TestRenderVariable" name="test_token_with_whitespace" time="0.000" /><testcase classname="tests.test_sawali_iter13.TestBuildRecipientCtx" name="test_returns_all_seven_keys" time="0.000" /><testcase classname="tests.test_sawali_iter13.TestBuildRecipientCtx" name="test_today_tomorrow_format_ddmmyyyy" time="0.000" /><testcase classname="tests.test_sawali_iter13.TestBuildRecipientCtx" name="test_user_doc_overrides" time="0.000" /><testcase classname="tests.test_sawali_iter13.TestBuildRecipientCtx" name="test_label_fallback_for_full_name" time="0.000" /><testcase classname="tests.test_sawali_iter13.TestBuildComponents" name="test_none_when_variables_empty" time="0.000" /><testcase classname="tests.test_sawali_iter13.TestBuildComponents" name="test_builds_body_with_positional_text_params" time="0.000" /><testcase classname="tests.test_sawali_iter13.TestBuildComponents" name="test_unknown_tokens_resolve_to_empty" time="0.000" /><testcase classname="tests.test_sawali_iter13.TestVariableTokensEndpoint" name="test_unauth_401" time="0.068" /><testcase classname="tests.test_sawali_iter13.TestVariableTokensEndpoint" name="test_non_admin_forbidden" time="1.122" /><testcase classname="tests.test_sawali_iter13.TestVariableTokensEndpoint" name="test_admin_returns_seven_tokens" time="0.073" /><testcase classname="tests.test_sawali_iter13.TestBulkSendVariables" name="test_bulk_send_resolves_variables_per_recipient" time="0.297" /><testcase classname="tests.test_sawali_iter13.TestBulkSendVariables" name="test_bulk_send_without_variables_passes_static_components" time="0.001" /><testcase classname="tests.test_sawali_iter13.TestScheduleVariables" name="test_schedule_persists_variables_field" time="0.143" /><testcase classname="tests.test_sawali_iter13.TestScheduleVariables" name="test_schedule_without_variables_persists_none" time="0.164" /><testcase classname="tests.test_sawali_iter13.TestRunnerResolvesVariables" name="test_runner_uses_resolved_components" time="0.004" /><testcase classname="tests.test_sawali_iter13.TestRunnerResolvesVariables" name="test_runner_without_variables_unchanged" time="0.002" /><testcase classname="tests.test_sawali_iter12.TestListSchedules" name="test_unauth" time="0.092" /><testcase classname="tests.test_sawali_iter12.TestListSchedules" name="test_non_admin_forbidden" time="1.145" /><testcase classname="tests.test_sawali_iter12.TestListSchedules" name="test_admin_returns_list" time="0.072" /><testcase classname="tests.test_sawali_iter12.TestCreateSchedule" name="test_400_empty_recipients" time="0.097" /><testcase classname="tests.test_sawali_iter12.TestCreateSchedule" name="test_400_missing_template" time="0.071" /><testcase classname="tests.test_sawali_iter12.TestCreateSchedule" name="test_400_past_date" time="0.068" /><testcase classname="tests.test_sawali_iter12.TestCreateSchedule" name="test_happy_path_creates_pending" time="0.150" /><testcase classname="tests.test_sawali_iter12.TestDeleteSchedule" name="test_404_unknown" time="0.076" /><testcase classname="tests.test_sawali_iter12.TestDeleteSchedule" name="test_hard_delete_pending" time="0.233" /><testcase classname="tests.test_sawali_iter12.TestDeleteSchedule" name="test_soft_cancel_running_or_done" time="0.108" /><testcase classname="tests.test_sawali_iter12.TestRunner" name="test_runner_drains_past_pending" time="0.005" /><testcase classname="tests.test_sawali_iter12.TestTrackedUserPhonePersistence" name="test_create_tracked_with_phone" time="1.108" /></testsuite></testsuites>