<?xml version="1.0" encoding="utf-8"?><testsuites name="pytest tests"><testsuite name="pytest" errors="0" failures="0" skipped="0" tests="9" time="2.152" timestamp="2026-05-09T23:31:41.183387+00:00" hostname="agent-env-fe9c72a9-12c7-48bd-96d7-9b73e074fc25"><testcase classname="backend.tests.test_sawali_iter27.TestCampaignEfficiencyAuth" name="test_anonymous_returns_401" time="0.491" /><testcase classname="backend.tests.test_sawali_iter27.TestCampaignEfficiencyAuth" name="test_admin_returns_200" time="0.642" /><testcase classname="backend.tests.test_sawali_iter27.TestCampaignEfficiencyShape" name="test_response_has_all_top_level_keys" time="0.063" /><testcase classname="backend.tests.test_sawali_iter27.TestCampaignEfficiencyShape" name="test_period_days_echoes_input" time="0.083" /><testcase classname="backend.tests.test_sawali_iter27.TestCampaignEfficiencyBounds" name="test_days_zero_clamped_to_one" time="0.076" /><testcase classname="backend.tests.test_sawali_iter27.TestCampaignEfficiencyBounds" name="test_days_999_clamped_to_90" time="0.103" /><testcase classname="backend.tests.test_sawali_iter27.TestCampaignEfficiencyBounds" name="test_daily_series_ends_today_utc" time="0.088" /><testcase classname="backend.tests.test_sawali_iter27.TestCampaignEfficiencyCorrectness" name="test_counts_after_seed" time="0.196" /><testcase classname="backend.tests.test_sawali_iter27.TestCampaignEfficiencyCorrectness" name="test_inbound_excluded_from_wa_total" time="0.200" /></testsuite></testsuites>