<?xml version="1.0" encoding="utf-8"?><testsuites name="pytest tests"><testsuite name="pytest" errors="0" failures="0" skipped="0" tests="9" time="3.319" timestamp="2026-05-06T18:37:52.609154+00:00" hostname="agent-env-fe9c72a9-12c7-48bd-96d7-9b73e074fc25"><testcase classname="backend.tests.test_sawali_iter21.TestFeatures" name="test_me_features_admin_all_true" time="0.655" /><testcase classname="backend.tests.test_sawali_iter21.TestFeatures" name="test_admin_get_client_features_defaults" time="0.418" /><testcase classname="backend.tests.test_sawali_iter21.TestFeatures" name="test_admin_partial_update_preserves_other_flags" time="0.276" /><testcase classname="backend.tests.test_sawali_iter21.TestFeatures" name="test_features_404_for_unknown_client" time="0.073" /><testcase classname="backend.tests.test_sawali_iter21.TestNotesPrivacy" name="test_create_private_then_flip" time="0.323" /><testcase classname="backend.tests.test_sawali_iter21.TestSummaryToReport" name="test_to_report_404_for_unknown" time="0.084" /><testcase classname="backend.tests.test_sawali_iter21.TestSummaryToReport" name="test_to_report_ok_with_seeded_summary" time="0.085" /><testcase classname="backend.tests.test_sawali_iter21.TestAiSummarySystemPrompt" name="test_system_prompt_mentions_content_and_5_bullets" time="1.022" /><testcase classname="backend.tests.test_sawali_iter21.TestAdminSettingsSmsOvhPawapay" name="test_put_get_mask" time="0.227" /></testsuite></testsuites>