<?xml version="1.0" encoding="utf-8"?><testsuites name="pytest tests"><testsuite name="pytest" errors="0" failures="0" skipped="0" tests="14" time="4.175" timestamp="2026-05-03T01:04:39.288928+00:00" hostname="agent-env-fe9c72a9-12c7-48bd-96d7-9b73e074fc25"><testcase classname="backend.tests.test_sawali_iter11.TestAudience" name="test_audience_requires_auth" time="0.589" /><testcase classname="backend.tests.test_sawali_iter11.TestAudience" name="test_audience_forbidden_for_non_admin" time="1.390" /><testcase classname="backend.tests.test_sawali_iter11.TestAudience" name="test_audience_admin_returns_payload" time="0.585" /><testcase classname="backend.tests.test_sawali_iter11.TestBulkSendValidation" name="test_unauth_blocked" time="0.065" /><testcase classname="backend.tests.test_sawali_iter11.TestBulkSendValidation" name="test_non_admin_forbidden" time="0.086" /><testcase classname="backend.tests.test_sawali_iter11.TestBulkSendValidation" name="test_400_empty_recipients" time="0.061" /><testcase classname="backend.tests.test_sawali_iter11.TestBulkSendValidation" name="test_400_empty_template" time="0.074" /><testcase classname="backend.tests.test_sawali_iter11.TestBulkSendHappyPath" name="test_send_with_explicit_phone_logs_failure_correctly" time="0.078" /><testcase classname="backend.tests.test_sawali_iter11.TestBulkSendHappyPath" name="test_skipped_when_no_phone" time="0.387" /><testcase classname="backend.tests.test_sawali_iter11.TestBulkSendHappyPath" name="test_tracked_user_phone_is_resolved_and_logged" time="0.141" /><testcase classname="backend.tests.test_sawali_iter11.TestHistory" name="test_history_requires_admin" time="0.063" /><testcase classname="backend.tests.test_sawali_iter11.TestHistory" name="test_history_admin_desc_sorted" time="0.077" /><testcase classname="backend.tests.test_sawali_iter11.TestRegressionMeWhatsapp" name="test_me_whatsapp_history_admin" time="0.066" /><testcase classname="backend.tests.test_sawali_iter11.TestRegressionMeWhatsapp" name="test_me_whatsapp_send_validates" time="0.426" /></testsuite></testsuites>