<?xml version="1.0" encoding="utf-8"?><testsuites name="pytest tests"><testsuite name="pytest" errors="0" failures="0" skipped="0" tests="37" time="24.757" timestamp="2026-05-23T16:24:43.985463+00:00" hostname="agent-env-fe9c72a9-12c7-48bd-96d7-9b73e074fc25"><testcase classname="tests.test_iter36y_auto_relance.TestBusinessClientToggle" name="test_toggle_persisted" time="1.238" /><testcase classname="tests.test_iter36y_auto_relance.TestBusinessClientToggle" name="test_default_off" time="0.193" /><testcase classname="tests.test_iter36y_auto_relance.TestManualTrigger" name="test_regular_user_blocked" time="0.092" /><testcase classname="tests.test_iter36y_auto_relance.TestManualTrigger" name="test_admin_trigger_acts_on_opted_in_only" time="1.111" /><testcase classname="tests.test_iter36y_auto_relance.TestManualTrigger" name="test_history_endpoint" time="0.486" /><testcase classname="tests.test_iter36y_auto_relance.TestCronSkipLogic" name="test_cron_skips_when_master_disabled" time="0.438" /><testcase classname="tests.test_iter36u_cashier.TestPermissions" name="test_regular_user_cannot_create_receipt" time="1.152" /><testcase classname="tests.test_iter36u_cashier.TestPermissions" name="test_cashier_user_can_create_receipt" time="0.766" /><testcase classname="tests.test_iter36u_cashier.TestPermissions" name="test_can_cash_endpoint_admin_only" time="0.104" /><testcase classname="tests.test_iter36u_cashier.TestReceiptLifecycle" name="test_receipt_qr_png_returns_image" time="0.744" /><testcase classname="tests.test_iter36u_cashier.TestReceiptLifecycle" name="test_public_qr_verify" time="0.758" /><testcase classname="tests.test_iter36u_cashier.TestInvoiceLifecycle" name="test_create_proforma_with_discount_percent" time="0.703" /><testcase classname="tests.test_iter36u_cashier.TestInvoiceLifecycle" name="test_convert_proforma_to_invoice_then_pay_generates_receipt" time="0.803" /><testcase classname="tests.test_iter36u_cashier.TestInvoiceLifecycle" name="test_cannot_pay_proforma_without_converting" time="0.728" /><testcase classname="tests.test_iter36u_cashier.TestInvoiceLifecycle" name="test_cashier_cannot_cancel_invoice" time="0.702" /><testcase classname="tests.test_iter36u_cashier.TestInvoiceLifecycle" name="test_cannot_cancel_paid_invoice" time="0.970" /><testcase classname="tests.test_iter36u_cashier.TestProducts" name="test_unique_sku" time="0.957" /><testcase classname="tests.test_iter36v_send_wa.TestReceiptSendWA" name="test_regular_user_blocked" time="1.064" /><testcase classname="tests.test_iter36v_send_wa.TestReceiptSendWA" name="test_admin_send_returns_ok_false_when_wa_not_configured" time="0.528" /><testcase classname="tests.test_iter36v_send_wa.TestReceiptSendWA" name="test_no_phone_returns_400" time="0.593" /><testcase classname="tests.test_iter36v_send_wa.TestReceiptSendWA" name="test_unknown_receipt_returns_404" time="0.099" /><testcase classname="tests.test_iter36v_send_wa.TestReceiptSendWA" name="test_phone_override_takes_precedence" time="0.520" /><testcase classname="tests.test_iter36v_send_wa.TestInvoiceSendWA" name="test_admin_send_invoice" time="0.620" /><testcase classname="tests.test_iter36v_send_wa.TestInvoiceSendWA" name="test_invoice_unknown_404" time="0.087" /><testcase classname="tests.test_iter36w_exports.TestReceiptsExport" name="test_csv_rbac_blocks_anonymous" time="1.159" /><testcase classname="tests.test_iter36w_exports.TestReceiptsExport" name="test_csv_regular_user_blocked" time="0.819" /><testcase classname="tests.test_iter36w_exports.TestReceiptsExport" name="test_csv_admin_ok_with_bom_and_headers" time="0.942" /><testcase classname="tests.test_iter36w_exports.TestReceiptsExport" name="test_pdf_admin_ok" time="0.710" /><testcase classname="tests.test_iter36w_exports.TestInvoicesExport" name="test_csv_admin_with_kind_filter" time="0.747" /><testcase classname="tests.test_iter36w_exports.TestInvoicesExport" name="test_pdf_admin_ok" time="0.821" /><testcase classname="tests.test_iter36w_exports.TestInvoicesExport" name="test_regular_user_blocked" time="0.788" /><testcase classname="tests.test_iter36x_relance.TestOverdueCount" name="test_count_regular_user_blocked" time="0.877" /><testcase classname="tests.test_iter36x_relance.TestOverdueCount" name="test_count_includes_overdue_excludes_fresh" time="0.460" /><testcase classname="tests.test_iter36x_relance.TestRelanceBulk" name="test_dry_run_returns_results_without_persisting" time="0.436" /><testcase classname="tests.test_iter36x_relance.TestRelanceBulk" name="test_real_relance_persists_reminder_fields" time="0.559" /><testcase classname="tests.test_iter36x_relance.TestRelanceBulk" name="test_fresh_invoice_not_targeted" time="0.444" /><testcase classname="tests.test_iter36x_relance.TestRelanceBulk" name="test_no_phone_skipped" time="0.349" /></testsuite></testsuites>