<?xml version="1.0" encoding="utf-8"?><testsuites name="pytest tests"><testsuite name="pytest" errors="0" failures="0" skipped="0" tests="8" time="4.476" timestamp="2026-04-30T11:34:10.824985+00:00" hostname="agent-env-fe9c72a9-12c7-48bd-96d7-9b73e074fc25"><testcase classname="backend.tests.test_sawali_iter6.TestApiTraces" name="test_record_trace_as_user" time="1.149" /><testcase classname="backend.tests.test_sawali_iter6.TestApiTraces" name="test_super_admin_only_can_list" time="0.795" /><testcase classname="backend.tests.test_sawali_iter6.TestApiTraces" name="test_filter_only_errors_and_method" time="0.654" /><testcase classname="backend.tests.test_sawali_iter6.TestApiTraces" name="test_export_csv" time="0.087" /><testcase classname="backend.tests.test_sawali_iter6.TestApiTraces" name="test_delete_all" time="0.415" /><testcase classname="backend.tests.test_sawali_iter6.TestApiTraces" name="test_access_log_and_api_trace_not_recorded" time="0.538" /><testcase classname="backend.tests.test_sawali_iter6.TestUploadPdf" name="test_upload_pdf_and_download" time="0.200" /><testcase classname="backend.tests.test_sawali_iter6.TestUploadPdf" name="test_note_with_pdf_attachment" time="0.501" /></testsuite></testsuites>