<?xml version="1.0" encoding="utf-8"?><testsuites name="pytest tests"><testsuite name="pytest" errors="0" failures="0" skipped="0" tests="15" time="3.753" timestamp="2026-05-03T03:51:56.361809+00:00" hostname="agent-env-fe9c72a9-12c7-48bd-96d7-9b73e074fc25"><testcase classname="backend.tests.test_sawali_iter18.TestPolicyList" name="test_list_unauth_401" time="0.750" /><testcase classname="backend.tests.test_sawali_iter18.TestPolicyList" name="test_list_non_admin_403" time="0.089" /><testcase classname="backend.tests.test_sawali_iter18.TestPolicyList" name="test_list_admin_returns_three_slots" time="0.648" /><testcase classname="backend.tests.test_sawali_iter18.TestPolicyList" name="test_list_seed_present_true" time="0.090" /><testcase classname="backend.tests.test_sawali_iter18.TestPolicyUpload" name="test_upload_bad_slot_400" time="0.112" /><testcase classname="backend.tests.test_sawali_iter18.TestPolicyUpload" name="test_upload_non_pdf_400" time="0.080" /><testcase classname="backend.tests.test_sawali_iter18.TestPolicyUpload" name="test_upload_empty_file_400" time="0.097" /><testcase classname="backend.tests.test_sawali_iter18.TestPolicyUpload" name="test_upload_too_large_413" time="0.649" /><testcase classname="backend.tests.test_sawali_iter18.TestPolicyUpload" name="test_upload_happy_and_replace_atomic" time="0.205" /><testcase classname="backend.tests.test_sawali_iter18.TestPolicyUpload" name="test_upload_only_pdf_extension_accepted" time="0.092" /><testcase classname="backend.tests.test_sawali_iter18.TestPolicyDelete" name="test_delete_bad_slot_400" time="0.082" /><testcase classname="backend.tests.test_sawali_iter18.TestPolicyDelete" name="test_delete_then_list_shows_absent" time="0.278" /><testcase classname="backend.tests.test_sawali_iter18.TestPublicPolicy" name="test_public_no_auth_required_bad_slot_404" time="0.071" /><testcase classname="backend.tests.test_sawali_iter18.TestPublicPolicy" name="test_public_missing_returns_404" time="0.141" /><testcase classname="backend.tests.test_sawali_iter18.TestPublicPolicy" name="test_public_happy_path_pdf_inline_bytes_match" time="0.208" /></testsuite></testsuites>