<?xml version="1.0" encoding="utf-8"?><testsuites name="pytest tests"><testsuite name="pytest" errors="0" failures="0" skipped="0" tests="10" time="9.112" timestamp="2026-04-30T07:36:49.981069+00:00" hostname="agent-env-fe9c72a9-12c7-48bd-96d7-9b73e074fc25"><testcase classname="backend.tests.test_sawali_iter5.TestAdminCRUDFormations" name="test_create_list_update_delete_with_cascade" time="1.478" /><testcase classname="backend.tests.test_sawali_iter5.TestAdminCRUDModules" name="test_create_update_delete_module" time="0.702" /><testcase classname="backend.tests.test_sawali_iter5.TestPortalRBAC" name="test_regular_client_forbidden_list_and_enroll" time="1.092" /><testcase classname="backend.tests.test_sawali_iter5.TestPortalRBAC" name="test_admin_can_list" time="0.121" /><testcase classname="backend.tests.test_sawali_iter5.TestPortalRBAC" name="test_tracked_user_list_and_enroll" time="1.227" /><testcase classname="backend.tests.test_sawali_iter5.TestVisitFlow" name="test_visit_close_and_terminee" time="0.970" /><testcase classname="backend.tests.test_sawali_iter5.TestModuleAsk" name="test_ask_no_api_url_400" time="0.476" /><testcase classname="backend.tests.test_sawali_iter5.TestModuleAsk" name="test_ask_with_httpbin_echo" time="1.456" /><testcase classname="backend.tests.test_sawali_iter5.TestAdminCreditsAndState" name="test_credits_and_state_lock" time="0.779" /><testcase classname="backend.tests.test_sawali_iter5.TestFormationRatings" name="test_tracked_user_rates_formation" time="0.678" /></testsuite></testsuites>