<?xml version="1.0" encoding="utf-8"?><testsuites name="pytest tests"><testsuite name="pytest" errors="0" failures="0" skipped="0" tests="3" time="2.419" timestamp="2026-05-09T20:33:48.829073+00:00" hostname="agent-env-fe9c72a9-12c7-48bd-96d7-9b73e074fc25"><testcase classname="backend.tests.test_sawali_iter26.TestLiveSendFallback" name="test_live_send_with_fallback_returns_fallback_block" time="1.548" /><testcase classname="backend.tests.test_sawali_iter26.TestScheduleFallbackPersist" name="test_schedule_persists_fallback_fields" time="0.070" /><testcase classname="backend.tests.test_sawali_iter26.TestCronRunnerFallback" name="test_runner_applies_fallback_for_contact_branch" time="0.653" /></testsuite></testsuites>