<?xml version="1.0" encoding="utf-8"?><testsuites name="pytest tests"><testsuite name="pytest" errors="0" failures="3" skipped="0" tests="21" time="3.253" timestamp="2026-05-03T01:56:34.536326+00:00" hostname="agent-env-fe9c72a9-12c7-48bd-96d7-9b73e074fc25"><testcase classname="backend.tests.test_sawali_iter13.TestRenderVariable" name="test_empty_input_returns_empty" time="0.000" /><testcase classname="backend.tests.test_sawali_iter13.TestRenderVariable" name="test_known_tokens_resolved" time="0.000" /><testcase classname="backend.tests.test_sawali_iter13.TestRenderVariable" name="test_unknown_token_becomes_blank" time="0.000" /><testcase classname="backend.tests.test_sawali_iter13.TestRenderVariable" name="test_no_tokens_returns_static_text" time="0.000" /><testcase classname="backend.tests.test_sawali_iter13.TestRenderVariable" name="test_token_with_whitespace" time="0.000" /><testcase classname="backend.tests.test_sawali_iter13.TestBuildRecipientCtx" name="test_returns_all_seven_keys" time="0.000" /><testcase classname="backend.tests.test_sawali_iter13.TestBuildRecipientCtx" name="test_today_tomorrow_format_ddmmyyyy" time="0.000" /><testcase classname="backend.tests.test_sawali_iter13.TestBuildRecipientCtx" name="test_user_doc_overrides" time="0.000" /><testcase classname="backend.tests.test_sawali_iter13.TestBuildRecipientCtx" name="test_label_fallback_for_full_name" time="0.000" /><testcase classname="backend.tests.test_sawali_iter13.TestBuildComponents" name="test_none_when_variables_empty" time="0.000" /><testcase classname="backend.tests.test_sawali_iter13.TestBuildComponents" name="test_builds_body_with_positional_text_params" time="0.000" /><testcase classname="backend.tests.test_sawali_iter13.TestBuildComponents" name="test_unknown_tokens_resolve_to_empty" time="0.000" /><testcase classname="backend.tests.test_sawali_iter13.TestVariableTokensEndpoint" name="test_unauth_401" time="0.282" /><testcase classname="backend.tests.test_sawali_iter13.TestVariableTokensEndpoint" name="test_non_admin_forbidden" time="1.398" /><testcase classname="backend.tests.test_sawali_iter13.TestVariableTokensEndpoint" name="test_admin_returns_seven_tokens" time="0.077" /><testcase classname="backend.tests.test_sawali_iter13.TestBulkSendVariables" name="test_bulk_send_resolves_variables_per_recipient" time="0.309" /><testcase classname="backend.tests.test_sawali_iter13.TestBulkSendVariables" name="test_bulk_send_without_variables_passes_static_components" time="0.001"><failure message="RuntimeError: Event loop is closed">backend/tests/test_sawali_iter13.py:296: in test_bulk_send_without_variables_passes_static_components
    body = asyncio.run(server.admin_messaging_bulk_send(payload, admin_doc))
           ^^^^^^^^^^^^^^^^^^^^^^^^^^^^^^^^^^^^^^^^^^^^^^^^^^^^^^^^^^^^^^^^^
/usr/local/lib/python3.11/asyncio/runners.py:190: in run
    return runner.run(main)
           ^^^^^^^^^^^^^^^^
/usr/local/lib/python3.11/asyncio/runners.py:118: in run
    return self._loop.run_until_complete(task)
           ^^^^^^^^^^^^^^^^^^^^^^^^^^^^^^^^^^^
/usr/local/lib/python3.11/asyncio/base_events.py:654: in run_until_complete
    return future.result()
           ^^^^^^^^^^^^^^^
backend/server.py:4514: in admin_messaging_bulk_send
    u = await db.users.find_one({"id": rid}, {"_id": 0, "phone": 1, "full_name": 1, "email": 1, "company": 1, "client_code": 1})
              ^^^^^^^^^^^^^^^^^^^^^^^^^^^^^^^^^^^^^^^^^^^^^^^^^^^^^^^^^^^^^^^^^^^^^^^^^^^^^^^^^^^^^^^^^^^^^^^^^^^^^^^^^^^^^^^^^^
/root/.venv/lib/python3.11/site-packages/motor/metaprogramming.py:74: in method
    return framework.run_on_executor(
/root/.venv/lib/python3.11/site-packages/motor/frameworks/asyncio/__init__.py:85: in run_on_executor
    return loop.run_in_executor(_EXECUTOR, functools.partial(fn, *args, **kwargs))
           ^^^^^^^^^^^^^^^^^^^^^^^^^^^^^^^^^^^^^^^^^^^^^^^^^^^^^^^^^^^^^^^^^^^^^^^
/usr/local/lib/python3.11/asyncio/base_events.py:817: in run_in_executor
    self._check_closed()
/usr/local/lib/python3.11/asyncio/base_events.py:520: in _check_closed
    raise RuntimeError('Event loop is closed')
E   RuntimeError: Event loop is closed</failure></testcase><testcase classname="backend.tests.test_sawali_iter13.TestScheduleVariables" name="test_schedule_persists_variables_field" time="0.161" /><testcase classname="backend.tests.test_sawali_iter13.TestScheduleVariables" name="test_schedule_without_variables_persists_none" time="0.156" /><testcase classname="backend.tests.test_sawali_iter13.TestRunnerResolvesVariables" name="test_runner_uses_resolved_components" time="0.003"><failure message="AssertionError: assert 'pending' in ('failed', 'done')">backend/tests/test_sawali_iter13.py:383: in test_runner_uses_resolved_components
    assert after["status"] in ("failed", "done")
E   AssertionError: assert 'pending' in ('failed', 'done')</failure></testcase><testcase classname="backend.tests.test_sawali_iter13.TestRunnerResolvesVariables" name="test_runner_without_variables_unchanged" time="0.150"><failure message="assert 0 == 1&#10; +  where 0 = len([])">backend/tests/test_sawali_iter13.py:429: in test_runner_without_variables_unchanged
    assert len(captured) == 1
E   assert 0 == 1
E    +  where 0 = len([])</failure></testcase></testsuite></testsuites>