<?xml version="1.0" encoding="utf-8"?><testsuites name="pytest tests"><testsuite name="pytest" errors="0" failures="0" skipped="0" tests="123" time="24.243" timestamp="2026-05-03T03:52:08.940779+00:00" hostname="agent-env-fe9c72a9-12c7-48bd-96d7-9b73e074fc25"><testcase classname="backend.tests.test_sawali_iter12.TestListSchedules" name="test_unauth" time="0.141" /><testcase classname="backend.tests.test_sawali_iter12.TestListSchedules" name="test_non_admin_forbidden" time="1.193" /><testcase classname="backend.tests.test_sawali_iter12.TestListSchedules" name="test_admin_returns_list" time="0.080" /><testcase classname="backend.tests.test_sawali_iter12.TestCreateSchedule" name="test_400_empty_recipients" time="0.075" /><testcase classname="backend.tests.test_sawali_iter12.TestCreateSchedule" name="test_400_missing_template" time="0.087" /><testcase classname="backend.tests.test_sawali_iter12.TestCreateSchedule" name="test_400_past_date" time="0.073" /><testcase classname="backend.tests.test_sawali_iter12.TestCreateSchedule" name="test_happy_path_creates_pending" time="0.202" /><testcase classname="backend.tests.test_sawali_iter12.TestDeleteSchedule" name="test_404_unknown" time="0.110" /><testcase classname="backend.tests.test_sawali_iter12.TestDeleteSchedule" name="test_hard_delete_pending" time="0.238" /><testcase classname="backend.tests.test_sawali_iter12.TestDeleteSchedule" name="test_soft_cancel_running_or_done" time="0.087" /><testcase classname="backend.tests.test_sawali_iter12.TestRunner" name="test_runner_drains_past_pending" time="0.007" /><testcase classname="backend.tests.test_sawali_iter12.TestTrackedUserPhonePersistence" name="test_create_tracked_with_phone" time="0.625" /><testcase classname="backend.tests.test_sawali_iter13.TestRenderVariable" name="test_empty_input_returns_empty" time="0.000" /><testcase classname="backend.tests.test_sawali_iter13.TestRenderVariable" name="test_known_tokens_resolved" time="0.000" /><testcase classname="backend.tests.test_sawali_iter13.TestRenderVariable" name="test_unknown_token_becomes_blank" time="0.000" /><testcase classname="backend.tests.test_sawali_iter13.TestRenderVariable" name="test_no_tokens_returns_static_text" time="0.000" /><testcase classname="backend.tests.test_sawali_iter13.TestRenderVariable" name="test_token_with_whitespace" time="0.000" /><testcase classname="backend.tests.test_sawali_iter13.TestBuildRecipientCtx" name="test_returns_all_seven_keys" time="0.000" /><testcase classname="backend.tests.test_sawali_iter13.TestBuildRecipientCtx" name="test_today_tomorrow_format_ddmmyyyy" time="0.000" /><testcase classname="backend.tests.test_sawali_iter13.TestBuildRecipientCtx" name="test_user_doc_overrides" time="0.000" /><testcase classname="backend.tests.test_sawali_iter13.TestBuildRecipientCtx" name="test_label_fallback_for_full_name" time="0.000" /><testcase classname="backend.tests.test_sawali_iter13.TestBuildComponents" name="test_none_when_variables_empty" time="0.000" /><testcase classname="backend.tests.test_sawali_iter13.TestBuildComponents" name="test_builds_body_with_positional_text_params" time="0.000" /><testcase classname="backend.tests.test_sawali_iter13.TestBuildComponents" name="test_unknown_tokens_resolve_to_empty" time="0.000" /><testcase classname="backend.tests.test_sawali_iter13.TestVariableTokensEndpoint" name="test_unauth_401" time="0.083" /><testcase classname="backend.tests.test_sawali_iter13.TestVariableTokensEndpoint" name="test_non_admin_forbidden" time="1.081" /><testcase classname="backend.tests.test_sawali_iter13.TestVariableTokensEndpoint" name="test_admin_returns_seven_tokens" time="0.105" /><testcase classname="backend.tests.test_sawali_iter13.TestBulkSendVariables" name="test_bulk_send_resolves_variables_per_recipient" time="0.304" /><testcase classname="backend.tests.test_sawali_iter13.TestBulkSendVariables" name="test_bulk_send_without_variables_passes_static_components" time="0.001" /><testcase classname="backend.tests.test_sawali_iter13.TestScheduleVariables" name="test_schedule_persists_variables_field" time="0.165" /><testcase classname="backend.tests.test_sawali_iter13.TestScheduleVariables" name="test_schedule_without_variables_persists_none" time="0.161" /><testcase classname="backend.tests.test_sawali_iter13.TestRunnerResolvesVariables" name="test_runner_uses_resolved_components" time="0.004" /><testcase classname="backend.tests.test_sawali_iter13.TestRunnerResolvesVariables" name="test_runner_without_variables_unchanged" time="0.003" /><testcase classname="backend.tests.test_sawali_iter14.TestEventsEndpoint" name="test_unauth_401" time="0.084" /><testcase classname="backend.tests.test_sawali_iter14.TestEventsEndpoint" name="test_non_admin_forbidden" time="1.165" /><testcase classname="backend.tests.test_sawali_iter14.TestEventsEndpoint" name="test_admin_returns_four_events" time="0.075" /><testcase classname="backend.tests.test_sawali_iter14.TestAutomationCreateValidation" name="test_unsupported_event_400" time="0.076" /><testcase classname="backend.tests.test_sawali_iter14.TestAutomationCreateValidation" name="test_empty_template_400" time="0.083" /><testcase classname="backend.tests.test_sawali_iter14.TestAutomationCreateValidation" name="test_negative_delay_400" time="0.096" /><testcase classname="backend.tests.test_sawali_iter14.TestAutomationCreateValidation" name="test_fixed_target_requires_phone_400" time="0.058" /><testcase classname="backend.tests.test_sawali_iter14.TestAutomationCreateValidation" name="test_happy_path_returns_doc" time="0.165" /><testcase classname="backend.tests.test_sawali_iter14.TestAutomationCrud" name="test_list_returns_array" time="0.078" /><testcase classname="backend.tests.test_sawali_iter14.TestAutomationCrud" name="test_list_unauth_401" time="0.075" /><testcase classname="backend.tests.test_sawali_iter14.TestAutomationCrud" name="test_update_partial_and_404" time="0.363" /><testcase classname="backend.tests.test_sawali_iter14.TestAutomationCrud" name="test_delete_404_then_200" time="0.285" /><testcase classname="backend.tests.test_sawali_iter14.TestEmitter" name="test_immediate_happy_path_substitutes_variables" time="0.295" /><testcase classname="backend.tests.test_sawali_iter14.TestEmitter" name="test_delayed_creates_schedule_no_immediate_send" time="0.003" /><testcase classname="backend.tests.test_sawali_iter14.TestEmitter" name="test_no_phone_logs_row_no_send" time="0.382" /><testcase classname="backend.tests.test_sawali_iter14.TestEmitter" name="test_disabled_automation_is_ignored" time="0.002" /><testcase classname="backend.tests.test_sawali_iter14.TestEmitter" name="test_unsupported_event_is_noop" time="0.000" /><testcase classname="backend.tests.test_sawali_iter14.TestIntegrationClientCreated" name="test_post_admin_clients_emits_event" time="4.411" /><testcase classname="backend.tests.test_sawali_iter14.TestIntegrationInterventionCreated" name="test_post_admin_interventions_emits_event" time="0.195" /><testcase classname="backend.tests.test_sawali_iter14.TestAppointmentReminderCron" name="test_cron_emits_reminder_and_stamps" time="0.003" /><testcase classname="backend.tests.test_sawali_iter15.TestListTemplates" name="test_unauth_401" time="0.080" /><testcase classname="backend.tests.test_sawali_iter15.TestListTemplates" name="test_non_admin_forbidden" time="1.127" /><testcase classname="backend.tests.test_sawali_iter15.TestListTemplates" name="test_admin_unconfigured_returns_empty" time="0.087" /><testcase classname="backend.tests.test_sawali_iter15.TestCreateValidation" name="test_unauth_401" time="0.066" /><testcase classname="backend.tests.test_sawali_iter15.TestCreateValidation" name="test_non_admin_forbidden" time="0.078" /><testcase classname="backend.tests.test_sawali_iter15.TestCreateValidation" name="test_invalid_name_hyphen" time="0.091" /><testcase classname="backend.tests.test_sawali_iter15.TestCreateValidation" name="test_name_auto_lowercased_validates" time="0.094" /><testcase classname="backend.tests.test_sawali_iter15.TestCreateValidation" name="test_invalid_category" time="0.081" /><testcase classname="backend.tests.test_sawali_iter15.TestCreateValidation" name="test_empty_body" time="0.077" /><testcase classname="backend.tests.test_sawali_iter15.TestCreateValidation" name="test_body_too_long" time="0.071" /><testcase classname="backend.tests.test_sawali_iter15.TestCreateValidation" name="test_missing_examples_for_vars" time="0.088" /><testcase classname="backend.tests.test_sawali_iter15.TestCreateValidation" name="test_header_too_long" time="0.097" /><testcase classname="backend.tests.test_sawali_iter15.TestCreateValidation" name="test_footer_too_long" time="0.067" /><testcase classname="backend.tests.test_sawali_iter15.TestCreateValidation" name="test_meta_unconfigured_after_valid_input" time="0.080" /><testcase classname="backend.tests.test_sawali_iter15.TestCreateHappyPath" name="test_happy_with_variables" time="0.003" /><testcase classname="backend.tests.test_sawali_iter15.TestCreateHappyPath" name="test_happy_no_variables" time="0.002" /><testcase classname="backend.tests.test_sawali_iter15.TestDeleteTemplate" name="test_unauth_401" time="0.061" /><testcase classname="backend.tests.test_sawali_iter15.TestDeleteTemplate" name="test_non_admin_forbidden" time="0.074" /><testcase classname="backend.tests.test_sawali_iter15.TestDeleteTemplate" name="test_unconfigured_returns_400" time="0.077" /><testcase classname="backend.tests.test_sawali_iter15.TestDeleteTemplate" name="test_happy_path_mocked" time="0.002" /><testcase classname="backend.tests.test_sawali_iter16.TestTimelineAuth" name="test_401_no_token" time="1.121" /><testcase classname="backend.tests.test_sawali_iter16.TestTimelineAuth" name="test_403_non_admin" time="0.092" /><testcase classname="backend.tests.test_sawali_iter16.TestTimelineAuth" name="test_404_unknown_client" time="0.075" /><testcase classname="backend.tests.test_sawali_iter16.TestTimelineShape" name="test_body_shape_and_client_fields" time="0.089" /><testcase classname="backend.tests.test_sawali_iter16.TestTimelineShape" name="test_all_5_sources_present" time="0.081" /><testcase classname="backend.tests.test_sawali_iter16.TestTimelineShape" name="test_event_content_includes_source_fields" time="0.069" /><testcase classname="backend.tests.test_sawali_iter16.TestTimelineShape" name="test_events_sorted_desc_by_ts" time="0.079" /><testcase classname="backend.tests.test_sawali_iter16.TestTimelineFilters" name="test_types_whatsapp_only" time="0.074" /><testcase classname="backend.tests.test_sawali_iter16.TestTimelineFilters" name="test_types_appt_and_intervention" time="0.092" /><testcase classname="backend.tests.test_sawali_iter16.TestTimelineLimit" name="test_limit_caps_results" time="0.083" /><testcase classname="backend.tests.test_sawali_iter16.TestTimelineLimit" name="test_default_limit_smoke" time="0.171" /><testcase classname="backend.tests.test_sawali_iter17.TestNotes" name="test_auth_no_token" time="1.200" /><testcase classname="backend.tests.test_sawali_iter17.TestNotes" name="test_auth_non_admin_forbidden" time="0.068" /><testcase classname="backend.tests.test_sawali_iter17.TestNotes" name="test_list_empty" time="0.075" /><testcase classname="backend.tests.test_sawali_iter17.TestNotes" name="test_create_empty_text_400" time="0.065" /><testcase classname="backend.tests.test_sawali_iter17.TestNotes" name="test_create_too_long_400" time="0.083" /><testcase classname="backend.tests.test_sawali_iter17.TestNotes" name="test_create_ok_and_shape" time="0.206" /><testcase classname="backend.tests.test_sawali_iter17.TestNotes" name="test_delete_unknown_404" time="0.076" /><testcase classname="backend.tests.test_sawali_iter17.TestNotes" name="test_delete_ok" time="0.185" /><testcase classname="backend.tests.test_sawali_iter17.TestTasks" name="test_auth_no_token" time="0.078" /><testcase classname="backend.tests.test_sawali_iter17.TestTasks" name="test_auth_non_admin_forbidden" time="0.066" /><testcase classname="backend.tests.test_sawali_iter17.TestTasks" name="test_create_empty_title_400" time="0.078" /><testcase classname="backend.tests.test_sawali_iter17.TestTasks" name="test_create_bad_due_at_400" time="0.076" /><testcase classname="backend.tests.test_sawali_iter17.TestTasks" name="test_create_ok_and_shape" time="0.068" /><testcase classname="backend.tests.test_sawali_iter17.TestTasks" name="test_update_bad_status_400" time="0.099" /><testcase classname="backend.tests.test_sawali_iter17.TestTasks" name="test_update_unknown_404" time="0.089" /><testcase classname="backend.tests.test_sawali_iter17.TestTasks" name="test_update_ok_and_persist" time="0.178" /><testcase classname="backend.tests.test_sawali_iter17.TestTasks" name="test_delete_unknown_404" time="0.116" /><testcase classname="backend.tests.test_sawali_iter17.TestTasks" name="test_delete_ok" time="0.071" /><testcase classname="backend.tests.test_sawali_iter17.TestTimelineNotesTasks" name="test_counts_has_note_and_task_keys" time="0.261" /><testcase classname="backend.tests.test_sawali_iter17.TestTimelineNotesTasks" name="test_filter_types_note_only" time="0.076" /><testcase classname="backend.tests.test_sawali_iter17.TestTimelineNotesTasks" name="test_filter_types_task_only" time="0.091" /><testcase classname="backend.tests.test_sawali_iter17.TestAutomationEvent" name="test_events_endpoint_has_task_reminder" time="0.080" /><testcase classname="backend.tests.test_sawali_iter17.TestAutomationEvent" name="test_create_automation_task_reminder_ok" time="0.164" /><testcase classname="backend.tests.test_sawali_iter17.TestTaskReminderCron" name="test_cron_stamps_and_fires_then_idempotent" time="0.102" /><testcase classname="backend.tests.test_sawali_iter18.TestPolicyList" name="test_list_unauth_401" time="0.123" /><testcase classname="backend.tests.test_sawali_iter18.TestPolicyList" name="test_list_non_admin_403" time="0.090" /><testcase classname="backend.tests.test_sawali_iter18.TestPolicyList" name="test_list_admin_returns_three_slots" time="0.448" /><testcase classname="backend.tests.test_sawali_iter18.TestPolicyList" name="test_list_seed_present_true" time="0.063" /><testcase classname="backend.tests.test_sawali_iter18.TestPolicyUpload" name="test_upload_bad_slot_400" time="0.078" /><testcase classname="backend.tests.test_sawali_iter18.TestPolicyUpload" name="test_upload_non_pdf_400" time="0.097" /><testcase classname="backend.tests.test_sawali_iter18.TestPolicyUpload" name="test_upload_empty_file_400" time="0.062" /><testcase classname="backend.tests.test_sawali_iter18.TestPolicyUpload" name="test_upload_too_large_413" time="0.402" /><testcase classname="backend.tests.test_sawali_iter18.TestPolicyUpload" name="test_upload_happy_and_replace_atomic" time="0.149" /><testcase classname="backend.tests.test_sawali_iter18.TestPolicyUpload" name="test_upload_only_pdf_extension_accepted" time="0.072" /><testcase classname="backend.tests.test_sawali_iter18.TestPolicyDelete" name="test_delete_bad_slot_400" time="0.085" /><testcase classname="backend.tests.test_sawali_iter18.TestPolicyDelete" name="test_delete_then_list_shows_absent" time="0.258" /><testcase classname="backend.tests.test_sawali_iter18.TestPublicPolicy" name="test_public_no_auth_required_bad_slot_404" time="0.080" /><testcase classname="backend.tests.test_sawali_iter18.TestPublicPolicy" name="test_public_missing_returns_404" time="0.146" /><testcase classname="backend.tests.test_sawali_iter18.TestPublicPolicy" name="test_public_happy_path_pdf_inline_bytes_match" time="0.679" /></testsuite></testsuites>