<?xml version="1.0" encoding="utf-8"?><testsuites name="pytest tests"><testsuite name="pytest" errors="0" failures="0" skipped="0" tests="14" time="5.164" timestamp="2026-05-06T20:40:23.099322+00:00" hostname="agent-env-fe9c72a9-12c7-48bd-96d7-9b73e074fc25"><testcase classname="backend.tests.test_sawali_iter22.TestAdminUsageSummary" name="test_default_days_30" time="0.483" /><testcase classname="backend.tests.test_sawali_iter22.TestAdminUsageSummary" name="test_days_7" time="0.072" /><testcase classname="backend.tests.test_sawali_iter22.TestAdminUsageSummary" name="test_days_clamp" time="0.149" /><testcase classname="backend.tests.test_sawali_iter22.TestAdminUsageSummary" name="test_per_client_shape_and_sort" time="0.103" /><testcase classname="backend.tests.test_sawali_iter22.TestAdminUsageSummary" name="test_requires_admin" time="0.080" /><testcase classname="backend.tests.test_sawali_iter22.TestAuthOtpPerDomain" name="test_admin_internal_message" time="0.322" /><testcase classname="backend.tests.test_sawali_iter22.TestAuthOtpPerDomain" name="test_external_user_smtp_unconfigured_fallback" time="0.525" /><testcase classname="backend.tests.test_sawali_iter22.TestAuthOtpPerDomain" name="test_internal_domains_override" time="0.662" /><testcase classname="backend.tests.test_sawali_iter22.TestAppointmentsSharedScope" name="test_admin_create_and_outbound_safe" time="0.320" /><testcase classname="backend.tests.test_sawali_iter22.TestAppointmentsSharedScope" name="test_tracked_user_shares_parent_scope" time="0.905" /><testcase classname="backend.tests.test_sawali_iter22.TestInboundAgendaWebhook" name="test_disabled_returns_503" time="0.180" /><testcase classname="backend.tests.test_sawali_iter22.TestInboundAgendaWebhook" name="test_wrong_secret_403" time="0.144" /><testcase classname="backend.tests.test_sawali_iter22.TestInboundAgendaWebhook" name="test_full_crud_via_webhook" time="0.850" /><testcase classname="backend.tests.test_sawali_iter22.TestAgendaSettingsMasking" name="test_settings_persist_and_mask" time="0.215" /></testsuite></testsuites>