<?xml version="1.0" encoding="utf-8"?><testsuites name="pytest tests"><testsuite name="pytest" errors="0" failures="0" skipped="0" tests="10" time="1.541" timestamp="2026-07-27T19:02:02.705995+00:00" hostname="agent-env-fe9c72a9-12c7-48bd-96d7-9b73e074fc25"><testcase classname="backend.tests.test_wa_notification_sound" name="test_presets_public" time="0.008" /><testcase classname="backend.tests.test_wa_notification_sound" name="test_get_config_default" time="0.240" /><testcase classname="backend.tests.test_wa_notification_sound" name="test_put_config_roundtrip" time="0.012" /><testcase classname="backend.tests.test_wa_notification_sound" name="test_put_config_rejects_invalid_preset" time="0.004" /><testcase classname="backend.tests.test_wa_notification_sound" name="test_put_config_rejects_volume_out_of_range" time="0.004" /><testcase classname="backend.tests.test_wa_notification_sound" name="test_me_features_exposes_sound_config" time="0.003" /><testcase classname="backend.tests.test_wa_notification_sound" name="test_upload_rejects_wrong_extension" time="0.004" /><testcase classname="backend.tests.test_wa_notification_sound" name="test_upload_rejects_wrong_mime" time="0.004" /><testcase classname="backend.tests.test_wa_notification_sound" name="test_upload_rejects_oversized" time="0.007" /><testcase classname="backend.tests.test_wa_notification_sound" name="test_upload_success_and_sets_custom_preset" time="1.167" /></testsuite></testsuites>